#
# There is insufficient memory for the Java Runtime Environment to continue.
# Native memory allocation (malloc) failed to allocate 1460288 bytes for Chunk::new
# Possible reasons:
#   The system is out of physical RAM or swap space
#   The process is running with CompressedOops enabled, and the Java Heap may be blocking the growth of the native heap
# Possible solutions:
#   Reduce memory load on the system
#   Increase physical memory or swap space
#   Check if swap backing store is full
#   Decrease Java heap size (-Xmx/-Xms)
#   Decrease number of Java threads
#   Decrease Java thread stack sizes (-Xss)
#   Set larger code cache with -XX:ReservedCodeCacheSize=
#   JVM is running with Unscaled Compressed Oops mode in which the Java heap is
#     placed in the first 4GB address space. The Java Heap base address is the
#     maximum limit for the native heap growth. Please use -XX:HeapBaseMinAddress
#     to set the Java Heap base and to place the Java Heap above 4GB virtual address.
# This output file may be truncated or incomplete.
#
#  Out of Memory Error (arena.cpp:168), pid=31260, tid=19184
#
# JRE version: Java(TM) SE Runtime Environment (21.0.8+12) (build 21.0.8+12-LTS-250)
# Java VM: Java HotSpot(TM) 64-Bit Server VM (21.0.8+12-LTS-250, mixed mode, sharing, tiered, compressed oops, compressed class ptrs, g1 gc, windows-amd64)
# No core dump will be written. Minidumps are not enabled by default on client versions of Windows
#

---------------  S U M M A R Y ------------

Command Line: --enable-native-access=ALL-UNNAMED -Dclassworlds.conf=C:\Users\tejas\.m2\wrapper\dists\apache-maven-3.9.10\a38810a491b03367137adfdfbe7d14c4\bin\m2.conf -Dmaven.home=C:\Users\tejas\.m2\wrapper\dists\apache-maven-3.9.10\a38810a491b03367137adfdfbe7d14c4 -Dlibrary.jansi.path=C:\Users\tejas\.m2\wrapper\dists\apache-maven-3.9.10\a38810a491b03367137adfdfbe7d14c4\lib\jansi-native -Dmaven.multiModuleProjectDirectory=C:\Users\tejas\OneDrive\Desktop\travelapp_project\travelapp\travel-app-backend org.codehaus.plexus.classworlds.launcher.Launcher spring-boot:run

Host: 11th Gen Intel(R) Core(TM) i5-1135G7 @ 2.40GHz, 8 cores, 7G,  Windows 11 , 64 bit Build 26100 (10.0.26100.4768)
Time: Sun Aug 17 10:27:23 2025 India Standard Time elapsed time: 4.308168 seconds (0d 0h 0m 4s)

---------------  T H R E A D  ---------------

Current thread (0x000001976b87dc90):  JavaThread "C2 CompilerThread0" daemon [_thread_in_native, id=19184, stack(0x000000632e000000,0x000000632e100000) (1024K)]


Current CompileTask:
C2:   4308 4019   !   4       org.codehaus.plexus.interpolation.StringSearchInterpolator::interpolate (692 bytes)

Stack: [0x000000632e000000,0x000000632e100000]
Native frames: (J=compiled Java code, j=interpreted, Vv=VM code, C=native code)
V  [jvm.dll+0x6cc179]
V  [jvm.dll+0x8584c1]
V  [jvm.dll+0x85a9ee]
V  [jvm.dll+0x85b0c3]
V  [jvm.dll+0x27ebf6]
V  [jvm.dll+0xc4f4d]
V  [jvm.dll+0xc5483]
V  [jvm.dll+0x3b6abc]
V  [jvm.dll+0x1e0363]
V  [jvm.dll+0x2477c2]
V  [jvm.dll+0x246c4f]
V  [jvm.dll+0x1c7a3e]
V  [jvm.dll+0x256359]
V  [jvm.dll+0x2548ea]
V  [jvm.dll+0x3efef6]
V  [jvm.dll+0x80279b]
V  [jvm.dll+0x6ca85d]
C  [ucrtbase.dll+0x37b0]
C  [KERNEL32.DLL+0x2e8d7]
C  [ntdll.dll+0x3c34c]


---------------  P R O C E S S  ---------------

Threads class SMR info:
_java_thread_list=0x000001977109f680, length=13, elements={
0x000001974cc46d20, 0x000001976b868d40, 0x000001976b869990, 0x000001976b86e8c0,
0x000001976b871920, 0x000001976b872370, 0x000001976b872dc0, 0x000001976b87dc90,
0x000001976b883200, 0x000001976bb0ef10, 0x000001976bb15760, 0x00000197710a97e0,
0x0000019770ed04d0
}

Java Threads: ( => current thread )
  0x000001974cc46d20 JavaThread "main"                              [_thread_in_Java, id=16412, stack(0x000000632d200000,0x000000632d300000) (1024K)]
  0x000001976b868d40 JavaThread "Reference Handler"          daemon [_thread_blocked, id=27244, stack(0x000000632da00000,0x000000632db00000) (1024K)]
  0x000001976b869990 JavaThread "Finalizer"                  daemon [_thread_blocked, id=29440, stack(0x000000632db00000,0x000000632dc00000) (1024K)]
  0x000001976b86e8c0 JavaThread "Signal Dispatcher"          daemon [_thread_blocked, id=31244, stack(0x000000632dc00000,0x000000632dd00000) (1024K)]
  0x000001976b871920 JavaThread "Attach Listener"            daemon [_thread_blocked, id=14292, stack(0x000000632dd00000,0x000000632de00000) (1024K)]
  0x000001976b872370 JavaThread "Service Thread"             daemon [_thread_blocked, id=33848, stack(0x000000632de00000,0x000000632df00000) (1024K)]
  0x000001976b872dc0 JavaThread "Monitor Deflation Thread"   daemon [_thread_blocked, id=33380, stack(0x000000632df00000,0x000000632e000000) (1024K)]
=>0x000001976b87dc90 JavaThread "C2 CompilerThread0"         daemon [_thread_in_native, id=19184, stack(0x000000632e000000,0x000000632e100000) (1024K)]
  0x000001976b883200 JavaThread "C1 CompilerThread0"         daemon [_thread_blocked, id=28192, stack(0x000000632e100000,0x000000632e200000) (1024K)]
  0x000001976bb0ef10 JavaThread "Notification Thread"        daemon [_thread_blocked, id=32540, stack(0x000000632e200000,0x000000632e300000) (1024K)]
  0x000001976bb15760 JavaThread "Common-Cleaner"             daemon [_thread_blocked, id=22372, stack(0x000000632e300000,0x000000632e400000) (1024K)]
  0x00000197710a97e0 JavaThread "Thread-1"                   daemon [_thread_blocked, id=29964, stack(0x000000632e500000,0x000000632e600000) (1024K)]
  0x0000019770ed04d0 JavaThread "C2 CompilerThread1"         daemon [_thread_in_native, id=23532, stack(0x000000632ec00000,0x000000632ed00000) (1024K)]
Total: 13

Other Threads:
  0x000001976b84acd0 VMThread "VM Thread"                           [id=24172, stack(0x000000632d900000,0x000000632da00000) (1024K)]
  0x000001976b838830 WatcherThread "VM Periodic Task Thread"        [id=31320, stack(0x000000632d800000,0x000000632d900000) (1024K)]
  0x000001974efadf00 WorkerThread "GC Thread#0"                     [id=15028, stack(0x000000632d300000,0x000000632d400000) (1024K)]
  0x000001977050bf20 WorkerThread "GC Thread#1"                     [id=20044, stack(0x000000632e400000,0x000000632e500000) (1024K)]
  0x000001977050c2c0 WorkerThread "GC Thread#2"                     [id=22884, stack(0x000000632e600000,0x000000632e700000) (1024K)]
  0x00000197709d6c70 WorkerThread "GC Thread#3"                     [id=17500, stack(0x000000632e700000,0x000000632e800000) (1024K)]
  0x00000197701aef20 WorkerThread "GC Thread#4"                     [id=28968, stack(0x000000632e800000,0x000000632e900000) (1024K)]
  0x0000019770ac35e0 WorkerThread "GC Thread#5"                     [id=34608, stack(0x000000632e900000,0x000000632ea00000) (1024K)]
  0x0000019770ac3980 WorkerThread "GC Thread#6"                     [id=33288, stack(0x000000632ea00000,0x000000632eb00000) (1024K)]
  0x0000019770ac3d20 WorkerThread "GC Thread#7"                     [id=15732, stack(0x000000632eb00000,0x000000632ec00000) (1024K)]
  0x000001974efbf630 ConcurrentGCThread "G1 Main Marker"            [id=8128, stack(0x000000632d400000,0x000000632d500000) (1024K)]
  0x000001974efc0040 WorkerThread "G1 Conc#0"                       [id=18632, stack(0x000000632d500000,0x000000632d600000) (1024K)]
  0x000001976b703580 ConcurrentGCThread "G1 Refine#0"               [id=18168, stack(0x000000632d600000,0x000000632d700000) (1024K)]
  0x000001976b703da0 ConcurrentGCThread "G1 Service"                [id=14632, stack(0x000000632d700000,0x000000632d800000) (1024K)]
Total: 14

Threads with active compile tasks:
C2 CompilerThread0     4336 4019   !   4       org.codehaus.plexus.interpolation.StringSearchInterpolator::interpolate (692 bytes)
C2 CompilerThread1     4336 4160   !   4       org.apache.maven.model.Plugin::clone (204 bytes)
Total: 2

VM state: not at safepoint (normal execution)

VM Mutex/Monitor currently owned by a thread: None

Heap address: 0x0000000083200000, size: 1998 MB, Compressed Oops mode: 32-bit

CDS archive(s) mapped at: [0x0000019700000000-0x0000019700c90000-0x0000019700c90000), size 13172736, SharedBaseAddress: 0x0000019700000000, ArchiveRelocationMode: 1.
Compressed class space mapped at: 0x0000019701000000-0x0000019741000000, reserved size: 1073741824
Narrow klass base: 0x0000019700000000, Narrow klass shift: 0, Narrow klass range: 0x100000000

GC Precious Log:
 CardTable entry size: 512
 Card Set container configuration: InlinePtr #cards 5 size 8 Array Of Cards #cards 12 size 40 Howl #buckets 4 coarsen threshold 1843 Howl Bitmap #cards 512 size 80 coarsen threshold 460 Card regions per heap region 1 cards per card region 2048
 CPUs: 8 total, 8 available
 Memory: 7987M
 Large Page Support: Disabled
 NUMA Support: Disabled
 Compressed Oops: Enabled (32-bit)
 Heap Region Size: 1M
 Heap Min Capacity: 8M
 Heap Initial Capacity: 126M
 Heap Max Capacity: 1998M
 Pre-touch: Disabled
 Parallel Workers: 8
 Concurrent Workers: 2
 Concurrent Refinement Workers: 8
 Periodic GC: Disabled

Heap:
 garbage-first heap   total 129024K, used 24335K [0x0000000083200000, 0x0000000100000000)
  region size 1024K, 21 young (21504K), 10 survivors (10240K)
 Metaspace       used 16054K, committed 16320K, reserved 1114112K
  class space    used 1842K, committed 1984K, reserved 1048576K

Heap Regions: E=young(eden), S=young(survivor), O=old, HS=humongous(starts), HC=humongous(continues), CS=collection set, F=free, TAMS=top-at-mark-start, PB=parsable bottom
|   0|0x0000000083200000, 0x0000000083300000, 0x0000000083300000|100%| O|  |TAMS 0x0000000083200000| PB 0x0000000083200000| Untracked 
|   1|0x0000000083300000, 0x0000000083400000, 0x0000000083400000|100%| O|  |TAMS 0x0000000083300000| PB 0x0000000083300000| Untracked 
|   2|0x0000000083400000, 0x0000000083500000, 0x0000000083500000|100%| O|  |TAMS 0x0000000083400000| PB 0x0000000083400000| Untracked 
|   3|0x0000000083500000, 0x00000000835c3f98, 0x0000000083600000| 76%| O|  |TAMS 0x0000000083500000| PB 0x0000000083500000| Untracked 
|   4|0x0000000083600000, 0x0000000083600000, 0x0000000083700000|  0%| F|  |TAMS 0x0000000083600000| PB 0x0000000083600000| Untracked 
|   5|0x0000000083700000, 0x0000000083700000, 0x0000000083800000|  0%| F|  |TAMS 0x0000000083700000| PB 0x0000000083700000| Untracked 
|   6|0x0000000083800000, 0x0000000083800000, 0x0000000083900000|  0%| F|  |TAMS 0x0000000083800000| PB 0x0000000083800000| Untracked 
|   7|0x0000000083900000, 0x0000000083900000, 0x0000000083a00000|  0%| F|  |TAMS 0x0000000083900000| PB 0x0000000083900000| Untracked 
|   8|0x0000000083a00000, 0x0000000083a00000, 0x0000000083b00000|  0%| F|  |TAMS 0x0000000083a00000| PB 0x0000000083a00000| Untracked 
|   9|0x0000000083b00000, 0x0000000083b00000, 0x0000000083c00000|  0%| F|  |TAMS 0x0000000083b00000| PB 0x0000000083b00000| Untracked 
|  10|0x0000000083c00000, 0x0000000083c00000, 0x0000000083d00000|  0%| F|  |TAMS 0x0000000083c00000| PB 0x0000000083c00000| Untracked 
|  11|0x0000000083d00000, 0x0000000083d00000, 0x0000000083e00000|  0%| F|  |TAMS 0x0000000083d00000| PB 0x0000000083d00000| Untracked 
|  12|0x0000000083e00000, 0x0000000083e00000, 0x0000000083f00000|  0%| F|  |TAMS 0x0000000083e00000| PB 0x0000000083e00000| Untracked 
|  13|0x0000000083f00000, 0x0000000083f00000, 0x0000000084000000|  0%| F|  |TAMS 0x0000000083f00000| PB 0x0000000083f00000| Untracked 
|  14|0x0000000084000000, 0x0000000084000000, 0x0000000084100000|  0%| F|  |TAMS 0x0000000084000000| PB 0x0000000084000000| Untracked 
|  15|0x0000000084100000, 0x0000000084100000, 0x0000000084200000|  0%| F|  |TAMS 0x0000000084100000| PB 0x0000000084100000| Untracked 
|  16|0x0000000084200000, 0x0000000084200000, 0x0000000084300000|  0%| F|  |TAMS 0x0000000084200000| PB 0x0000000084200000| Untracked 
|  17|0x0000000084300000, 0x0000000084300000, 0x0000000084400000|  0%| F|  |TAMS 0x0000000084300000| PB 0x0000000084300000| Untracked 
|  18|0x0000000084400000, 0x0000000084400000, 0x0000000084500000|  0%| F|  |TAMS 0x0000000084400000| PB 0x0000000084400000| Untracked 
|  19|0x0000000084500000, 0x0000000084500000, 0x0000000084600000|  0%| F|  |TAMS 0x0000000084500000| PB 0x0000000084500000| Untracked 
|  20|0x0000000084600000, 0x0000000084600000, 0x0000000084700000|  0%| F|  |TAMS 0x0000000084600000| PB 0x0000000084600000| Untracked 
|  21|0x0000000084700000, 0x0000000084700000, 0x0000000084800000|  0%| F|  |TAMS 0x0000000084700000| PB 0x0000000084700000| Untracked 
|  22|0x0000000084800000, 0x0000000084800000, 0x0000000084900000|  0%| F|  |TAMS 0x0000000084800000| PB 0x0000000084800000| Untracked 
|  23|0x0000000084900000, 0x0000000084900000, 0x0000000084a00000|  0%| F|  |TAMS 0x0000000084900000| PB 0x0000000084900000| Untracked 
|  24|0x0000000084a00000, 0x0000000084a00000, 0x0000000084b00000|  0%| F|  |TAMS 0x0000000084a00000| PB 0x0000000084a00000| Untracked 
|  25|0x0000000084b00000, 0x0000000084b00000, 0x0000000084c00000|  0%| F|  |TAMS 0x0000000084b00000| PB 0x0000000084b00000| Untracked 
|  26|0x0000000084c00000, 0x0000000084c00000, 0x0000000084d00000|  0%| F|  |TAMS 0x0000000084c00000| PB 0x0000000084c00000| Untracked 
|  27|0x0000000084d00000, 0x0000000084d00000, 0x0000000084e00000|  0%| F|  |TAMS 0x0000000084d00000| PB 0x0000000084d00000| Untracked 
|  28|0x0000000084e00000, 0x0000000084e00000, 0x0000000084f00000|  0%| F|  |TAMS 0x0000000084e00000| PB 0x0000000084e00000| Untracked 
|  29|0x0000000084f00000, 0x0000000084f00000, 0x0000000085000000|  0%| F|  |TAMS 0x0000000084f00000| PB 0x0000000084f00000| Untracked 
|  30|0x0000000085000000, 0x0000000085000000, 0x0000000085100000|  0%| F|  |TAMS 0x0000000085000000| PB 0x0000000085000000| Untracked 
|  31|0x0000000085100000, 0x0000000085100000, 0x0000000085200000|  0%| F|  |TAMS 0x0000000085100000| PB 0x0000000085100000| Untracked 
|  32|0x0000000085200000, 0x0000000085200000, 0x0000000085300000|  0%| F|  |TAMS 0x0000000085200000| PB 0x0000000085200000| Untracked 
|  33|0x0000000085300000, 0x0000000085300000, 0x0000000085400000|  0%| F|  |TAMS 0x0000000085300000| PB 0x0000000085300000| Untracked 
|  34|0x0000000085400000, 0x0000000085400000, 0x0000000085500000|  0%| F|  |TAMS 0x0000000085400000| PB 0x0000000085400000| Untracked 
|  35|0x0000000085500000, 0x0000000085500000, 0x0000000085600000|  0%| F|  |TAMS 0x0000000085500000| PB 0x0000000085500000| Untracked 
|  36|0x0000000085600000, 0x0000000085600000, 0x0000000085700000|  0%| F|  |TAMS 0x0000000085600000| PB 0x0000000085600000| Untracked 
|  37|0x0000000085700000, 0x0000000085700000, 0x0000000085800000|  0%| F|  |TAMS 0x0000000085700000| PB 0x0000000085700000| Untracked 
|  38|0x0000000085800000, 0x0000000085800000, 0x0000000085900000|  0%| F|  |TAMS 0x0000000085800000| PB 0x0000000085800000| Untracked 
|  39|0x0000000085900000, 0x0000000085900000, 0x0000000085a00000|  0%| F|  |TAMS 0x0000000085900000| PB 0x0000000085900000| Untracked 
|  40|0x0000000085a00000, 0x0000000085a00000, 0x0000000085b00000|  0%| F|  |TAMS 0x0000000085a00000| PB 0x0000000085a00000| Untracked 
|  41|0x0000000085b00000, 0x0000000085c00000, 0x0000000085c00000|100%| S|CS|TAMS 0x0000000085b00000| PB 0x0000000085b00000| Complete 
|  42|0x0000000085c00000, 0x0000000085d00000, 0x0000000085d00000|100%| S|CS|TAMS 0x0000000085c00000| PB 0x0000000085c00000| Complete 
|  43|0x0000000085d00000, 0x0000000085e00000, 0x0000000085e00000|100%| S|CS|TAMS 0x0000000085d00000| PB 0x0000000085d00000| Complete 
|  44|0x0000000085e00000, 0x0000000085f00000, 0x0000000085f00000|100%| S|CS|TAMS 0x0000000085e00000| PB 0x0000000085e00000| Complete 
|  45|0x0000000085f00000, 0x0000000086000000, 0x0000000086000000|100%| S|CS|TAMS 0x0000000085f00000| PB 0x0000000085f00000| Complete 
|  46|0x0000000086000000, 0x0000000086100000, 0x0000000086100000|100%| S|CS|TAMS 0x0000000086000000| PB 0x0000000086000000| Complete 
|  47|0x0000000086100000, 0x0000000086200000, 0x0000000086200000|100%| S|CS|TAMS 0x0000000086100000| PB 0x0000000086100000| Complete 
|  48|0x0000000086200000, 0x0000000086300000, 0x0000000086300000|100%| S|CS|TAMS 0x0000000086200000| PB 0x0000000086200000| Complete 
|  49|0x0000000086300000, 0x0000000086400000, 0x0000000086400000|100%| S|CS|TAMS 0x0000000086300000| PB 0x0000000086300000| Complete 
|  50|0x0000000086400000, 0x0000000086500000, 0x0000000086500000|100%| S|CS|TAMS 0x0000000086400000| PB 0x0000000086400000| Complete 
|  51|0x0000000086500000, 0x0000000086500000, 0x0000000086600000|  0%| F|  |TAMS 0x0000000086500000| PB 0x0000000086500000| Untracked 
|  52|0x0000000086600000, 0x0000000086600000, 0x0000000086700000|  0%| F|  |TAMS 0x0000000086600000| PB 0x0000000086600000| Untracked 
|  53|0x0000000086700000, 0x0000000086700000, 0x0000000086800000|  0%| F|  |TAMS 0x0000000086700000| PB 0x0000000086700000| Untracked 
|  54|0x0000000086800000, 0x0000000086800000, 0x0000000086900000|  0%| F|  |TAMS 0x0000000086800000| PB 0x0000000086800000| Untracked 
|  55|0x0000000086900000, 0x0000000086900000, 0x0000000086a00000|  0%| F|  |TAMS 0x0000000086900000| PB 0x0000000086900000| Untracked 
|  56|0x0000000086a00000, 0x0000000086a00000, 0x0000000086b00000|  0%| F|  |TAMS 0x0000000086a00000| PB 0x0000000086a00000| Untracked 
|  57|0x0000000086b00000, 0x0000000086b00000, 0x0000000086c00000|  0%| F|  |TAMS 0x0000000086b00000| PB 0x0000000086b00000| Untracked 
|  58|0x0000000086c00000, 0x0000000086c00000, 0x0000000086d00000|  0%| F|  |TAMS 0x0000000086c00000| PB 0x0000000086c00000| Untracked 
|  59|0x0000000086d00000, 0x0000000086d00000, 0x0000000086e00000|  0%| F|  |TAMS 0x0000000086d00000| PB 0x0000000086d00000| Untracked 
|  60|0x0000000086e00000, 0x0000000086e00000, 0x0000000086f00000|  0%| F|  |TAMS 0x0000000086e00000| PB 0x0000000086e00000| Untracked 
|  61|0x0000000086f00000, 0x0000000086f00000, 0x0000000087000000|  0%| F|  |TAMS 0x0000000086f00000| PB 0x0000000086f00000| Untracked 
|  62|0x0000000087000000, 0x0000000087000000, 0x0000000087100000|  0%| F|  |TAMS 0x0000000087000000| PB 0x0000000087000000| Untracked 
|  63|0x0000000087100000, 0x0000000087100000, 0x0000000087200000|  0%| F|  |TAMS 0x0000000087100000| PB 0x0000000087100000| Untracked 
|  64|0x0000000087200000, 0x0000000087200000, 0x0000000087300000|  0%| F|  |TAMS 0x0000000087200000| PB 0x0000000087200000| Untracked 
|  65|0x0000000087300000, 0x0000000087300000, 0x0000000087400000|  0%| F|  |TAMS 0x0000000087300000| PB 0x0000000087300000| Untracked 
|  66|0x0000000087400000, 0x0000000087400000, 0x0000000087500000|  0%| F|  |TAMS 0x0000000087400000| PB 0x0000000087400000| Untracked 
|  67|0x0000000087500000, 0x0000000087500000, 0x0000000087600000|  0%| F|  |TAMS 0x0000000087500000| PB 0x0000000087500000| Untracked 
|  68|0x0000000087600000, 0x0000000087600000, 0x0000000087700000|  0%| F|  |TAMS 0x0000000087600000| PB 0x0000000087600000| Untracked 
|  69|0x0000000087700000, 0x0000000087700000, 0x0000000087800000|  0%| F|  |TAMS 0x0000000087700000| PB 0x0000000087700000| Untracked 
|  70|0x0000000087800000, 0x0000000087800000, 0x0000000087900000|  0%| F|  |TAMS 0x0000000087800000| PB 0x0000000087800000| Untracked 
|  71|0x0000000087900000, 0x0000000087900000, 0x0000000087a00000|  0%| F|  |TAMS 0x0000000087900000| PB 0x0000000087900000| Untracked 
|  72|0x0000000087a00000, 0x0000000087a00000, 0x0000000087b00000|  0%| F|  |TAMS 0x0000000087a00000| PB 0x0000000087a00000| Untracked 
|  73|0x0000000087b00000, 0x0000000087b00000, 0x0000000087c00000|  0%| F|  |TAMS 0x0000000087b00000| PB 0x0000000087b00000| Untracked 
|  74|0x0000000087c00000, 0x0000000087c00000, 0x0000000087d00000|  0%| F|  |TAMS 0x0000000087c00000| PB 0x0000000087c00000| Untracked 
|  75|0x0000000087d00000, 0x0000000087d00000, 0x0000000087e00000|  0%| F|  |TAMS 0x0000000087d00000| PB 0x0000000087d00000| Untracked 
|  76|0x0000000087e00000, 0x0000000087e00000, 0x0000000087f00000|  0%| F|  |TAMS 0x0000000087e00000| PB 0x0000000087e00000| Untracked 
|  77|0x0000000087f00000, 0x0000000087f00000, 0x0000000088000000|  0%| F|  |TAMS 0x0000000087f00000| PB 0x0000000087f00000| Untracked 
|  78|0x0000000088000000, 0x0000000088000000, 0x0000000088100000|  0%| F|  |TAMS 0x0000000088000000| PB 0x0000000088000000| Untracked 
|  79|0x0000000088100000, 0x0000000088100000, 0x0000000088200000|  0%| F|  |TAMS 0x0000000088100000| PB 0x0000000088100000| Untracked 
|  80|0x0000000088200000, 0x0000000088200000, 0x0000000088300000|  0%| F|  |TAMS 0x0000000088200000| PB 0x0000000088200000| Untracked 
|  81|0x0000000088300000, 0x0000000088300000, 0x0000000088400000|  0%| F|  |TAMS 0x0000000088300000| PB 0x0000000088300000| Untracked 
|  82|0x0000000088400000, 0x0000000088400000, 0x0000000088500000|  0%| F|  |TAMS 0x0000000088400000| PB 0x0000000088400000| Untracked 
|  83|0x0000000088500000, 0x0000000088500000, 0x0000000088600000|  0%| F|  |TAMS 0x0000000088500000| PB 0x0000000088500000| Untracked 
|  84|0x0000000088600000, 0x0000000088600000, 0x0000000088700000|  0%| F|  |TAMS 0x0000000088600000| PB 0x0000000088600000| Untracked 
|  85|0x0000000088700000, 0x0000000088700000, 0x0000000088800000|  0%| F|  |TAMS 0x0000000088700000| PB 0x0000000088700000| Untracked 
|  86|0x0000000088800000, 0x0000000088800000, 0x0000000088900000|  0%| F|  |TAMS 0x0000000088800000| PB 0x0000000088800000| Untracked 
|  87|0x0000000088900000, 0x0000000088900000, 0x0000000088a00000|  0%| F|  |TAMS 0x0000000088900000| PB 0x0000000088900000| Untracked 
|  88|0x0000000088a00000, 0x0000000088a00000, 0x0000000088b00000|  0%| F|  |TAMS 0x0000000088a00000| PB 0x0000000088a00000| Untracked 
|  89|0x0000000088b00000, 0x0000000088b00000, 0x0000000088c00000|  0%| F|  |TAMS 0x0000000088b00000| PB 0x0000000088b00000| Untracked 
|  90|0x0000000088c00000, 0x0000000088c00000, 0x0000000088d00000|  0%| F|  |TAMS 0x0000000088c00000| PB 0x0000000088c00000| Untracked 
|  91|0x0000000088d00000, 0x0000000088d00000, 0x0000000088e00000|  0%| F|  |TAMS 0x0000000088d00000| PB 0x0000000088d00000| Untracked 
|  92|0x0000000088e00000, 0x0000000088e00000, 0x0000000088f00000|  0%| F|  |TAMS 0x0000000088e00000| PB 0x0000000088e00000| Untracked 
|  93|0x0000000088f00000, 0x0000000088f00000, 0x0000000089000000|  0%| F|  |TAMS 0x0000000088f00000| PB 0x0000000088f00000| Untracked 
|  94|0x0000000089000000, 0x0000000089000000, 0x0000000089100000|  0%| F|  |TAMS 0x0000000089000000| PB 0x0000000089000000| Untracked 
|  95|0x0000000089100000, 0x0000000089100000, 0x0000000089200000|  0%| F|  |TAMS 0x0000000089100000| PB 0x0000000089100000| Untracked 
|  96|0x0000000089200000, 0x0000000089200000, 0x0000000089300000|  0%| F|  |TAMS 0x0000000089200000| PB 0x0000000089200000| Untracked 
|  97|0x0000000089300000, 0x0000000089300000, 0x0000000089400000|  0%| F|  |TAMS 0x0000000089300000| PB 0x0000000089300000| Untracked 
|  98|0x0000000089400000, 0x0000000089400000, 0x0000000089500000|  0%| F|  |TAMS 0x0000000089400000| PB 0x0000000089400000| Untracked 
|  99|0x0000000089500000, 0x0000000089500000, 0x0000000089600000|  0%| F|  |TAMS 0x0000000089500000| PB 0x0000000089500000| Untracked 
| 100|0x0000000089600000, 0x0000000089600000, 0x0000000089700000|  0%| F|  |TAMS 0x0000000089600000| PB 0x0000000089600000| Untracked 
| 101|0x0000000089700000, 0x0000000089700000, 0x0000000089800000|  0%| F|  |TAMS 0x0000000089700000| PB 0x0000000089700000| Untracked 
| 102|0x0000000089800000, 0x0000000089800000, 0x0000000089900000|  0%| F|  |TAMS 0x0000000089800000| PB 0x0000000089800000| Untracked 
| 103|0x0000000089900000, 0x0000000089900000, 0x0000000089a00000|  0%| F|  |TAMS 0x0000000089900000| PB 0x0000000089900000| Untracked 
| 104|0x0000000089a00000, 0x0000000089a00000, 0x0000000089b00000|  0%| F|  |TAMS 0x0000000089a00000| PB 0x0000000089a00000| Untracked 
| 105|0x0000000089b00000, 0x0000000089b00000, 0x0000000089c00000|  0%| F|  |TAMS 0x0000000089b00000| PB 0x0000000089b00000| Untracked 
| 106|0x0000000089c00000, 0x0000000089c00000, 0x0000000089d00000|  0%| F|  |TAMS 0x0000000089c00000| PB 0x0000000089c00000| Untracked 
| 107|0x0000000089d00000, 0x0000000089d00000, 0x0000000089e00000|  0%| F|  |TAMS 0x0000000089d00000| PB 0x0000000089d00000| Untracked 
| 108|0x0000000089e00000, 0x0000000089e00000, 0x0000000089f00000|  0%| F|  |TAMS 0x0000000089e00000| PB 0x0000000089e00000| Untracked 
| 109|0x0000000089f00000, 0x0000000089f00000, 0x000000008a000000|  0%| F|  |TAMS 0x0000000089f00000| PB 0x0000000089f00000| Untracked 
| 110|0x000000008a000000, 0x000000008a000000, 0x000000008a100000|  0%| F|  |TAMS 0x000000008a000000| PB 0x000000008a000000| Untracked 
| 111|0x000000008a100000, 0x000000008a100000, 0x000000008a200000|  0%| F|  |TAMS 0x000000008a100000| PB 0x000000008a100000| Untracked 
| 112|0x000000008a200000, 0x000000008a200000, 0x000000008a300000|  0%| F|  |TAMS 0x000000008a200000| PB 0x000000008a200000| Untracked 
| 113|0x000000008a300000, 0x000000008a300000, 0x000000008a400000|  0%| F|  |TAMS 0x000000008a300000| PB 0x000000008a300000| Untracked 
| 114|0x000000008a400000, 0x000000008a400000, 0x000000008a500000|  0%| F|  |TAMS 0x000000008a400000| PB 0x000000008a400000| Untracked 
| 115|0x000000008a500000, 0x000000008a600000, 0x000000008a600000|100%| E|  |TAMS 0x000000008a500000| PB 0x000000008a500000| Complete 
| 116|0x000000008a600000, 0x000000008a700000, 0x000000008a700000|100%| E|CS|TAMS 0x000000008a600000| PB 0x000000008a600000| Complete 
| 117|0x000000008a700000, 0x000000008a800000, 0x000000008a800000|100%| E|CS|TAMS 0x000000008a700000| PB 0x000000008a700000| Complete 
| 118|0x000000008a800000, 0x000000008a900000, 0x000000008a900000|100%| E|CS|TAMS 0x000000008a800000| PB 0x000000008a800000| Complete 
| 119|0x000000008a900000, 0x000000008aa00000, 0x000000008aa00000|100%| E|CS|TAMS 0x000000008a900000| PB 0x000000008a900000| Complete 
| 120|0x000000008aa00000, 0x000000008ab00000, 0x000000008ab00000|100%| E|CS|TAMS 0x000000008aa00000| PB 0x000000008aa00000| Complete 
| 121|0x000000008ab00000, 0x000000008ac00000, 0x000000008ac00000|100%| E|CS|TAMS 0x000000008ab00000| PB 0x000000008ab00000| Complete 
| 122|0x000000008ac00000, 0x000000008ad00000, 0x000000008ad00000|100%| E|CS|TAMS 0x000000008ac00000| PB 0x000000008ac00000| Complete 
| 123|0x000000008ad00000, 0x000000008ae00000, 0x000000008ae00000|100%| E|CS|TAMS 0x000000008ad00000| PB 0x000000008ad00000| Complete 
| 124|0x000000008ae00000, 0x000000008af00000, 0x000000008af00000|100%| E|CS|TAMS 0x000000008ae00000| PB 0x000000008ae00000| Complete 
| 125|0x000000008af00000, 0x000000008b000000, 0x000000008b000000|100%| E|CS|TAMS 0x000000008af00000| PB 0x000000008af00000| Complete 

Card table byte_map: [0x0000019766b10000,0x0000019766f00000] _byte_map_base: 0x00000197666f7000

Marking Bits: (CMBitMap*) 0x000001974efae510
 Bits: [0x0000019766f00000, 0x0000019768e38000)

Polling page: 0x000001974d110000

Metaspace:

Usage:
  Non-class:     13.89 MB used.
      Class:      1.80 MB used.
       Both:     15.69 MB used.

Virtual space:
  Non-class space:       64.00 MB reserved,      14.00 MB ( 22%) committed,  1 nodes.
      Class space:        1.00 GB reserved,       1.94 MB ( <1%) committed,  1 nodes.
             Both:        1.06 GB reserved,      15.94 MB (  1%) committed. 

Chunk freelists:
   Non-Class:  1.69 MB
       Class:  13.94 MB
        Both:  15.63 MB

MaxMetaspaceSize: unlimited
CompressedClassSpaceSize: 1.00 GB
Initial GC threshold: 21.00 MB
Current GC threshold: 21.00 MB
CDS: on
 - commit_granule_bytes: 65536.
 - commit_granule_words: 8192.
 - virtual_space_node_default_size: 8388608.
 - enlarge_chunks_in_place: 1.
 - use_allocation_guard: 0.


Internal statistics:

num_allocs_failed_limit: 0.
num_arena_births: 180.
num_arena_deaths: 0.
num_vsnodes_births: 2.
num_vsnodes_deaths: 0.
num_space_committed: 255.
num_space_uncommitted: 0.
num_chunks_returned_to_freelist: 0.
num_chunks_taken_from_freelist: 704.
num_chunk_merges: 0.
num_chunk_splits: 494.
num_chunks_enlarged: 408.
num_inconsistent_stats: 0.

CodeHeap 'non-profiled nmethods': size=120000Kb used=1947Kb max_used=1947Kb free=118052Kb
 bounds [0x000001975eec0000, 0x000001975f130000, 0x00000197663f0000]
CodeHeap 'profiled nmethods': size=120000Kb used=8431Kb max_used=8431Kb free=111568Kb
 bounds [0x00000197573f0000, 0x0000019757c30000, 0x000001975e920000]
CodeHeap 'non-nmethods': size=5760Kb used=1541Kb max_used=1591Kb free=4218Kb
 bounds [0x000001975e920000, 0x000001975eb90000, 0x000001975eec0000]
 total_blobs=4662 nmethods=4170 adapters=396
 compilation: enabled
              stopped_count=0, restarted_count=0
 full_count=0

Compilation events (20 events):
Event: 3.286 Thread 0x000001976b883200 4142       3       org.eclipse.aether.util.repository.DefaultMirrorSelector::getMirror (117 bytes)
Event: 3.287 Thread 0x000001976b883200 nmethod 4142 0x0000019757c1b810 code [0x0000019757c1bb00, 0x0000019757c1c7c8]
Event: 3.287 Thread 0x000001976b883200 4144       3       org.apache.maven.model.validation.DefaultModelValidator::validateDependencyVersion (25 bytes)
Event: 3.288 Thread 0x000001976b883200 nmethod 4144 0x0000019757c1cc90 code [0x0000019757c1ce60, 0x0000019757c1d068]
Event: 3.288 Thread 0x000001976b883200 4145       3       org.eclipse.aether.graph.Dependency::setArtifact (36 bytes)
Event: 3.288 Thread 0x000001976b883200 nmethod 4145 0x0000019757c1d190 code [0x0000019757c1d360, 0x0000019757c1d6a0]
Event: 3.288 Thread 0x000001976b883200 4146       1       org.eclipse.aether.graph.DefaultDependencyNode::getChildren (5 bytes)
Event: 3.288 Thread 0x000001976b883200 nmethod 4146 0x000001975f0a3c90 code [0x000001975f0a3e20, 0x000001975f0a3ee8]
Event: 3.293 Thread 0x0000019770ed04d0 4147       4       com.google.inject.internal.InjectorImpl::enterContext (65 bytes)
Event: 3.293 Thread 0x000001976b883200 4148       3       org.apache.maven.model.Model::getDevelopers (23 bytes)
Event: 3.294 Thread 0x000001976b883200 nmethod 4148 0x0000019757c1d810 code [0x0000019757c1d9e0, 0x0000019757c1ddd0]
Event: 3.298 Thread 0x000001976b883200 4149       3       java.lang.System$2::getEnumConstantsShared (8 bytes)
Event: 3.298 Thread 0x000001976b883200 nmethod 4149 0x0000019757c1df10 code [0x0000019757c1e0c0, 0x0000019757c1e2f8]
Event: 3.299 Thread 0x000001976b883200 4150   !   3       org.apache.maven.model.Scm::clone (73 bytes)
Event: 3.300 Thread 0x000001976b883200 nmethod 4150 0x0000019757c1e410 code [0x0000019757c1e6e0, 0x0000019757c1f410]
Event: 3.300 Thread 0x000001976b883200 4151       3       org.eclipse.aether.repository.RemoteRepository::copy (37 bytes)
Event: 3.300 Thread 0x000001976b883200 nmethod 4151 0x0000019757c1f990 code [0x0000019757c1fbe0, 0x0000019757c20528]
Event: 3.301 Thread 0x000001976b883200 4153       1       org.eclipse.aether.repository.RemoteRepository::getUrl (5 bytes)
Event: 3.301 Thread 0x000001976b883200 nmethod 4153 0x000001975f0a3f90 code [0x000001975f0a4120, 0x000001975f0a41e8]
Event: 3.305 Thread 0x000001976b883200 4154       3       org.apache.maven.model.interpolation.StringVisitorModelInterpolator$ModelVisitor::visit (84 bytes)

GC Heap History (6 events):
Event: 0.718 GC heap before
{Heap before GC invocations=0 (full 0):
 garbage-first heap   total 129024K, used 22528K [0x0000000083200000, 0x0000000100000000)
  region size 1024K, 23 young (23552K), 0 survivors (0K)
 Metaspace       used 5621K, committed 5824K, reserved 1114112K
  class space    used 653K, committed 768K, reserved 1048576K
}
Event: 0.725 GC heap after
{Heap after GC invocations=1 (full 0):
 garbage-first heap   total 129024K, used 3727K [0x0000000083200000, 0x0000000100000000)
  region size 1024K, 3 young (3072K), 3 survivors (3072K)
 Metaspace       used 5621K, committed 5824K, reserved 1114112K
  class space    used 653K, committed 768K, reserved 1048576K
}
Event: 1.399 GC heap before
{Heap before GC invocations=1 (full 0):
 garbage-first heap   total 129024K, used 35471K [0x0000000083200000, 0x0000000100000000)
  region size 1024K, 34 young (34816K), 3 survivors (3072K)
 Metaspace       used 9958K, committed 10112K, reserved 1114112K
  class space    used 1174K, committed 1280K, reserved 1048576K
}
Event: 1.405 GC heap after
{Heap after GC invocations=2 (full 0):
 garbage-first heap   total 129024K, used 5749K [0x0000000083200000, 0x0000000100000000)
  region size 1024K, 2 young (2048K), 2 survivors (2048K)
 Metaspace       used 9958K, committed 10112K, reserved 1114112K
  class space    used 1174K, committed 1280K, reserved 1048576K
}
Event: 3.150 GC heap before
{Heap before GC invocations=2 (full 0):
 garbage-first heap   total 129024K, used 80501K [0x0000000083200000, 0x0000000100000000)
  region size 1024K, 75 young (76800K), 2 survivors (2048K)
 Metaspace       used 15930K, committed 16192K, reserved 1114112K
  class space    used 1840K, committed 1920K, reserved 1048576K
}
Event: 3.165 GC heap after
{Heap after GC invocations=3 (full 0):
 garbage-first heap   total 129024K, used 14095K [0x0000000083200000, 0x0000000100000000)
  region size 1024K, 10 young (10240K), 10 survivors (10240K)
 Metaspace       used 15930K, committed 16192K, reserved 1114112K
  class space    used 1840K, committed 1920K, reserved 1048576K
}

Dll operation events (8 events):
Event: 0.007 Loaded shared library C:\Program Files\Java\jdk-21\bin\java.dll
Event: 0.036 Loaded shared library C:\Program Files\Java\jdk-21\bin\jsvml.dll
Event: 0.054 Loaded shared library C:\Program Files\Java\jdk-21\bin\net.dll
Event: 0.057 Loaded shared library C:\Program Files\Java\jdk-21\bin\nio.dll
Event: 0.062 Loaded shared library C:\Program Files\Java\jdk-21\bin\zip.dll
Event: 0.237 Loaded shared library C:\Program Files\Java\jdk-21\bin\jimage.dll
Event: 0.240 Loaded shared library C:\Users\tejas\.m2\wrapper\dists\apache-maven-3.9.10\a38810a491b03367137adfdfbe7d14c4\lib\jansi-native\Windows\x86_64\jansi.dll
Event: 0.259 Loaded shared library C:\Program Files\Java\jdk-21\bin\verify.dll

Deoptimization events (20 events):
Event: 3.080 Thread 0x000001974cc46d20 Uncommon trap: trap_request=0xffffffbe fr.pc=0x000001975f08f534 relative=0x0000000000001154
Event: 3.080 Thread 0x000001974cc46d20 Uncommon trap: reason=profile_predicate action=maybe_recompile pc=0x000001975f08f534 method=java.util.concurrent.ConcurrentHashMap.putAll(Ljava/util/Map;)V @ 28 c2
Event: 3.080 Thread 0x000001974cc46d20 DEOPT PACKING pc=0x000001975f08f534 sp=0x000000632d2fbc20
Event: 3.080 Thread 0x000001974cc46d20 DEOPT UNPACKING pc=0x000001975e977da2 sp=0x000000632d2fbc00 mode 2
Event: 3.100 Thread 0x000001974cc46d20 Uncommon trap: trap_request=0xffffffbe fr.pc=0x000001975f092c60 relative=0x0000000000000320
Event: 3.100 Thread 0x000001974cc46d20 Uncommon trap: reason=profile_predicate action=maybe_recompile pc=0x000001975f092c60 method=java.util.regex.Pattern$Slice.match(Ljava/util/regex/Matcher;ILjava/lang/CharSequence;)Z @ 18 c2
Event: 3.100 Thread 0x000001974cc46d20 DEOPT PACKING pc=0x000001975f092c60 sp=0x000000632d2fc0d0
Event: 3.100 Thread 0x000001974cc46d20 DEOPT UNPACKING pc=0x000001975e977da2 sp=0x000000632d2fc060 mode 2
Event: 3.100 Thread 0x000001974cc46d20 Uncommon trap: trap_request=0xffffffbe fr.pc=0x000001975f092c60 relative=0x0000000000000320
Event: 3.100 Thread 0x000001974cc46d20 Uncommon trap: reason=profile_predicate action=maybe_recompile pc=0x000001975f092c60 method=java.util.regex.Pattern$Slice.match(Ljava/util/regex/Matcher;ILjava/lang/CharSequence;)Z @ 18 c2
Event: 3.100 Thread 0x000001974cc46d20 DEOPT PACKING pc=0x000001975f092c60 sp=0x000000632d2fc0d0
Event: 3.100 Thread 0x000001974cc46d20 DEOPT UNPACKING pc=0x000001975e977da2 sp=0x000000632d2fc060 mode 2
Event: 3.100 Thread 0x000001974cc46d20 Uncommon trap: trap_request=0xffffffbe fr.pc=0x000001975f092c60 relative=0x0000000000000320
Event: 3.100 Thread 0x000001974cc46d20 Uncommon trap: reason=profile_predicate action=maybe_recompile pc=0x000001975f092c60 method=java.util.regex.Pattern$Slice.match(Ljava/util/regex/Matcher;ILjava/lang/CharSequence;)Z @ 18 c2
Event: 3.100 Thread 0x000001974cc46d20 DEOPT PACKING pc=0x000001975f092c60 sp=0x000000632d2fc0d0
Event: 3.100 Thread 0x000001974cc46d20 DEOPT UNPACKING pc=0x000001975e977da2 sp=0x000000632d2fc060 mode 2
Event: 3.100 Thread 0x000001974cc46d20 Uncommon trap: trap_request=0xffffffbe fr.pc=0x000001975f092c60 relative=0x0000000000000320
Event: 3.100 Thread 0x000001974cc46d20 Uncommon trap: reason=profile_predicate action=maybe_recompile pc=0x000001975f092c60 method=java.util.regex.Pattern$Slice.match(Ljava/util/regex/Matcher;ILjava/lang/CharSequence;)Z @ 18 c2
Event: 3.100 Thread 0x000001974cc46d20 DEOPT PACKING pc=0x000001975f092c60 sp=0x000000632d2fc0d0
Event: 3.100 Thread 0x000001974cc46d20 DEOPT UNPACKING pc=0x000001975e977da2 sp=0x000000632d2fc060 mode 2

Classes loaded (20 events):
Event: 2.019 Loading class sun/nio/ch/Interruptible done
Event: 2.019 Loading class java/nio/channels/spi/AbstractInterruptibleChannel$1 done
Event: 2.020 Loading class java/util/AbstractMap$2
Event: 2.020 Loading class java/util/AbstractMap$2 done
Event: 2.020 Loading class java/util/AbstractMap$2$1
Event: 2.020 Loading class java/util/AbstractMap$2$1 done
Event: 2.077 Loading class java/util/StringTokenizer
Event: 2.077 Loading class java/util/StringTokenizer done
Event: 2.142 Loading class java/util/stream/Streams$RangeIntSpliterator
Event: 2.142 Loading class java/util/stream/Streams$RangeIntSpliterator done
Event: 2.520 Loading class java/util/stream/MatchOps$MatchKind
Event: 2.520 Loading class java/util/stream/MatchOps$MatchKind done
Event: 2.520 Loading class java/util/stream/MatchOps
Event: 2.520 Loading class java/util/stream/MatchOps done
Event: 2.520 Loading class java/util/stream/MatchOps$MatchOp
Event: 2.521 Loading class java/util/stream/MatchOps$MatchOp done
Event: 2.521 Loading class java/util/stream/MatchOps$BooleanTerminalSink
Event: 2.521 Loading class java/util/stream/MatchOps$BooleanTerminalSink done
Event: 2.521 Loading class java/util/stream/MatchOps$1MatchSink
Event: 2.521 Loading class java/util/stream/MatchOps$1MatchSink done

Classes unloaded (0 events):
No events

Classes redefined (0 events):
No events

Internal exceptions (20 events):
Event: 1.503 Thread 0x000001974cc46d20 Exception <a 'java/lang/NoSuchMethodError'{0x000000008ab36278}: 'java.lang.Object java.lang.invoke.DirectMethodHandle$Holder.invokeSpecial(java.lang.Object, java.lang.Object, java.lang.Object, int, java.lang.Object)'> (0x000000008ab36278) 
thrown [s\open\src\hotspot\share\interpreter\linkResolver.cpp, line 773]
Event: 1.504 Thread 0x000001974cc46d20 Exception <a 'java/lang/NoSuchMethodError'{0x000000008ab3e3b8}: 'int java.lang.invoke.DirectMethodHandle$Holder.invokeSpecial(java.lang.Object, java.lang.Object, java.lang.Object, int)'> (0x000000008ab3e3b8) 
thrown [s\open\src\hotspot\share\interpreter\linkResolver.cpp, line 773]
Event: 1.507 Thread 0x000001974cc46d20 Implicit null exception at 0x000001975ef689da to 0x000001975ef68bd4
Event: 1.510 Thread 0x000001974cc46d20 Exception <a 'java/lang/NoSuchMethodError'{0x000000008ab62d08}: 'java.lang.Object java.lang.invoke.Invokers$Holder.invokeExact_MT(java.lang.Object, int, java.lang.Object)'> (0x000000008ab62d08) 
thrown [s\open\src\hotspot\share\interpreter\linkResolver.cpp, line 773]
Event: 1.727 Thread 0x000001974cc46d20 Exception <a 'java/lang/NoSuchMethodError'{0x000000008a359bf0}: 'void java.lang.invoke.Invokers$Holder.invokeExact_MT(java.lang.Object, java.lang.Object, java.lang.Object, java.lang.Object)'> (0x000000008a359bf0) 
thrown [s\open\src\hotspot\share\interpreter\linkResolver.cpp, line 773]
Event: 1.744 Thread 0x000001974cc46d20 Exception <a 'java/lang/NoClassDefFoundError'{0x000000008a3eff38}: com/google/inject/servlet/ServletModuleTargetVisitor> (0x000000008a3eff38) 
thrown [s\open\src\hotspot\share\classfile\systemDictionary.cpp, line 301]
Event: 1.802 Thread 0x000001974cc46d20 Exception <a 'java/lang/NoSuchMethodError'{0x000000008a1b00b0}: 'void java.lang.invoke.DirectMethodHandle$Holder.invokeVirtual(java.lang.Object, java.lang.Object)'> (0x000000008a1b00b0) 
thrown [s\open\src\hotspot\share\interpreter\linkResolver.cpp, line 773]
Event: 1.837 Thread 0x000001974cc46d20 Exception <a 'java/lang/NoSuchMethodError'{0x000000008a02f928}: 'java.lang.Object java.lang.invoke.DirectMethodHandle$Holder.invokeStaticInit(java.lang.Object, int, int, int, int)'> (0x000000008a02f928) 
thrown [s\open\src\hotspot\share\interpreter\linkResolver.cpp, line 773]
Event: 1.980 Thread 0x000001974cc46d20 Implicit null exception at 0x000001975ef027a4 to 0x000001975ef02e74
Event: 1.980 Thread 0x000001974cc46d20 Implicit null exception at 0x000001975eef14a0 to 0x000001975eef1b60
Event: 2.027 Thread 0x000001974cc46d20 Exception <a 'java/lang/NoSuchMethodError'{0x0000000089bd73d8}: 'void java.lang.invoke.DirectMethodHandle$Holder.invokeSpecial(java.lang.Object, java.lang.Object, java.lang.Object, java.lang.Object, java.lang.Object)'> (0x0000000089bd73d8) 
thrown [s\open\src\hotspot\share\interpreter\linkResolver.cpp, line 773]
Event: 2.028 Thread 0x000001974cc46d20 Exception <a 'java/lang/NoSuchMethodError'{0x0000000089bed328}: 'void java.lang.invoke.DirectMethodHandle$Holder.invokeSpecial(java.lang.Object, java.lang.Object, java.lang.Object, java.lang.Object, java.lang.Object, java.lang.Object)'> (0x0000000089bed328) 
thrown [s\open\src\hotspot\share\interpreter\linkResolver.cpp, line 773]
Event: 2.041 Thread 0x000001974cc46d20 Exception <a 'java/lang/NoSuchMethodError'{0x0000000089ae22b8}: 'java.lang.Object java.lang.invoke.DirectMethodHandle$Holder.invokeVirtual(java.lang.Object, java.lang.Object, java.lang.Object)'> (0x0000000089ae22b8) 
thrown [s\open\src\hotspot\share\interpreter\linkResolver.cpp, line 773]
Event: 2.084 Thread 0x000001974cc46d20 Exception <a 'java/lang/NoSuchMethodError'{0x000000008984f278}: 'void java.lang.invoke.DirectMethodHandle$Holder.invokeVirtual(java.lang.Object, java.lang.Object, int)'> (0x000000008984f278) 
thrown [s\open\src\hotspot\share\interpreter\linkResolver.cpp, line 773]
Event: 2.085 Thread 0x000001974cc46d20 Exception <a 'java/lang/NoSuchMethodError'{0x0000000089853028}: 'void java.lang.invoke.DirectMethodHandle$Holder.invokeSpecial(java.lang.Object, java.lang.Object, java.lang.Object, int)'> (0x0000000089853028) 
thrown [s\open\src\hotspot\share\interpreter\linkResolver.cpp, line 773]
Event: 2.085 Thread 0x000001974cc46d20 Exception <a 'java/lang/NoSuchMethodError'{0x00000000898566f8}: 'void java.lang.invoke.DelegatingMethodHandle$Holder.reinvoke_L(java.lang.Object, java.lang.Object, int)'> (0x00000000898566f8) 
thrown [s\open\src\hotspot\share\interpreter\linkResolver.cpp, line 773]
Event: 2.619 Thread 0x000001974cc46d20 Implicit null exception at 0x000001975f012697 to 0x000001975f013878
Event: 2.619 Thread 0x000001974cc46d20 Implicit null exception at 0x000001975ef85618 to 0x000001975ef857f8
Event: 2.619 Thread 0x000001974cc46d20 Implicit null exception at 0x000001975effb1e9 to 0x000001975effb9b8
Event: 2.630 Thread 0x000001974cc46d20 Exception <a 'java/lang/NoSuchMethodError'{0x0000000087eda580}: 'int java.lang.invoke.DirectMethodHandle$Holder.invokeSpecialIFC(java.lang.Object, java.lang.Object, java.lang.Object, java.lang.Object)'> (0x0000000087eda580) 
thrown [s\open\src\hotspot\share\interpreter\linkResolver.cpp, line 773]

ZGC Phase Switch (0 events):
No events

VM Operations (20 events):
Event: 1.703 Executing VM operation: ICBufferFull done
Event: 1.722 Executing VM operation: HandshakeAllThreads (Deoptimize)
Event: 1.722 Executing VM operation: HandshakeAllThreads (Deoptimize) done
Event: 1.813 Executing VM operation: HandshakeAllThreads (Deoptimize)
Event: 1.813 Executing VM operation: HandshakeAllThreads (Deoptimize) done
Event: 1.854 Executing VM operation: HandshakeAllThreads (Deoptimize)
Event: 1.854 Executing VM operation: HandshakeAllThreads (Deoptimize) done
Event: 1.890 Executing VM operation: HandshakeAllThreads (Deoptimize)
Event: 1.890 Executing VM operation: HandshakeAllThreads (Deoptimize) done
Event: 1.947 Executing VM operation: HandshakeAllThreads (Deoptimize)
Event: 1.947 Executing VM operation: HandshakeAllThreads (Deoptimize) done
Event: 2.047 Executing VM operation: ICBufferFull
Event: 2.047 Executing VM operation: ICBufferFull done
Event: 2.371 Executing VM operation: ICBufferFull
Event: 2.372 Executing VM operation: ICBufferFull done
Event: 2.751 Executing VM operation: ICBufferFull
Event: 2.751 Executing VM operation: ICBufferFull done
Event: 3.149 Executing VM operation: G1CollectForAllocation (G1 Evacuation Pause)
Event: 3.165 Executing VM operation: G1CollectForAllocation (G1 Evacuation Pause) done
Event: 4.178 Executing VM operation: Cleanup

Events (17 events):
Event: 0.020 Thread 0x000001974cc46d20 Thread added: 0x000001974cc46d20
Event: 0.034 Thread 0x000001976b868d40 Thread added: 0x000001976b868d40
Event: 0.034 Thread 0x000001976b869990 Thread added: 0x000001976b869990
Event: 0.034 Thread 0x000001976b86e8c0 Thread added: 0x000001976b86e8c0
Event: 0.034 Thread 0x000001976b871920 Thread added: 0x000001976b871920
Event: 0.034 Thread 0x000001976b872370 Thread added: 0x000001976b872370
Event: 0.034 Thread 0x000001976b872dc0 Thread added: 0x000001976b872dc0
Event: 0.034 Thread 0x000001976b87dc90 Thread added: 0x000001976b87dc90
Event: 0.034 Thread 0x000001976b883200 Thread added: 0x000001976b883200
Event: 0.049 Thread 0x000001976bb0ef10 Thread added: 0x000001976bb0ef10
Event: 0.051 Thread 0x000001976bb15760 Thread added: 0x000001976bb15760
Event: 0.236 Thread 0x000001976bd9f740 Thread added: 0x000001976bd9f740
Event: 0.351 Thread 0x00000197701653b0 Thread added: 0x00000197701653b0
Event: 0.495 Thread 0x000001976bd9f740 Thread exited: 0x000001976bd9f740
Event: 1.489 Thread 0x00000197701653b0 Thread exited: 0x00000197701653b0
Event: 1.909 Thread 0x00000197710a97e0 Thread added: 0x00000197710a97e0
Event: 1.979 Thread 0x0000019770ed04d0 Thread added: 0x0000019770ed04d0


Dynamic libraries:
0x00007ff6ce9e0000 - 0x00007ff6ce9f0000 	C:\Program Files\Java\jdk-21\bin\java.exe
0x00007ffbbc300000 - 0x00007ffbbc567000 	C:\WINDOWS\SYSTEM32\ntdll.dll
0x00007ffbba6a0000 - 0x00007ffbba769000 	C:\WINDOWS\System32\KERNEL32.DLL
0x00007ffbb9730000 - 0x00007ffbb9b20000 	C:\WINDOWS\System32\KERNELBASE.dll
0x00007ffbb95e0000 - 0x00007ffbb972b000 	C:\WINDOWS\System32\ucrtbase.dll
0x00007ffb90640000 - 0x00007ffb90659000 	C:\Program Files\Java\jdk-21\bin\jli.dll
0x00007ffb8e9a0000 - 0x00007ffb8e9bb000 	C:\Program Files\Java\jdk-21\bin\VCRUNTIME140.dll
0x00007ffbbc120000 - 0x00007ffbbc1d4000 	C:\WINDOWS\System32\ADVAPI32.dll
0x00007ffbbc1e0000 - 0x00007ffbbc289000 	C:\WINDOWS\System32\msvcrt.dll
0x00007ffbbba00000 - 0x00007ffbbbaa6000 	C:\WINDOWS\System32\sechost.dll
0x00007ffbbad40000 - 0x00007ffbbae58000 	C:\WINDOWS\System32\RPCRT4.dll
0x00007ffbbbe50000 - 0x00007ffbbc015000 	C:\WINDOWS\System32\USER32.dll
0x00007ffba1b40000 - 0x00007ffba1dda000 	C:\WINDOWS\WinSxS\amd64_microsoft.windows.common-controls_6595b64144ccf1df_6.0.26100.4768_none_3e0c112ce331287c\COMCTL32.dll
0x00007ffbb95b0000 - 0x00007ffbb95d7000 	C:\WINDOWS\System32\win32u.dll
0x00007ffbbc290000 - 0x00007ffbbc2bb000 	C:\WINDOWS\System32\GDI32.dll
0x00007ffbb0680000 - 0x00007ffbb068b000 	C:\WINDOWS\SYSTEM32\VERSION.dll
0x00007ffbb9f50000 - 0x00007ffbba088000 	C:\WINDOWS\System32\gdi32full.dll
0x00007ffbb9b30000 - 0x00007ffbb9bd3000 	C:\WINDOWS\System32\msvcp_win.dll
0x00007ffbbb990000 - 0x00007ffbbb9bf000 	C:\WINDOWS\System32\IMM32.DLL
0x00007ffb88020000 - 0x00007ffb8802c000 	C:\Program Files\Java\jdk-21\bin\vcruntime140_1.dll
0x00007ffb85ab0000 - 0x00007ffb85b3e000 	C:\Program Files\Java\jdk-21\bin\msvcp140.dll
0x00007ffad2410000 - 0x00007ffad312d000 	C:\Program Files\Java\jdk-21\bin\server\jvm.dll
0x00007ffbbac10000 - 0x00007ffbbac84000 	C:\WINDOWS\System32\WS2_32.dll
0x00007ffbb9290000 - 0x00007ffbb92ee000 	C:\WINDOWS\SYSTEM32\POWRPROF.dll
0x00007ffba1de0000 - 0x00007ffba1e15000 	C:\WINDOWS\SYSTEM32\WINMM.dll
0x00007ffbb9270000 - 0x00007ffbb9284000 	C:\WINDOWS\SYSTEM32\UMPDC.dll
0x00007ffbb8190000 - 0x00007ffbb81ab000 	C:\WINDOWS\SYSTEM32\kernel.appcore.dll
0x00007ffb88010000 - 0x00007ffb8801a000 	C:\Program Files\Java\jdk-21\bin\jimage.dll
0x00007ffbb6c90000 - 0x00007ffbb6ed1000 	C:\WINDOWS\SYSTEM32\DBGHELP.DLL
0x00007ffbbbab0000 - 0x00007ffbbbe35000 	C:\WINDOWS\System32\combase.dll
0x00007ffbbc030000 - 0x00007ffbbc110000 	C:\WINDOWS\System32\OLEAUT32.dll
0x00007ffb9df90000 - 0x00007ffb9dfd3000 	C:\WINDOWS\SYSTEM32\dbgcore.DLL
0x00007ffbb9be0000 - 0x00007ffbb9c79000 	C:\WINDOWS\System32\bcryptPrimitives.dll
0x00007ffb87ff0000 - 0x00007ffb8800f000 	C:\Program Files\Java\jdk-21\bin\java.dll
0x00007ffbbb030000 - 0x00007ffbbb77d000 	C:\WINDOWS\System32\SHELL32.dll
0x00007ffbb9c80000 - 0x00007ffbb9df3000 	C:\WINDOWS\System32\wintypes.dll
0x00007ffbb6fe0000 - 0x00007ffbb7840000 	C:\WINDOWS\SYSTEM32\windows.storage.dll
0x00007ffbbaee0000 - 0x00007ffbbafd5000 	C:\WINDOWS\System32\SHCORE.dll
0x00007ffbba310000 - 0x00007ffbba37a000 	C:\WINDOWS\System32\shlwapi.dll
0x00007ffbb9350000 - 0x00007ffbb9379000 	C:\WINDOWS\SYSTEM32\profapi.dll
0x00007ffb79650000 - 0x00007ffb79727000 	C:\Program Files\Java\jdk-21\bin\jsvml.dll
0x00007ffb87c20000 - 0x00007ffb87c30000 	C:\Program Files\Java\jdk-21\bin\net.dll
0x00007ffbb32e0000 - 0x00007ffbb33fe000 	C:\WINDOWS\SYSTEM32\WINHTTP.dll
0x00007ffbb8740000 - 0x00007ffbb87ab000 	C:\WINDOWS\system32\mswsock.dll
0x00007ffb87b50000 - 0x00007ffb87b66000 	C:\Program Files\Java\jdk-21\bin\nio.dll
0x00007ffb87b30000 - 0x00007ffb87b48000 	C:\Program Files\Java\jdk-21\bin\zip.dll
0x00007ffb85a80000 - 0x00007ffb85aa4000 	C:\Users\tejas\.m2\wrapper\dists\apache-maven-3.9.10\a38810a491b03367137adfdfbe7d14c4\lib\jansi-native\Windows\x86_64\jansi.dll
0x00007ffb87c10000 - 0x00007ffb87c20000 	C:\Program Files\Java\jdk-21\bin\verify.dll

dbghelp: loaded successfully - version: 4.0.5 - missing functions: none
symbol engine: initialized successfully - sym options: 0x614 - pdb path: .;C:\Program Files\Java\jdk-21\bin;C:\WINDOWS\SYSTEM32;C:\WINDOWS\WinSxS\amd64_microsoft.windows.common-controls_6595b64144ccf1df_6.0.26100.4768_none_3e0c112ce331287c;C:\Program Files\Java\jdk-21\bin\server;C:\Users\tejas\.m2\wrapper\dists\apache-maven-3.9.10\a38810a491b03367137adfdfbe7d14c4\lib\jansi-native\Windows\x86_64

VM Arguments:
jvm_args: --enable-native-access=ALL-UNNAMED -Dclassworlds.conf=C:\Users\tejas\.m2\wrapper\dists\apache-maven-3.9.10\a38810a491b03367137adfdfbe7d14c4\bin\m2.conf -Dmaven.home=C:\Users\tejas\.m2\wrapper\dists\apache-maven-3.9.10\a38810a491b03367137adfdfbe7d14c4 -Dlibrary.jansi.path=C:\Users\tejas\.m2\wrapper\dists\apache-maven-3.9.10\a38810a491b03367137adfdfbe7d14c4\lib\jansi-native -Dmaven.multiModuleProjectDirectory=C:\Users\tejas\OneDrive\Desktop\travelapp_project\travelapp\travel-app-backend 
java_command: org.codehaus.plexus.classworlds.launcher.Launcher spring-boot:run
java_class_path (initial): C:\Users\tejas\.m2\wrapper\dists\apache-maven-3.9.10\a38810a491b03367137adfdfbe7d14c4\boot\plexus-classworlds-2.9.0.jar
Launcher Type: SUN_STANDARD

[Global flags]
     intx CICompilerCount                          = 4                                         {product} {ergonomic}
     uint ConcGCThreads                            = 2                                         {product} {ergonomic}
     uint G1ConcRefinementThreads                  = 8                                         {product} {ergonomic}
   size_t G1HeapRegionSize                         = 1048576                                   {product} {ergonomic}
    uintx GCDrainStackTargetSize                   = 64                                        {product} {ergonomic}
   size_t InitialHeapSize                          = 132120576                                 {product} {ergonomic}
   size_t MarkStackSize                            = 4194304                                   {product} {ergonomic}
   size_t MaxHeapSize                              = 2095054848                                {product} {ergonomic}
   size_t MaxNewSize                               = 1256194048                                {product} {ergonomic}
   size_t MinHeapDeltaBytes                        = 1048576                                   {product} {ergonomic}
   size_t MinHeapSize                              = 8388608                                   {product} {ergonomic}
    uintx NonNMethodCodeHeapSize                   = 5839372                                {pd product} {ergonomic}
    uintx NonProfiledCodeHeapSize                  = 122909434                              {pd product} {ergonomic}
    uintx ProfiledCodeHeapSize                     = 122909434                              {pd product} {ergonomic}
    uintx ReservedCodeCacheSize                    = 251658240                              {pd product} {ergonomic}
     bool SegmentedCodeCache                       = true                                      {product} {ergonomic}
   size_t SoftMaxHeapSize                          = 2095054848                             {manageable} {ergonomic}
     bool UseCompressedOops                        = true                           {product lp64_product} {ergonomic}
     bool UseG1GC                                  = true                                      {product} {ergonomic}
     bool UseLargePagesIndividualAllocation        = false                                  {pd product} {ergonomic}

Logging:
Log output configuration:
 #0: stdout all=warning uptime,level,tags foldmultilines=false
 #1: stderr all=off uptime,level,tags foldmultilines=false

Environment Variables:
PATH=C:\Program Files\Common Files\Oracle\Java\javapath;C:\WINDOWS\system32;C:\WINDOWS;C:\WINDOWS\System32\Wbem;C:\WINDOWS\System32\WindowsPowerShell\v1.0\;C:\WINDOWS\System32\OpenSSH\;C:\MinGW\bin;C:\Program Files (x86)\Windows Kits\8.1\Windows Performance Toolkit\;C:\Program Files\Git\cmd;C:\Program Files\Cloudflare\Cloudflare WARP\;C:\Program Files\MySQL\MySQL Server 8.0\bin;C:\apache-maven-3.9.10\bin;C:\Program Files\nodejs\;C:\Program Files\Docker\Docker\resources\bin;C:\Program Files\MySQL\MySQL Shell 8.0\bin\;C:\Users\tejas\AppData\Local\Microsoft\WindowsApps;C:\Users\tejas\AppData\Local\Programs\Microsoft VS Code\bin;C:\Program Files\JetBrains\IntelliJ IDEA Community Edition 2022.2.3\bin;;;C:\Users\tejas\OneDrive\Desktop\Tejas\PyCharm 2025.1.1.1\bin;;C:\Users\tejas\AppData\Roaming\npm;C:\Users\tejas\AppData\Local\Programs\Windsurf\bin
USERNAME=tejas
LANG=en_US.UTF-8
OS=Windows_NT
PROCESSOR_IDENTIFIER=Intel64 Family 6 Model 140 Stepping 1, GenuineIntel
TMP=C:\Users\tejas\AppData\Local\Temp
TEMP=C:\Users\tejas\AppData\Local\Temp




Periodic native trim disabled

---------------  S Y S T E M  ---------------

OS:
 Windows 11 , 64 bit Build 26100 (10.0.26100.4768)
OS uptime: 3 days 19:55 hours
Hyper-V role detected

CPU: total 8 (initial active 8) (4 cores per cpu, 2 threads per core) family 6 model 140 stepping 1 microcode 0x78, cx8, cmov, fxsr, ht, mmx, 3dnowpref, sse, sse2, sse3, ssse3, sse4.1, sse4.2, popcnt, lzcnt, tsc, tscinvbit, avx, avx2, aes, erms, clmul, bmi1, bmi2, adx, avx512f, avx512dq, avx512cd, avx512bw, avx512vl, sha, fma, vzeroupper, avx512_vpopcntdq, avx512_vpclmulqdq, avx512_vaes, avx512_vnni, clflush, clflushopt, clwb, avx512_vbmi2, avx512_vbmi, hv, rdtscp, rdpid, fsrm, gfni, avx512_bitalg, f16c, cet_ibt, cet_ss, avx512_ifma
Processor Information for all 8 processors :
  Max Mhz: 2419, Current Mhz: 2419, Mhz Limit: 2419

Memory: 4k page, system-wide physical 7987M (440M free)
TotalPageFile size 32563M (AvailPageFile size 2M)
current process WorkingSet (physical memory assigned to process): 181M, peak: 183M
current process commit charge ("private bytes"): 260M, peak: 260M

vm_info: Java HotSpot(TM) 64-Bit Server VM (21.0.8+12-LTS-250) for windows-amd64 JRE (21.0.8+12-LTS-250), built on 2025-06-27T08:11:22Z by "mach5one" with MS VC++ 17.6 (VS2022)

END.
