#
# There is insufficient memory for the Java Runtime Environment to continue.
# Native memory allocation (malloc) failed to allocate 1324064 bytes for Chunk::new
# Possible reasons:
#   The system is out of physical RAM or swap space
#   The process is running with CompressedOops enabled, and the Java Heap may be blocking the growth of the native heap
# Possible solutions:
#   Reduce memory load on the system
#   Increase physical memory or swap space
#   Check if swap backing store is full
#   Decrease Java heap size (-Xmx/-Xms)
#   Decrease number of Java threads
#   Decrease Java thread stack sizes (-Xss)
#   Set larger code cache with -XX:ReservedCodeCacheSize=
#   JVM is running with Unscaled Compressed Oops mode in which the Java heap is
#     placed in the first 4GB address space. The Java Heap base address is the
#     maximum limit for the native heap growth. Please use -XX:HeapBaseMinAddress
#     to set the Java Heap base and to place the Java Heap above 4GB virtual address.
# This output file may be truncated or incomplete.
#
#  Out of Memory Error (arena.cpp:168), pid=33644, tid=31580
#
# JRE version: Java(TM) SE Runtime Environment (21.0.8+12) (build 21.0.8+12-LTS-250)
# Java VM: Java HotSpot(TM) 64-Bit Server VM (21.0.8+12-LTS-250, mixed mode, sharing, tiered, compressed oops, compressed class ptrs, g1 gc, windows-amd64)
# No core dump will be written. Minidumps are not enabled by default on client versions of Windows
#

---------------  S U M M A R Y ------------

Command Line: --enable-native-access=ALL-UNNAMED -Dclassworlds.conf=C:\Users\tejas\.m2\wrapper\dists\apache-maven-3.9.10\a38810a491b03367137adfdfbe7d14c4\bin\m2.conf -Dmaven.home=C:\Users\tejas\.m2\wrapper\dists\apache-maven-3.9.10\a38810a491b03367137adfdfbe7d14c4 -Dlibrary.jansi.path=C:\Users\tejas\.m2\wrapper\dists\apache-maven-3.9.10\a38810a491b03367137adfdfbe7d14c4\lib\jansi-native -Dmaven.multiModuleProjectDirectory=C:\Users\tejas\OneDrive\Desktop\travelapp_project\travelapp\travel-app-backend org.codehaus.plexus.classworlds.launcher.Launcher -DskipTests clean package

Host: 11th Gen Intel(R) Core(TM) i5-1135G7 @ 2.40GHz, 8 cores, 7G,  Windows 11 , 64 bit Build 26100 (10.0.26100.4768)
Time: Sun Aug 17 10:16:22 2025 India Standard Time elapsed time: 22.148714 seconds (0d 0h 0m 22s)

---------------  T H R E A D  ---------------

Current thread (0x000001f66c631520):  JavaThread "C2 CompilerThread1" daemon [_thread_in_native, id=31580, stack(0x000000525f200000,0x000000525f300000) (1024K)]


Current CompileTask:
C2:  22148 10098       4       org.apache.maven.model.inheritance.DefaultInheritanceAssembler$InheritanceModelMerger::mergePluginContainer_Plugins (433 bytes)

Stack: [0x000000525f200000,0x000000525f300000]
Native frames: (J=compiled Java code, j=interpreted, Vv=VM code, C=native code)
V  [jvm.dll+0x6cc179]
V  [jvm.dll+0x8584c1]
V  [jvm.dll+0x85a9ee]
V  [jvm.dll+0x85b0c3]
V  [jvm.dll+0x27ebf6]
V  [jvm.dll+0xc4f4d]
V  [jvm.dll+0xc5483]
V  [jvm.dll+0x3b6abc]
V  [jvm.dll+0x1e0363]
V  [jvm.dll+0x2477c2]
V  [jvm.dll+0x246c4f]
V  [jvm.dll+0x1c7a3e]
V  [jvm.dll+0x256359]
V  [jvm.dll+0x2548ea]
V  [jvm.dll+0x3efef6]
V  [jvm.dll+0x80279b]
V  [jvm.dll+0x6ca85d]
C  [ucrtbase.dll+0x37b0]
C  [KERNEL32.DLL+0x2e8d7]
C  [ntdll.dll+0x3c34c]


---------------  P R O C E S S  ---------------

Threads class SMR info:
_java_thread_list=0x000001f66e1eb220, length=13, elements={
0x000001f607733d90, 0x000001f626312d50, 0x000001f626313a90, 0x000001f6263218e0,
0x000001f626322420, 0x000001f626323320, 0x000001f626324d80, 0x000001f6263268e0,
0x000001f626329be0, 0x000001f6265810b0, 0x000001f626587d00, 0x000001f66cf12580,
0x000001f66c631520
}

Java Threads: ( => current thread )
  0x000001f607733d90 JavaThread "main"                              [_thread_in_vm, id=20012, stack(0x000000525e000000,0x000000525e100000) (1024K)]
  0x000001f626312d50 JavaThread "Reference Handler"          daemon [_thread_blocked, id=33288, stack(0x000000525e800000,0x000000525e900000) (1024K)]
  0x000001f626313a90 JavaThread "Finalizer"                  daemon [_thread_blocked, id=14776, stack(0x000000525e900000,0x000000525ea00000) (1024K)]
  0x000001f6263218e0 JavaThread "Signal Dispatcher"          daemon [_thread_blocked, id=34724, stack(0x000000525ea00000,0x000000525eb00000) (1024K)]
  0x000001f626322420 JavaThread "Attach Listener"            daemon [_thread_blocked, id=20056, stack(0x000000525eb00000,0x000000525ec00000) (1024K)]
  0x000001f626323320 JavaThread "Service Thread"             daemon [_thread_blocked, id=29464, stack(0x000000525ec00000,0x000000525ed00000) (1024K)]
  0x000001f626324d80 JavaThread "Monitor Deflation Thread"   daemon [_thread_blocked, id=1732, stack(0x000000525ed00000,0x000000525ee00000) (1024K)]
  0x000001f6263268e0 JavaThread "C2 CompilerThread0"         daemon [_thread_in_vm, id=31668, stack(0x000000525ee00000,0x000000525ef00000) (1024K)]
  0x000001f626329be0 JavaThread "C1 CompilerThread0"         daemon [_thread_blocked, id=33028, stack(0x000000525ef00000,0x000000525f000000) (1024K)]
  0x000001f6265810b0 JavaThread "Notification Thread"        daemon [_thread_blocked, id=34608, stack(0x000000525f000000,0x000000525f100000) (1024K)]
  0x000001f626587d00 JavaThread "Common-Cleaner"             daemon [_thread_blocked, id=9308, stack(0x000000525f100000,0x000000525f200000) (1024K)]
  0x000001f66cf12580 JavaThread "Thread-1"                   daemon [_thread_blocked, id=32584, stack(0x000000525f300000,0x000000525f400000) (1024K)]
=>0x000001f66c631520 JavaThread "C2 CompilerThread1"         daemon [_thread_in_native, id=31580, stack(0x000000525f200000,0x000000525f300000) (1024K)]
Total: 13

Other Threads:
  0x000001f6262f2420 VMThread "VM Thread"                           [id=34404, stack(0x000000525e700000,0x000000525e800000) (1024K)]
  0x000001f6262e06d0 WatcherThread "VM Periodic Task Thread"        [id=30012, stack(0x000000525e600000,0x000000525e700000) (1024K)]
  0x000001f607c8d230 WorkerThread "GC Thread#0"                     [id=21212, stack(0x000000525e100000,0x000000525e200000) (1024K)]
  0x000001f66c7feb60 WorkerThread "GC Thread#1"                     [id=18448, stack(0x000000525f400000,0x000000525f500000) (1024K)]
  0x000001f66c75f4b0 WorkerThread "GC Thread#2"                     [id=22884, stack(0x000000525f500000,0x000000525f600000) (1024K)]
  0x000001f66cb27710 WorkerThread "GC Thread#3"                     [id=32220, stack(0x000000525f600000,0x000000525f700000) (1024K)]
  0x000001f66c8331b0 WorkerThread "GC Thread#4"                     [id=34128, stack(0x000000525f700000,0x000000525f800000) (1024K)]
  0x000001f66c833550 WorkerThread "GC Thread#5"                     [id=26584, stack(0x000000525f800000,0x000000525f900000) (1024K)]
  0x000001f66cca0c60 WorkerThread "GC Thread#6"                     [id=10648, stack(0x000000525f900000,0x000000525fa00000) (1024K)]
  0x000001f66cca1000 WorkerThread "GC Thread#7"                     [id=28276, stack(0x000000525fa00000,0x000000525fb00000) (1024K)]
  0x000001f607c9dbd0 ConcurrentGCThread "G1 Main Marker"            [id=28280, stack(0x000000525e200000,0x000000525e300000) (1024K)]
  0x000001f607c9e6d0 WorkerThread "G1 Conc#0"                       [id=20052, stack(0x000000525e300000,0x000000525e400000) (1024K)]
  0x000001f66c974420 WorkerThread "G1 Conc#1"                       [id=23004, stack(0x000000525fc00000,0x000000525fd00000) (1024K)]
  0x000001f607cfe980 ConcurrentGCThread "G1 Refine#0"               [id=4392, stack(0x000000525e400000,0x000000525e500000) (1024K)]
  0x000001f6261ab360 ConcurrentGCThread "G1 Service"                [id=32656, stack(0x000000525e500000,0x000000525e600000) (1024K)]
Total: 15

Threads with active compile tasks:
C2 CompilerThread0    22174 10176       4       org.objectweb.asm.ClassReader::readUtf (44 bytes)
C2 CompilerThread1    22174 10098       4       org.apache.maven.model.inheritance.DefaultInheritanceAssembler$InheritanceModelMerger::mergePluginContainer_Plugins (433 bytes)
Total: 2

VM state: not at safepoint (normal execution)

VM Mutex/Monitor currently owned by a thread: None

Heap address: 0x0000000083200000, size: 1998 MB, Compressed Oops mode: 32-bit

CDS archive(s) mapped at: [0x000001f627000000-0x000001f627c90000-0x000001f627c90000), size 13172736, SharedBaseAddress: 0x000001f627000000, ArchiveRelocationMode: 1.
Compressed class space mapped at: 0x000001f628000000-0x000001f668000000, reserved size: 1073741824
Narrow klass base: 0x000001f627000000, Narrow klass shift: 0, Narrow klass range: 0x100000000

GC Precious Log:
 CardTable entry size: 512
 Card Set container configuration: InlinePtr #cards 5 size 8 Array Of Cards #cards 12 size 40 Howl #buckets 4 coarsen threshold 1843 Howl Bitmap #cards 512 size 80 coarsen threshold 460 Card regions per heap region 1 cards per card region 2048
 CPUs: 8 total, 8 available
 Memory: 7987M
 Large Page Support: Disabled
 NUMA Support: Disabled
 Compressed Oops: Enabled (32-bit)
 Heap Region Size: 1M
 Heap Min Capacity: 8M
 Heap Initial Capacity: 126M
 Heap Max Capacity: 1998M
 Pre-touch: Disabled
 Parallel Workers: 8
 Concurrent Workers: 2
 Concurrent Refinement Workers: 8
 Periodic GC: Disabled

Heap:
 garbage-first heap   total 155648K, used 66337K [0x0000000083200000, 0x0000000100000000)
  region size 1024K, 7 young (7168K), 3 survivors (3072K)
 Metaspace       used 34545K, committed 35776K, reserved 1114112K
  class space    used 3810K, committed 4224K, reserved 1048576K

Heap Regions: E=young(eden), S=young(survivor), O=old, HS=humongous(starts), HC=humongous(continues), CS=collection set, F=free, TAMS=top-at-mark-start, PB=parsable bottom
|   0|0x0000000083200000, 0x0000000083300000, 0x0000000083300000|100%| O|  |TAMS 0x0000000083200000| PB 0x0000000083200000| Untracked 
|   1|0x0000000083300000, 0x0000000083400000, 0x0000000083400000|100%| O|  |TAMS 0x0000000083300000| PB 0x0000000083300000| Untracked 
|   2|0x0000000083400000, 0x0000000083500000, 0x0000000083500000|100%| O|  |TAMS 0x0000000083400000| PB 0x0000000083400000| Untracked 
|   3|0x0000000083500000, 0x0000000083600000, 0x0000000083600000|100%| O|  |TAMS 0x0000000083500000| PB 0x0000000083500000| Untracked 
|   4|0x0000000083600000, 0x0000000083700000, 0x0000000083700000|100%| O|  |TAMS 0x0000000083600000| PB 0x0000000083600000| Untracked 
|   5|0x0000000083700000, 0x0000000083800000, 0x0000000083800000|100%| O|  |TAMS 0x0000000083700000| PB 0x0000000083700000| Untracked 
|   6|0x0000000083800000, 0x0000000083900000, 0x0000000083900000|100%| O|  |TAMS 0x0000000083800000| PB 0x0000000083800000| Untracked 
|   7|0x0000000083900000, 0x0000000083a00000, 0x0000000083a00000|100%| O|  |TAMS 0x0000000083900000| PB 0x0000000083900000| Untracked 
|   8|0x0000000083a00000, 0x0000000083b00000, 0x0000000083b00000|100%| O|  |TAMS 0x0000000083a00000| PB 0x0000000083a00000| Untracked 
|   9|0x0000000083b00000, 0x0000000083c00000, 0x0000000083c00000|100%| O|  |TAMS 0x0000000083b00000| PB 0x0000000083b00000| Untracked 
|  10|0x0000000083c00000, 0x0000000083d00000, 0x0000000083d00000|100%| O|  |TAMS 0x0000000083c00000| PB 0x0000000083c00000| Untracked 
|  11|0x0000000083d00000, 0x0000000083e00000, 0x0000000083e00000|100%| O|  |TAMS 0x0000000083d00000| PB 0x0000000083d00000| Untracked 
|  12|0x0000000083e00000, 0x0000000083f00000, 0x0000000083f00000|100%| O|Cm|TAMS 0x0000000083e00000| PB 0x0000000083e00000| Complete 
|  13|0x0000000083f00000, 0x0000000084000000, 0x0000000084000000|100%|HS|  |TAMS 0x0000000083f00000| PB 0x0000000083f00000| Complete 
|  14|0x0000000084000000, 0x0000000084100000, 0x0000000084100000|100%| O|  |TAMS 0x0000000084000000| PB 0x0000000084000000| Untracked 
|  15|0x0000000084100000, 0x0000000084200000, 0x0000000084200000|100%| O|  |TAMS 0x0000000084100000| PB 0x0000000084100000| Untracked 
|  16|0x0000000084200000, 0x0000000084300000, 0x0000000084300000|100%| O|  |TAMS 0x0000000084200000| PB 0x0000000084200000| Untracked 
|  17|0x0000000084300000, 0x0000000084400000, 0x0000000084400000|100%|HS|  |TAMS 0x0000000084300000| PB 0x0000000084300000| Complete 
|  18|0x0000000084400000, 0x0000000084500000, 0x0000000084500000|100%|HC|  |TAMS 0x0000000084400000| PB 0x0000000084400000| Complete 
|  19|0x0000000084500000, 0x0000000084600000, 0x0000000084600000|100%|HC|  |TAMS 0x0000000084500000| PB 0x0000000084500000| Complete 
|  20|0x0000000084600000, 0x0000000084700000, 0x0000000084700000|100%| O|  |TAMS 0x0000000084600000| PB 0x0000000084600000| Untracked 
|  21|0x0000000084700000, 0x0000000084800000, 0x0000000084800000|100%| O|Cm|TAMS 0x0000000084700000| PB 0x0000000084700000| Complete 
|  22|0x0000000084800000, 0x0000000084900000, 0x0000000084900000|100%| O|  |TAMS 0x0000000084800000| PB 0x0000000084800000| Untracked 
|  23|0x0000000084900000, 0x0000000084a00000, 0x0000000084a00000|100%| O|  |TAMS 0x0000000084900000| PB 0x0000000084900000| Untracked 
|  24|0x0000000084a00000, 0x0000000084b00000, 0x0000000084b00000|100%| O|Cm|TAMS 0x0000000084a00000| PB 0x0000000084a00000| Complete 
|  25|0x0000000084b00000, 0x0000000084c00000, 0x0000000084c00000|100%| O|Cm|TAMS 0x0000000084b00000| PB 0x0000000084b00000| Complete 
|  26|0x0000000084c00000, 0x0000000084d00000, 0x0000000084d00000|100%| O|  |TAMS 0x0000000084c00000| PB 0x0000000084c00000| Untracked 
|  27|0x0000000084d00000, 0x0000000084e00000, 0x0000000084e00000|100%| O|Cm|TAMS 0x0000000084d00000| PB 0x0000000084d00000| Complete 
|  28|0x0000000084e00000, 0x0000000084f00000, 0x0000000084f00000|100%| O|Cm|TAMS 0x0000000084e00000| PB 0x0000000084e00000| Complete 
|  29|0x0000000084f00000, 0x0000000085000000, 0x0000000085000000|100%| O|  |TAMS 0x0000000084f00000| PB 0x0000000084f00000| Untracked 
|  30|0x0000000085000000, 0x0000000085100000, 0x0000000085100000|100%| O|Cm|TAMS 0x0000000085000000| PB 0x0000000085000000| Complete 
|  31|0x0000000085100000, 0x0000000085200000, 0x0000000085200000|100%| O|Cm|TAMS 0x0000000085100000| PB 0x0000000085100000| Complete 
|  32|0x0000000085200000, 0x0000000085300000, 0x0000000085300000|100%| O|Cm|TAMS 0x0000000085200000| PB 0x0000000085200000| Complete 
|  33|0x0000000085300000, 0x0000000085400000, 0x0000000085400000|100%| O|Cm|TAMS 0x0000000085300000| PB 0x0000000085300000| Complete 
|  34|0x0000000085400000, 0x0000000085500000, 0x0000000085500000|100%|HS|  |TAMS 0x0000000085400000| PB 0x0000000085400000| Complete 
|  35|0x0000000085500000, 0x0000000085600000, 0x0000000085600000|100%|HC|  |TAMS 0x0000000085500000| PB 0x0000000085500000| Complete 
|  36|0x0000000085600000, 0x0000000085700000, 0x0000000085700000|100%|HC|  |TAMS 0x0000000085600000| PB 0x0000000085600000| Complete 
|  37|0x0000000085700000, 0x0000000085800000, 0x0000000085800000|100%|HS|  |TAMS 0x0000000085700000| PB 0x0000000085700000| Complete 
|  38|0x0000000085800000, 0x0000000085900000, 0x0000000085900000|100%|HS|  |TAMS 0x0000000085800000| PB 0x0000000085800000| Complete 
|  39|0x0000000085900000, 0x0000000085a00000, 0x0000000085a00000|100%| O|Cm|TAMS 0x0000000085900000| PB 0x0000000085900000| Complete 
|  40|0x0000000085a00000, 0x0000000085a00000, 0x0000000085b00000|  0%| F|  |TAMS 0x0000000085a00000| PB 0x0000000085a00000| Untracked 
|  41|0x0000000085b00000, 0x0000000085b00000, 0x0000000085c00000|  0%| F|  |TAMS 0x0000000085b00000| PB 0x0000000085b00000| Untracked 
|  42|0x0000000085c00000, 0x0000000085c00000, 0x0000000085d00000|  0%| F|  |TAMS 0x0000000085c00000| PB 0x0000000085c00000| Untracked 
|  43|0x0000000085d00000, 0x0000000085d00000, 0x0000000085e00000|  0%| F|  |TAMS 0x0000000085d00000| PB 0x0000000085d00000| Untracked 
|  44|0x0000000085e00000, 0x0000000085e00000, 0x0000000085f00000|  0%| F|  |TAMS 0x0000000085e00000| PB 0x0000000085e00000| Untracked 
|  45|0x0000000085f00000, 0x0000000085f00000, 0x0000000086000000|  0%| F|  |TAMS 0x0000000085f00000| PB 0x0000000085f00000| Untracked 
|  46|0x0000000086000000, 0x0000000086000000, 0x0000000086100000|  0%| F|  |TAMS 0x0000000086000000| PB 0x0000000086000000| Untracked 
|  47|0x0000000086100000, 0x0000000086200000, 0x0000000086200000|100%| O|Cm|TAMS 0x0000000086100000| PB 0x0000000086100000| Complete 
|  48|0x0000000086200000, 0x0000000086300000, 0x0000000086300000|100%| O|Cm|TAMS 0x0000000086200000| PB 0x0000000086200000| Complete 
|  49|0x0000000086300000, 0x0000000086400000, 0x0000000086400000|100%| O|Cm|TAMS 0x0000000086300000| PB 0x0000000086300000| Complete 
|  50|0x0000000086400000, 0x0000000086500000, 0x0000000086500000|100%| O|Cm|TAMS 0x0000000086400000| PB 0x0000000086400000| Complete 
|  51|0x0000000086500000, 0x0000000086500000, 0x0000000086600000|  0%| F|  |TAMS 0x0000000086500000| PB 0x0000000086500000| Untracked 
|  52|0x0000000086600000, 0x0000000086600000, 0x0000000086700000|  0%| F|  |TAMS 0x0000000086600000| PB 0x0000000086600000| Untracked 
|  53|0x0000000086700000, 0x0000000086700000, 0x0000000086800000|  0%| F|  |TAMS 0x0000000086700000| PB 0x0000000086700000| Untracked 
|  54|0x0000000086800000, 0x0000000086800000, 0x0000000086900000|  0%| F|  |TAMS 0x0000000086800000| PB 0x0000000086800000| Untracked 
|  55|0x0000000086900000, 0x0000000086900000, 0x0000000086a00000|  0%| F|  |TAMS 0x0000000086900000| PB 0x0000000086900000| Untracked 
|  56|0x0000000086a00000, 0x0000000086a00000, 0x0000000086b00000|  0%| F|  |TAMS 0x0000000086a00000| PB 0x0000000086a00000| Untracked 
|  57|0x0000000086b00000, 0x0000000086b00000, 0x0000000086c00000|  0%| F|  |TAMS 0x0000000086b00000| PB 0x0000000086b00000| Untracked 
|  58|0x0000000086c00000, 0x0000000086c00000, 0x0000000086d00000|  0%| F|  |TAMS 0x0000000086c00000| PB 0x0000000086c00000| Untracked 
|  59|0x0000000086d00000, 0x0000000086d00000, 0x0000000086e00000|  0%| F|  |TAMS 0x0000000086d00000| PB 0x0000000086d00000| Untracked 
|  60|0x0000000086e00000, 0x0000000086e00000, 0x0000000086f00000|  0%| F|  |TAMS 0x0000000086e00000| PB 0x0000000086e00000| Untracked 
|  61|0x0000000086f00000, 0x0000000086f00000, 0x0000000087000000|  0%| F|  |TAMS 0x0000000086f00000| PB 0x0000000086f00000| Untracked 
|  62|0x0000000087000000, 0x0000000087000000, 0x0000000087100000|  0%| F|  |TAMS 0x0000000087000000| PB 0x0000000087000000| Untracked 
|  63|0x0000000087100000, 0x0000000087100000, 0x0000000087200000|  0%| F|  |TAMS 0x0000000087100000| PB 0x0000000087100000| Untracked 
|  64|0x0000000087200000, 0x0000000087200000, 0x0000000087300000|  0%| F|  |TAMS 0x0000000087200000| PB 0x0000000087200000| Untracked 
|  65|0x0000000087300000, 0x0000000087300000, 0x0000000087400000|  0%| F|  |TAMS 0x0000000087300000| PB 0x0000000087300000| Untracked 
|  66|0x0000000087400000, 0x0000000087400000, 0x0000000087500000|  0%| F|  |TAMS 0x0000000087400000| PB 0x0000000087400000| Untracked 
|  67|0x0000000087500000, 0x0000000087500000, 0x0000000087600000|  0%| F|  |TAMS 0x0000000087500000| PB 0x0000000087500000| Untracked 
|  68|0x0000000087600000, 0x0000000087600000, 0x0000000087700000|  0%| F|  |TAMS 0x0000000087600000| PB 0x0000000087600000| Untracked 
|  69|0x0000000087700000, 0x0000000087700000, 0x0000000087800000|  0%| F|  |TAMS 0x0000000087700000| PB 0x0000000087700000| Untracked 
|  70|0x0000000087800000, 0x0000000087800000, 0x0000000087900000|  0%| F|  |TAMS 0x0000000087800000| PB 0x0000000087800000| Untracked 
|  71|0x0000000087900000, 0x0000000087900000, 0x0000000087a00000|  0%| F|  |TAMS 0x0000000087900000| PB 0x0000000087900000| Untracked 
|  72|0x0000000087a00000, 0x0000000087a00000, 0x0000000087b00000|  0%| F|  |TAMS 0x0000000087a00000| PB 0x0000000087a00000| Untracked 
|  73|0x0000000087b00000, 0x0000000087b00000, 0x0000000087c00000|  0%| F|  |TAMS 0x0000000087b00000| PB 0x0000000087b00000| Untracked 
|  74|0x0000000087c00000, 0x0000000087c00000, 0x0000000087d00000|  0%| F|  |TAMS 0x0000000087c00000| PB 0x0000000087c00000| Untracked 
|  75|0x0000000087d00000, 0x0000000087d00000, 0x0000000087e00000|  0%| F|  |TAMS 0x0000000087d00000| PB 0x0000000087d00000| Untracked 
|  76|0x0000000087e00000, 0x0000000087e00000, 0x0000000087f00000|  0%| F|  |TAMS 0x0000000087e00000| PB 0x0000000087e00000| Untracked 
|  77|0x0000000087f00000, 0x0000000087f00000, 0x0000000088000000|  0%| F|  |TAMS 0x0000000087f00000| PB 0x0000000087f00000| Untracked 
|  78|0x0000000088000000, 0x0000000088000000, 0x0000000088100000|  0%| F|  |TAMS 0x0000000088000000| PB 0x0000000088000000| Untracked 
|  79|0x0000000088100000, 0x0000000088100000, 0x0000000088200000|  0%| F|  |TAMS 0x0000000088100000| PB 0x0000000088100000| Untracked 
|  80|0x0000000088200000, 0x0000000088200000, 0x0000000088300000|  0%| F|  |TAMS 0x0000000088200000| PB 0x0000000088200000| Untracked 
|  81|0x0000000088300000, 0x0000000088300000, 0x0000000088400000|  0%| F|  |TAMS 0x0000000088300000| PB 0x0000000088300000| Untracked 
|  82|0x0000000088400000, 0x0000000088400000, 0x0000000088500000|  0%| F|  |TAMS 0x0000000088400000| PB 0x0000000088400000| Untracked 
|  83|0x0000000088500000, 0x0000000088500000, 0x0000000088600000|  0%| F|  |TAMS 0x0000000088500000| PB 0x0000000088500000| Untracked 
|  84|0x0000000088600000, 0x0000000088600000, 0x0000000088700000|  0%| F|  |TAMS 0x0000000088600000| PB 0x0000000088600000| Untracked 
|  85|0x0000000088700000, 0x0000000088700000, 0x0000000088800000|  0%| F|  |TAMS 0x0000000088700000| PB 0x0000000088700000| Untracked 
|  86|0x0000000088800000, 0x0000000088800000, 0x0000000088900000|  0%| F|  |TAMS 0x0000000088800000| PB 0x0000000088800000| Untracked 
|  87|0x0000000088900000, 0x0000000088900000, 0x0000000088a00000|  0%| F|  |TAMS 0x0000000088900000| PB 0x0000000088900000| Untracked 
|  88|0x0000000088a00000, 0x0000000088a00000, 0x0000000088b00000|  0%| F|  |TAMS 0x0000000088a00000| PB 0x0000000088a00000| Untracked 
|  89|0x0000000088b00000, 0x0000000088b00000, 0x0000000088c00000|  0%| F|  |TAMS 0x0000000088b00000| PB 0x0000000088b00000| Untracked 
|  90|0x0000000088c00000, 0x0000000088c00000, 0x0000000088d00000|  0%| F|  |TAMS 0x0000000088c00000| PB 0x0000000088c00000| Untracked 
|  91|0x0000000088d00000, 0x0000000088d00000, 0x0000000088e00000|  0%| F|  |TAMS 0x0000000088d00000| PB 0x0000000088d00000| Untracked 
|  92|0x0000000088e00000, 0x0000000088e00000, 0x0000000088f00000|  0%| F|  |TAMS 0x0000000088e00000| PB 0x0000000088e00000| Untracked 
|  93|0x0000000088f00000, 0x0000000088f00000, 0x0000000089000000|  0%| F|  |TAMS 0x0000000088f00000| PB 0x0000000088f00000| Untracked 
|  94|0x0000000089000000, 0x0000000089000000, 0x0000000089100000|  0%| F|  |TAMS 0x0000000089000000| PB 0x0000000089000000| Untracked 
|  95|0x0000000089100000, 0x0000000089100000, 0x0000000089200000|  0%| F|  |TAMS 0x0000000089100000| PB 0x0000000089100000| Untracked 
|  96|0x0000000089200000, 0x0000000089200000, 0x0000000089300000|  0%| F|  |TAMS 0x0000000089200000| PB 0x0000000089200000| Untracked 
|  97|0x0000000089300000, 0x0000000089300000, 0x0000000089400000|  0%| F|  |TAMS 0x0000000089300000| PB 0x0000000089300000| Untracked 
|  98|0x0000000089400000, 0x0000000089400000, 0x0000000089500000|  0%| F|  |TAMS 0x0000000089400000| PB 0x0000000089400000| Untracked 
|  99|0x0000000089500000, 0x0000000089500000, 0x0000000089600000|  0%| F|  |TAMS 0x0000000089500000| PB 0x0000000089500000| Untracked 
| 100|0x0000000089600000, 0x0000000089600000, 0x0000000089700000|  0%| F|  |TAMS 0x0000000089600000| PB 0x0000000089600000| Untracked 
| 101|0x0000000089700000, 0x0000000089700000, 0x0000000089800000|  0%| F|  |TAMS 0x0000000089700000| PB 0x0000000089700000| Untracked 
| 102|0x0000000089800000, 0x0000000089800000, 0x0000000089900000|  0%| F|  |TAMS 0x0000000089800000| PB 0x0000000089800000| Untracked 
| 103|0x0000000089900000, 0x0000000089900000, 0x0000000089a00000|  0%| F|  |TAMS 0x0000000089900000| PB 0x0000000089900000| Untracked 
| 104|0x0000000089a00000, 0x0000000089a00000, 0x0000000089b00000|  0%| F|  |TAMS 0x0000000089a00000| PB 0x0000000089a00000| Untracked 
| 105|0x0000000089b00000, 0x0000000089b00000, 0x0000000089c00000|  0%| F|  |TAMS 0x0000000089b00000| PB 0x0000000089b00000| Untracked 
| 106|0x0000000089c00000, 0x0000000089cc86a0, 0x0000000089d00000| 78%| S|CS|TAMS 0x0000000089c00000| PB 0x0000000089c00000| Complete 
| 107|0x0000000089d00000, 0x0000000089e00000, 0x0000000089e00000|100%| S|CS|TAMS 0x0000000089d00000| PB 0x0000000089d00000| Complete 
| 108|0x0000000089e00000, 0x0000000089f00000, 0x0000000089f00000|100%| S|CS|TAMS 0x0000000089e00000| PB 0x0000000089e00000| Complete 
| 109|0x0000000089f00000, 0x0000000089f00000, 0x000000008a000000|  0%| F|  |TAMS 0x0000000089f00000| PB 0x0000000089f00000| Untracked 
| 110|0x000000008a000000, 0x000000008a000000, 0x000000008a100000|  0%| F|  |TAMS 0x000000008a000000| PB 0x000000008a000000| Untracked 
| 111|0x000000008a100000, 0x000000008a100000, 0x000000008a200000|  0%| F|  |TAMS 0x000000008a100000| PB 0x000000008a100000| Untracked 
| 112|0x000000008a200000, 0x000000008a200000, 0x000000008a300000|  0%| F|  |TAMS 0x000000008a200000| PB 0x000000008a200000| Untracked 
| 113|0x000000008a300000, 0x000000008a300000, 0x000000008a400000|  0%| F|  |TAMS 0x000000008a300000| PB 0x000000008a300000| Untracked 
| 114|0x000000008a400000, 0x000000008a400000, 0x000000008a500000|  0%| F|  |TAMS 0x000000008a400000| PB 0x000000008a400000| Untracked 
| 115|0x000000008a500000, 0x000000008a500000, 0x000000008a600000|  0%| F|  |TAMS 0x000000008a500000| PB 0x000000008a500000| Untracked 
| 116|0x000000008a600000, 0x000000008a600000, 0x000000008a700000|  0%| F|  |TAMS 0x000000008a600000| PB 0x000000008a600000| Untracked 
| 117|0x000000008a700000, 0x000000008a700000, 0x000000008a800000|  0%| F|  |TAMS 0x000000008a700000| PB 0x000000008a700000| Untracked 
| 118|0x000000008a800000, 0x000000008a800000, 0x000000008a900000|  0%| F|  |TAMS 0x000000008a800000| PB 0x000000008a800000| Untracked 
| 119|0x000000008a900000, 0x000000008a900000, 0x000000008aa00000|  0%| F|  |TAMS 0x000000008a900000| PB 0x000000008a900000| Untracked 
| 120|0x000000008aa00000, 0x000000008aa00000, 0x000000008ab00000|  0%| F|  |TAMS 0x000000008aa00000| PB 0x000000008aa00000| Untracked 
| 121|0x000000008ab00000, 0x000000008ab00000, 0x000000008ac00000|  0%| F|  |TAMS 0x000000008ab00000| PB 0x000000008ab00000| Untracked 
| 122|0x000000008ac00000, 0x000000008ac00000, 0x000000008ad00000|  0%| F|  |TAMS 0x000000008ac00000| PB 0x000000008ac00000| Untracked 
| 123|0x000000008ad00000, 0x000000008ad00000, 0x000000008ae00000|  0%| F|  |TAMS 0x000000008ad00000| PB 0x000000008ad00000| Untracked 
| 124|0x000000008ae00000, 0x000000008ae00000, 0x000000008af00000|  0%| F|  |TAMS 0x000000008ae00000| PB 0x000000008ae00000| Untracked 
| 125|0x000000008af00000, 0x000000008af00000, 0x000000008b000000|  0%| F|  |TAMS 0x000000008af00000| PB 0x000000008af00000| Untracked 
| 126|0x000000008b000000, 0x000000008b000000, 0x000000008b100000|  0%| F|  |TAMS 0x000000008b000000| PB 0x000000008b000000| Untracked 
| 127|0x000000008b100000, 0x000000008b100000, 0x000000008b200000|  0%| F|  |TAMS 0x000000008b100000| PB 0x000000008b100000| Untracked 
| 128|0x000000008b200000, 0x000000008b200000, 0x000000008b300000|  0%| F|  |TAMS 0x000000008b200000| PB 0x000000008b200000| Untracked 
| 129|0x000000008b300000, 0x000000008b300000, 0x000000008b400000|  0%| F|  |TAMS 0x000000008b300000| PB 0x000000008b300000| Untracked 
| 130|0x000000008b400000, 0x000000008b500000, 0x000000008b500000|100%| E|CS|TAMS 0x000000008b400000| PB 0x000000008b400000| Complete 
| 131|0x000000008b500000, 0x000000008b600000, 0x000000008b600000|100%| E|CS|TAMS 0x000000008b500000| PB 0x000000008b500000| Complete 
|1978|0x00000000fec00000, 0x00000000fed00000, 0x00000000fed00000|100%| O|Cm|TAMS 0x00000000fec00000| PB 0x00000000fec00000| Complete 
|1979|0x00000000fed00000, 0x00000000fee00000, 0x00000000fee00000|100%| O|Cm|TAMS 0x00000000fed00000| PB 0x00000000fed00000| Complete 
|1980|0x00000000fee00000, 0x00000000fef00000, 0x00000000fef00000|100%| O|  |TAMS 0x00000000fee00000| PB 0x00000000fee00000| Untracked 
|1981|0x00000000fef00000, 0x00000000ff000000, 0x00000000ff000000|100%| O|  |TAMS 0x00000000fef00000| PB 0x00000000fef00000| Untracked 
|1982|0x00000000ff000000, 0x00000000ff100000, 0x00000000ff100000|100%| O|  |TAMS 0x00000000ff000000| PB 0x00000000ff000000| Untracked 
|1983|0x00000000ff100000, 0x00000000ff200000, 0x00000000ff200000|100%| O|  |TAMS 0x00000000ff100000| PB 0x00000000ff100000| Untracked 
|1984|0x00000000ff200000, 0x00000000ff300000, 0x00000000ff300000|100%| O|Cm|TAMS 0x00000000ff200000| PB 0x00000000ff200000| Complete 
|1985|0x00000000ff300000, 0x00000000ff400000, 0x00000000ff400000|100%| O|Cm|TAMS 0x00000000ff300000| PB 0x00000000ff300000| Complete 
|1986|0x00000000ff400000, 0x00000000ff400000, 0x00000000ff500000|  0%| F|  |TAMS 0x00000000ff400000| PB 0x00000000ff400000| Untracked 
|1987|0x00000000ff500000, 0x00000000ff500000, 0x00000000ff600000|  0%| F|  |TAMS 0x00000000ff500000| PB 0x00000000ff500000| Untracked 
|1988|0x00000000ff600000, 0x00000000ff600000, 0x00000000ff700000|  0%| F|  |TAMS 0x00000000ff600000| PB 0x00000000ff600000| Untracked 
|1989|0x00000000ff700000, 0x00000000ff7835a8, 0x00000000ff800000| 51%| E|  |TAMS 0x00000000ff700000| PB 0x00000000ff700000| Complete 
|1990|0x00000000ff800000, 0x00000000ff900000, 0x00000000ff900000|100%| E|CS|TAMS 0x00000000ff800000| PB 0x00000000ff800000| Complete 
|1991|0x00000000ff900000, 0x00000000ffa00000, 0x00000000ffa00000|100%| O|Cm|TAMS 0x00000000ff900000| PB 0x00000000ff900000| Complete 
|1992|0x00000000ffa00000, 0x00000000ffb00000, 0x00000000ffb00000|100%| O|Cm|TAMS 0x00000000ffa00000| PB 0x00000000ffa00000| Complete 
|1993|0x00000000ffb00000, 0x00000000ffc00000, 0x00000000ffc00000|100%| O|  |TAMS 0x00000000ffb00000| PB 0x00000000ffb00000| Untracked 
|1994|0x00000000ffc00000, 0x00000000ffd00000, 0x00000000ffd00000|100%| O|  |TAMS 0x00000000ffc00000| PB 0x00000000ffc00000| Untracked 
|1995|0x00000000ffd00000, 0x00000000ffe00000, 0x00000000ffe00000|100%| O|  |TAMS 0x00000000ffd00000| PB 0x00000000ffd00000| Untracked 
|1996|0x00000000ffe00000, 0x00000000fff00000, 0x00000000fff00000|100%| O|  |TAMS 0x00000000ffe00000| PB 0x00000000ffe00000| Untracked 
|1997|0x00000000fff00000, 0x0000000100000000, 0x0000000100000000|100%| O|  |TAMS 0x00000000fff00000| PB 0x00000000fff00000| Untracked 

Card table byte_map: [0x000001f621520000,0x000001f621910000] _byte_map_base: 0x000001f621107000

Marking Bits: (CMBitMap*) 0x000001f607c8d930
 Bits: [0x000001f621910000, 0x000001f623848000)

Polling page: 0x000001f607950000

Metaspace:

Usage:
  Non-class:     30.02 MB used.
      Class:      3.72 MB used.
       Both:     33.75 MB used.

Virtual space:
  Non-class space:       64.00 MB reserved,      30.81 MB ( 48%) committed,  1 nodes.
      Class space:        1.00 GB reserved,       4.12 MB ( <1%) committed,  1 nodes.
             Both:        1.06 GB reserved,      34.94 MB (  3%) committed. 

Chunk freelists:
   Non-Class:  17.35 MB
       Class:  12.03 MB
        Both:  29.38 MB

MaxMetaspaceSize: unlimited
CompressedClassSpaceSize: 1.00 GB
Initial GC threshold: 21.00 MB
Current GC threshold: 58.25 MB
CDS: on
 - commit_granule_bytes: 65536.
 - commit_granule_words: 8192.
 - virtual_space_node_default_size: 8388608.
 - enlarge_chunks_in_place: 1.
 - use_allocation_guard: 0.


Internal statistics:

num_allocs_failed_limit: 9.
num_arena_births: 644.
num_arena_deaths: 6.
num_vsnodes_births: 2.
num_vsnodes_deaths: 0.
num_space_committed: 576.
num_space_uncommitted: 9.
num_chunks_returned_to_freelist: 119.
num_chunks_taken_from_freelist: 2082.
num_chunk_merges: 29.
num_chunk_splits: 1419.
num_chunks_enlarged: 1044.
num_inconsistent_stats: 0.

CodeHeap 'non-profiled nmethods': size=120000Kb used=5827Kb max_used=6663Kb free=114172Kb
 bounds [0x000001f6191a0000, 0x000001f619830000, 0x000001f6206d0000]
CodeHeap 'profiled nmethods': size=120000Kb used=20945Kb max_used=24223Kb free=99054Kb
 bounds [0x000001f6116d0000, 0x000001f612e80000, 0x000001f618c00000]
CodeHeap 'non-nmethods': size=5760Kb used=1658Kb max_used=1691Kb free=4101Kb
 bounds [0x000001f618c00000, 0x000001f618e70000, 0x000001f6191a0000]
 total_blobs=9604 nmethods=9035 adapters=473
 compilation: enabled
              stopped_count=0, restarted_count=0
 full_count=0

Compilation events (20 events):
Event: 21.070 Thread 0x000001f626329be0 nmethod 10192 0x000001f612e6b890 code [0x000001f612e6c480, 0x000001f612e73780]
Event: 21.070 Thread 0x000001f626329be0 10193   !   3       jdk.proxy2.$Proxy7::annotationType (29 bytes)
Event: 21.071 Thread 0x000001f626329be0 nmethod 10193 0x000001f612e76d90 code [0x000001f612e76f60, 0x000001f612e77360]
Event: 21.071 Thread 0x000001f626329be0 10194       3       com.google.inject.Key::get (13 bytes)
Event: 21.071 Thread 0x000001f626329be0 nmethod 10194 0x000001f612e77510 code [0x000001f612e77700, 0x000001f612e77bb8]
Event: 21.099 Thread 0x000001f6263268e0 nmethod 10159 0x000001f619336c90 code [0x000001f619337180, 0x000001f61933a148]
Event: 21.099 Thread 0x000001f626329be0 10196   !   3       jdk.nio.zipfs.ZipFileSystem::close (390 bytes)
Event: 21.100 Thread 0x000001f6263268e0 10160       4       sun.nio.cs.StreamDecoder::lockedRead (189 bytes)
Event: 21.104 Thread 0x000001f626329be0 nmethod 10196 0x000001f611d02e10 code [0x000001f611d035c0, 0x000001f611d08618]
Event: 21.105 Thread 0x000001f626329be0 10198       3       com.google.common.base.Objects::hashCode (5 bytes)
Event: 21.105 Thread 0x000001f626329be0 nmethod 10198 0x000001f611796e10 code [0x000001f611796fc0, 0x000001f6117970d8]
Event: 21.129 Thread 0x000001f626329be0 10199       3       com.google.inject.internal.KotlinSupport$KotlinUnsupported::checkConstructorParameterAnnotations (1 bytes)
Event: 21.130 Thread 0x000001f626329be0 nmethod 10199 0x000001f6116d7410 code [0x000001f6116d75a0, 0x000001f6116d76a8]
Event: 21.130 Thread 0x000001f626329be0 10200       3       java.lang.reflect.Constructor::getParameterAnnotations (13 bytes)
Event: 21.130 Thread 0x000001f626329be0 nmethod 10200 0x000001f6116d1790 code [0x000001f6116d1940, 0x000001f6116d1b10]
Event: 21.130 Thread 0x000001f626329be0 10201       3       com.google.inject.internal.KotlinSupport$KotlinUnsupported::getIsParameterKotlinNullablePredicate (4 bytes)
Event: 21.130 Thread 0x000001f626329be0 nmethod 10201 0x000001f6117a6e90 code [0x000001f6117a7020, 0x000001f6117a7138]
Event: 21.132 Thread 0x000001f626329be0 10202       3       java.lang.reflect.Constructor::getDeclaredAnnotations (5 bytes)
Event: 21.132 Thread 0x000001f626329be0 nmethod 10202 0x000001f611724a90 code [0x000001f611724c80, 0x000001f611725128]
Event: 21.136 Thread 0x000001f6263268e0 nmethod 10160 0x000001f619389b90 code [0x000001f619389ea0, 0x000001f61938aea8]

GC Heap History (20 events):
Event: 9.438 GC heap before
{Heap before GC invocations=3 (full 0):
 garbage-first heap   total 129024K, used 80571K [0x0000000083200000, 0x0000000100000000)
  region size 1024K, 75 young (76800K), 10 survivors (10240K)
 Metaspace       used 18131K, committed 18432K, reserved 1114112K
  class space    used 2026K, committed 2176K, reserved 1048576K
}
Event: 9.455 GC heap after
{Heap after GC invocations=4 (full 0):
 garbage-first heap   total 129024K, used 16403K [0x0000000083200000, 0x0000000100000000)
  region size 1024K, 4 young (4096K), 4 survivors (4096K)
 Metaspace       used 18131K, committed 18432K, reserved 1114112K
  class space    used 2026K, committed 2176K, reserved 1048576K
}
Event: 10.213 GC heap before
{Heap before GC invocations=4 (full 0):
 garbage-first heap   total 129024K, used 46099K [0x0000000083200000, 0x0000000100000000)
  region size 1024K, 27 young (27648K), 4 survivors (4096K)
 Metaspace       used 21153K, committed 21504K, reserved 1114112K
  class space    used 2383K, committed 2560K, reserved 1048576K
}
Event: 10.225 GC heap after
{Heap after GC invocations=5 (full 0):
 garbage-first heap   total 129024K, used 27672K [0x0000000083200000, 0x0000000100000000)
  region size 1024K, 9 young (9216K), 9 survivors (9216K)
 Metaspace       used 21153K, committed 21504K, reserved 1114112K
  class space    used 2383K, committed 2560K, reserved 1048576K
}
Event: 11.944 GC heap before
{Heap before GC invocations=6 (full 0):
 garbage-first heap   total 99328K, used 96280K [0x0000000083200000, 0x0000000100000000)
  region size 1024K, 75 young (76800K), 9 survivors (9216K)
 Metaspace       used 27135K, committed 27520K, reserved 1114112K
  class space    used 3039K, committed 3200K, reserved 1048576K
}
Event: 11.996 GC heap after
{Heap after GC invocations=7 (full 0):
 garbage-first heap   total 121856K, used 41496K [0x0000000083200000, 0x0000000100000000)
  region size 1024K, 10 young (10240K), 10 survivors (10240K)
 Metaspace       used 27135K, committed 27520K, reserved 1114112K
  class space    used 3039K, committed 3200K, reserved 1048576K
}
Event: 13.396 GC heap before
{Heap before GC invocations=7 (full 0):
 garbage-first heap   total 121856K, used 94744K [0x0000000083200000, 0x0000000100000000)
  region size 1024K, 63 young (64512K), 10 survivors (10240K)
 Metaspace       used 29522K, committed 29952K, reserved 1114112K
  class space    used 3268K, committed 3456K, reserved 1048576K
}
Event: 13.427 GC heap after
{Heap after GC invocations=8 (full 0):
 garbage-first heap   total 121856K, used 45568K [0x0000000083200000, 0x0000000100000000)
  region size 1024K, 4 young (4096K), 4 survivors (4096K)
 Metaspace       used 29522K, committed 29952K, reserved 1114112K
  class space    used 3268K, committed 3456K, reserved 1048576K
}
Event: 14.294 GC heap before
{Heap before GC invocations=8 (full 0):
 garbage-first heap   total 121856K, used 99840K [0x0000000083200000, 0x0000000100000000)
  region size 1024K, 57 young (58368K), 4 survivors (4096K)
 Metaspace       used 30443K, committed 30976K, reserved 1114112K
  class space    used 3371K, committed 3584K, reserved 1048576K
}
Event: 14.313 GC heap after
{Heap after GC invocations=9 (full 0):
 garbage-first heap   total 121856K, used 47600K [0x0000000083200000, 0x0000000100000000)
  region size 1024K, 6 young (6144K), 6 survivors (6144K)
 Metaspace       used 30443K, committed 30976K, reserved 1114112K
  class space    used 3371K, committed 3584K, reserved 1048576K
}
Event: 14.948 GC heap before
{Heap before GC invocations=9 (full 0):
 garbage-first heap   total 121856K, used 102896K [0x0000000083200000, 0x0000000100000000)
  region size 1024K, 60 young (61440K), 6 survivors (6144K)
 Metaspace       used 30608K, committed 31104K, reserved 1114112K
  class space    used 3376K, committed 3584K, reserved 1048576K
}
Event: 14.970 GC heap after
{Heap after GC invocations=10 (full 0):
 garbage-first heap   total 121856K, used 49408K [0x0000000083200000, 0x0000000100000000)
  region size 1024K, 4 young (4096K), 4 survivors (4096K)
 Metaspace       used 30608K, committed 31104K, reserved 1114112K
  class space    used 3376K, committed 3584K, reserved 1048576K
}
Event: 15.941 GC heap before
{Heap before GC invocations=10 (full 0):
 garbage-first heap   total 121856K, used 104704K [0x0000000083200000, 0x0000000100000000)
  region size 1024K, 58 young (59392K), 4 survivors (4096K)
 Metaspace       used 32150K, committed 32640K, reserved 1114112K
  class space    used 3581K, committed 3776K, reserved 1048576K
}
Event: 15.961 GC heap after
{Heap after GC invocations=11 (full 0):
 garbage-first heap   total 148480K, used 50432K [0x0000000083200000, 0x0000000100000000)
  region size 1024K, 5 young (5120K), 5 survivors (5120K)
 Metaspace       used 32150K, committed 32640K, reserved 1114112K
  class space    used 3581K, committed 3776K, reserved 1048576K
}
Event: 18.079 GC heap before
{Heap before GC invocations=11 (full 0):
 garbage-first heap   total 148480K, used 135424K [0x0000000083200000, 0x0000000100000000)
  region size 1024K, 81 young (82944K), 5 survivors (5120K)
 Metaspace       used 33264K, committed 33728K, reserved 1114112K
  class space    used 3645K, committed 3840K, reserved 1048576K
}
Event: 18.112 GC heap after
{Heap after GC invocations=12 (full 0):
 garbage-first heap   total 155648K, used 70070K [0x0000000083200000, 0x0000000100000000)
  region size 1024K, 11 young (11264K), 11 survivors (11264K)
 Metaspace       used 33264K, committed 33728K, reserved 1114112K
  class space    used 3645K, committed 3840K, reserved 1048576K
}
Event: 19.679 GC heap before
{Heap before GC invocations=12 (full 0):
 garbage-first heap   total 155648K, used 129462K [0x0000000083200000, 0x0000000100000000)
  region size 1024K, 70 young (71680K), 11 survivors (11264K)
 Metaspace       used 34878K, committed 35392K, reserved 1114112K
  class space    used 3818K, committed 4032K, reserved 1048576K
}
Event: 19.694 GC heap after
{Heap after GC invocations=13 (full 0):
 garbage-first heap   total 155648K, used 69632K [0x0000000083200000, 0x0000000100000000)
  region size 1024K, 4 young (4096K), 4 survivors (4096K)
 Metaspace       used 34878K, committed 35392K, reserved 1114112K
  class space    used 3818K, committed 4032K, reserved 1048576K
}
Event: 21.039 GC heap before
{Heap before GC invocations=13 (full 0):
 garbage-first heap   total 155648K, used 92160K [0x0000000083200000, 0x0000000100000000)
  region size 1024K, 27 young (27648K), 4 survivors (4096K)
 Metaspace       used 36118K, committed 36736K, reserved 1114112K
  class space    used 3974K, committed 4224K, reserved 1048576K
}
Event: 21.044 GC heap after
{Heap after GC invocations=14 (full 0):
 garbage-first heap   total 155648K, used 68385K [0x0000000083200000, 0x0000000100000000)
  region size 1024K, 3 young (3072K), 3 survivors (3072K)
 Metaspace       used 36118K, committed 36736K, reserved 1114112K
  class space    used 3974K, committed 4224K, reserved 1048576K
}

Dll operation events (8 events):
Event: 0.016 Loaded shared library C:\Program Files\Java\jdk-21\bin\java.dll
Event: 0.074 Loaded shared library C:\Program Files\Java\jdk-21\bin\jsvml.dll
Event: 0.094 Loaded shared library C:\Program Files\Java\jdk-21\bin\net.dll
Event: 0.098 Loaded shared library C:\Program Files\Java\jdk-21\bin\nio.dll
Event: 0.105 Loaded shared library C:\Program Files\Java\jdk-21\bin\zip.dll
Event: 0.404 Loaded shared library C:\Program Files\Java\jdk-21\bin\jimage.dll
Event: 0.415 Loaded shared library C:\Users\tejas\.m2\wrapper\dists\apache-maven-3.9.10\a38810a491b03367137adfdfbe7d14c4\lib\jansi-native\Windows\x86_64\jansi.dll
Event: 0.441 Loaded shared library C:\Program Files\Java\jdk-21\bin\verify.dll

Deoptimization events (20 events):
Event: 19.758 Thread 0x000001f607733d90 DEOPT PACKING pc=0x000001f619299334 sp=0x000000525e0fdfc0
Event: 19.758 Thread 0x000001f607733d90 DEOPT UNPACKING pc=0x000001f618c57da2 sp=0x000000525e0fdf08 mode 2
Event: 19.759 Thread 0x000001f607733d90 Uncommon trap: trap_request=0xffffffde fr.pc=0x000001f619299334 relative=0x0000000000000494
Event: 19.759 Thread 0x000001f607733d90 Uncommon trap: reason=class_check action=maybe_recompile pc=0x000001f619299334 method=com.google.inject.internal.MoreTypes.getRawType(Ljava/lang/reflect/Type;)Ljava/lang/Class; @ 13 c2
Event: 19.759 Thread 0x000001f607733d90 DEOPT PACKING pc=0x000001f619299334 sp=0x000000525e0fdfc0
Event: 19.759 Thread 0x000001f607733d90 DEOPT UNPACKING pc=0x000001f618c57da2 sp=0x000000525e0fdf08 mode 2
Event: 19.759 Thread 0x000001f607733d90 Uncommon trap: trap_request=0xffffffde fr.pc=0x000001f619295dd0 relative=0x0000000000000090
Event: 19.759 Thread 0x000001f607733d90 Uncommon trap: reason=class_check action=maybe_recompile pc=0x000001f619295dd0 method=com.google.inject.internal.MoreTypes.getRawType(Ljava/lang/reflect/Type;)Ljava/lang/Class; @ 13 c2
Event: 19.759 Thread 0x000001f607733d90 DEOPT PACKING pc=0x000001f619295dd0 sp=0x000000525e0fdf70
Event: 19.759 Thread 0x000001f607733d90 DEOPT UNPACKING pc=0x000001f618c57da2 sp=0x000000525e0fdf00 mode 2
Event: 20.838 Thread 0x000001f607733d90 DEOPT PACKING pc=0x000001f61272c43f sp=0x000000525e0fbe40
Event: 20.838 Thread 0x000001f607733d90 DEOPT UNPACKING pc=0x000001f618c588e2 sp=0x000000525e0fb308 mode 0
Event: 20.891 Thread 0x000001f607733d90 Uncommon trap: trap_request=0xffffff45 fr.pc=0x000001f6197fd90c relative=0x0000000000002b0c
Event: 20.891 Thread 0x000001f607733d90 Uncommon trap: reason=unstable_if action=reinterpret pc=0x000001f6197fd90c method=org.codehaus.plexus.util.xml.pull.MXParser.parseAttribute()C @ 793 c2
Event: 20.891 Thread 0x000001f607733d90 DEOPT PACKING pc=0x000001f6197fd90c sp=0x000000525e0fc3d0
Event: 20.892 Thread 0x000001f607733d90 DEOPT UNPACKING pc=0x000001f618c57da2 sp=0x000000525e0fc358 mode 2
Event: 21.111 Thread 0x000001f607733d90 Uncommon trap: trap_request=0xffffff45 fr.pc=0x000001f61950897c relative=0x000000000000023c
Event: 21.111 Thread 0x000001f607733d90 Uncommon trap: reason=unstable_if action=reinterpret pc=0x000001f61950897c method=java.lang.StringLatin1.lastIndexOf([BI[BII)I @ 86 c2
Event: 21.111 Thread 0x000001f607733d90 DEOPT PACKING pc=0x000001f61950897c sp=0x000000525e0fd320
Event: 21.111 Thread 0x000001f607733d90 DEOPT UNPACKING pc=0x000001f618c57da2 sp=0x000000525e0fd168 mode 2

Classes loaded (20 events):
Event: 19.771 Loading class java/lang/ProcessHandle
Event: 19.772 Loading class java/lang/ProcessHandle done
Event: 19.772 Loading class java/lang/ProcessHandle$Info
Event: 19.772 Loading class java/lang/ProcessHandle$Info done
Event: 19.772 Loading class java/util/concurrent/CompletableFuture
Event: 19.773 Loading class java/util/concurrent/CompletionStage
Event: 19.773 Loading class java/util/concurrent/CompletionStage done
Event: 19.773 Loading class java/util/concurrent/CompletableFuture done
Event: 19.774 Loading class java/lang/ProcessHandleImpl
Event: 19.774 Loading class java/lang/ProcessHandleImpl done
Event: 19.777 Loading class java/util/concurrent/SynchronousQueue
Event: 19.777 Loading class java/util/concurrent/SynchronousQueue done
Event: 19.777 Loading class java/util/concurrent/SynchronousQueue$Transferer
Event: 19.778 Loading class java/util/concurrent/LinkedTransferQueue
Event: 19.778 Loading class java/util/concurrent/TransferQueue
Event: 19.778 Loading class java/util/concurrent/TransferQueue done
Event: 19.779 Loading class java/util/concurrent/LinkedTransferQueue done
Event: 19.779 Loading class java/util/concurrent/SynchronousQueue$Transferer done
Event: 19.779 Loading class java/util/concurrent/LinkedTransferQueue$DualNode
Event: 19.779 Loading class java/util/concurrent/LinkedTransferQueue$DualNode done

Classes unloaded (20 events):
Event: 21.077 Thread 0x000001f6262f2420 Unloading class 0x000001f6283327d0 'lombok/javac/apt/MessagerDiagnosticsReceiver'
Event: 21.077 Thread 0x000001f6262f2420 Unloading class 0x000001f628332410 'lombok/javac/apt/InterceptingJavaFileManager'
Event: 21.077 Thread 0x000001f6262f2420 Unloading class 0x000001f628332210 'lombok/permit/dummy/Parent'
Event: 21.077 Thread 0x000001f6262f2420 Unloading class 0x000001f628332000 'lombok/core/CleanupRegistry'
Event: 21.077 Thread 0x000001f6262f2420 Unloading class 0x000001f628331db8 'lombok/permit/Permit$Fake'
Event: 21.077 Thread 0x000001f6262f2420 Unloading class 0x000001f628331bc0 'lombok/permit/Permit'
Event: 21.077 Thread 0x000001f6262f2420 Unloading class 0x000001f6283318d8 'lombok/javac/apt/LombokProcessor$1'
Event: 21.077 Thread 0x000001f6262f2420 Unloading class 0x000001f6283316e8 'lombok/core/DiagnosticsReceiver'
Event: 21.077 Thread 0x000001f6262f2420 Unloading class 0x000001f628331458 'lombok/javac/apt/LombokProcessor'
Event: 21.077 Thread 0x000001f6262f2420 Unloading class 0x000001f628331230 'lombok/core/AnnotationProcessor$EcjDescriptor'
Event: 21.077 Thread 0x000001f6262f2420 Unloading class 0x000001f628331000 'lombok/core/AnnotationProcessor$JavacDescriptor'
Event: 21.077 Thread 0x000001f6262f2420 Unloading class 0x000001f628330a78 'lombok/core/AnnotationProcessor$ProcessorDescriptor'
Event: 21.077 Thread 0x000001f6262f2420 Unloading class 0x000001f628330800 'lombok/core/AnnotationProcessor'
Event: 21.077 Thread 0x000001f6262f2420 Unloading class 0x000001f62838d000 'lombok/launch/AnnotationProcessorHider$ClaimingProcessor'
Event: 21.077 Thread 0x000001f6262f2420 Unloading class 0x000001f628330488 'lombok/launch/AnnotationProcessorHider$AstModificationNotifierData'
Event: 21.077 Thread 0x000001f6262f2420 Unloading class 0x000001f628330210 'lombok/launch/ClassFileMetaData'
Event: 21.077 Thread 0x000001f6262f2420 Unloading class 0x000001f628330000 'lombok/launch/PackageShader'
Event: 21.077 Thread 0x000001f6262f2420 Unloading class 0x000001f62830c470 'lombok/launch/ShadowClassLoader'
Event: 21.077 Thread 0x000001f6262f2420 Unloading class 0x000001f62830c278 'lombok/launch/Main'
Event: 21.077 Thread 0x000001f6262f2420 Unloading class 0x000001f62830c000 'lombok/launch/AnnotationProcessorHider$AnnotationProcessor'

Classes redefined (0 events):
No events

Internal exceptions (20 events):
Event: 19.166 Thread 0x000001f607733d90 Exception <a 'sun/nio/fs/WindowsException'{0x00000000888ba830}> (0x00000000888ba830) 
thrown [s\open\src\hotspot\share\prims\jni.cpp, line 520]
Event: 19.170 Thread 0x000001f607733d90 Exception <a 'sun/nio/fs/WindowsException'{0x00000000888ed748}> (0x00000000888ed748) 
thrown [s\open\src\hotspot\share\prims\jni.cpp, line 520]
Event: 19.170 Thread 0x000001f607733d90 Exception <a 'sun/nio/fs/WindowsException'{0x00000000888ee1d0}> (0x00000000888ee1d0) 
thrown [s\open\src\hotspot\share\prims\jni.cpp, line 520]
Event: 19.170 Thread 0x000001f607733d90 Exception <a 'sun/nio/fs/WindowsException'{0x00000000888eed20}> (0x00000000888eed20) 
thrown [s\open\src\hotspot\share\prims\jni.cpp, line 520]
Event: 19.173 Thread 0x000001f607733d90 Exception <a 'sun/nio/fs/WindowsException'{0x000000008870f040}> (0x000000008870f040) 
thrown [s\open\src\hotspot\share\prims\jni.cpp, line 520]
Event: 19.173 Thread 0x000001f607733d90 Exception <a 'sun/nio/fs/WindowsException'{0x000000008870fac8}> (0x000000008870fac8) 
thrown [s\open\src\hotspot\share\prims\jni.cpp, line 520]
Event: 19.173 Thread 0x000001f607733d90 Exception <a 'sun/nio/fs/WindowsException'{0x0000000088710618}> (0x0000000088710618) 
thrown [s\open\src\hotspot\share\prims\jni.cpp, line 520]
Event: 19.179 Thread 0x000001f607733d90 Exception <a 'sun/nio/fs/WindowsException'{0x00000000887ee410}> (0x00000000887ee410) 
thrown [s\open\src\hotspot\share\prims\jni.cpp, line 520]
Event: 19.183 Thread 0x000001f607733d90 Exception <a 'sun/nio/fs/WindowsException'{0x00000000887f5718}> (0x00000000887f5718) 
thrown [s\open\src\hotspot\share\prims\jni.cpp, line 520]
Event: 19.187 Thread 0x000001f607733d90 Exception <a 'sun/nio/fs/WindowsException'{0x00000000887fcaf8}> (0x00000000887fcaf8) 
thrown [s\open\src\hotspot\share\prims\jni.cpp, line 520]
Event: 19.187 Thread 0x000001f607733d90 Exception <a 'sun/nio/fs/WindowsException'{0x00000000887fd290}> (0x00000000887fd290) 
thrown [s\open\src\hotspot\share\prims\jni.cpp, line 520]
Event: 19.187 Thread 0x000001f607733d90 Exception <a 'sun/nio/fs/WindowsException'{0x00000000887fd860}> (0x00000000887fd860) 
thrown [s\open\src\hotspot\share\prims\jni.cpp, line 520]
Event: 19.187 Thread 0x000001f607733d90 Exception <a 'sun/nio/fs/WindowsException'{0x00000000887fdfe0}> (0x00000000887fdfe0) 
thrown [s\open\src\hotspot\share\prims\jni.cpp, line 520]
Event: 19.187 Thread 0x000001f607733d90 Exception <a 'sun/nio/fs/WindowsException'{0x00000000887fe748}> (0x00000000887fe748) 
thrown [s\open\src\hotspot\share\prims\jni.cpp, line 520]
Event: 19.757 Thread 0x000001f607733d90 Implicit null exception at 0x000001f619741477 to 0x000001f6197416e8
Event: 19.775 Thread 0x000001f66e80d5f0 Exception <a 'java/lang/NoSuchMethodError'{0x000000008b0a0ed8}: 'java.lang.Object java.lang.invoke.DirectMethodHandle$Holder.invokeStatic(java.lang.Object, long, java.lang.Object)'> (0x000000008b0a0ed8) 
thrown [s\open\src\hotspot\share\interpreter\linkResolver.cpp, line 773]
Event: 19.776 Thread 0x000001f66e80d5f0 Exception <a 'java/lang/NoSuchMethodError'{0x000000008b0a4290}: 'java.lang.Object java.lang.invoke.DirectMethodHandle$Holder.invokeStaticInit(java.lang.Object, long, java.lang.Object)'> (0x000000008b0a4290) 
thrown [s\open\src\hotspot\share\interpreter\linkResolver.cpp, line 773]
Event: 19.776 Thread 0x000001f66e80d5f0 Exception <a 'java/lang/NoSuchMethodError'{0x000000008b0a9670}: 'java.lang.Object java.lang.invoke.DirectMethodHandle$Holder.newInvokeSpecial(java.lang.Object, long)'> (0x000000008b0a9670) 
thrown [s\open\src\hotspot\share\interpreter\linkResolver.cpp, line 773]
Event: 19.780 Thread 0x000001f66e80d5f0 Exception <a 'java/lang/NoSuchMethodError'{0x000000008b0ade88}: 'long java.lang.invoke.DirectMethodHandle$Holder.invokeInterface(java.lang.Object, java.lang.Object)'> (0x000000008b0ade88) 
thrown [s\open\src\hotspot\share\interpreter\linkResolver.cpp, line 773]
Event: 19.780 Thread 0x000001f66e80d5f0 Exception <a 'java/lang/NoSuchMethodError'{0x000000008b0b1350}: 'long java.lang.invoke.DelegatingMethodHandle$Holder.reinvoke_L(java.lang.Object, java.lang.Object)'> (0x000000008b0b1350) 
thrown [s\open\src\hotspot\share\interpreter\linkResolver.cpp, line 773]

ZGC Phase Switch (0 events):
No events

VM Operations (20 events):
Event: 17.111 Executing VM operation: ICBufferFull done
Event: 17.345 Executing VM operation: ICBufferFull
Event: 17.345 Executing VM operation: ICBufferFull done
Event: 18.079 Executing VM operation: G1CollectForAllocation (G1 Evacuation Pause)
Event: 18.112 Executing VM operation: G1CollectForAllocation (G1 Evacuation Pause) done
Event: 19.121 Executing VM operation: Cleanup
Event: 19.121 Executing VM operation: Cleanup done
Event: 19.679 Executing VM operation: G1CollectForAllocation (G1 Evacuation Pause)
Event: 19.694 Executing VM operation: G1CollectForAllocation (G1 Evacuation Pause) done
Event: 19.749 Executing VM operation: HandshakeAllThreads (Deoptimize)
Event: 19.749 Executing VM operation: HandshakeAllThreads (Deoptimize) done
Event: 20.759 Executing VM operation: Cleanup
Event: 20.853 Executing VM operation: Cleanup done
Event: 21.039 Executing VM operation: CollectForMetadataAllocation (Metadata GC Threshold)
Event: 21.044 Executing VM operation: CollectForMetadataAllocation (Metadata GC Threshold) done
Event: 21.076 Executing VM operation: G1PauseRemark
Event: 21.099 Executing VM operation: G1PauseRemark done
Event: 21.114 Executing VM operation: G1PauseCleanup
Event: 21.114 Executing VM operation: G1PauseCleanup done
Event: 22.129 Executing VM operation: Cleanup

Events (20 events):
Event: 21.096 Thread 0x000001f6262f2420 flushing nmethod 0x000001f612796190
Event: 21.096 Thread 0x000001f6262f2420 flushing nmethod 0x000001f612796a10
Event: 21.096 Thread 0x000001f6262f2420 flushing nmethod 0x000001f612797d10
Event: 21.096 Thread 0x000001f6262f2420 flushing nmethod 0x000001f612798310
Event: 21.096 Thread 0x000001f6262f2420 flushing nmethod 0x000001f612798690
Event: 21.096 Thread 0x000001f6262f2420 flushing nmethod 0x000001f612799f10
Event: 21.096 Thread 0x000001f6262f2420 flushing nmethod 0x000001f61279a390
Event: 21.096 Thread 0x000001f6262f2420 flushing nmethod 0x000001f61279c210
Event: 21.096 Thread 0x000001f6262f2420 flushing nmethod 0x000001f61279c910
Event: 21.096 Thread 0x000001f6262f2420 flushing nmethod 0x000001f61279cf90
Event: 21.096 Thread 0x000001f6262f2420 flushing nmethod 0x000001f6127a6010
Event: 21.096 Thread 0x000001f6262f2420 flushing nmethod 0x000001f6127a8c90
Event: 21.096 Thread 0x000001f6262f2420 flushing nmethod 0x000001f6127a9d90
Event: 21.096 Thread 0x000001f6262f2420 flushing nmethod 0x000001f6127ab110
Event: 21.096 Thread 0x000001f6262f2420 flushing nmethod 0x000001f6127ab490
Event: 21.096 Thread 0x000001f6262f2420 flushing nmethod 0x000001f6127ab810
Event: 21.096 Thread 0x000001f6262f2420 flushing nmethod 0x000001f6127adf90
Event: 21.096 Thread 0x000001f6262f2420 flushing nmethod 0x000001f6127af410
Event: 21.096 Thread 0x000001f6262f2420 flushing nmethod 0x000001f6128c0490
Event: 21.096 Thread 0x000001f6262f2420 flushing nmethod 0x000001f612ca2790


Dynamic libraries:
0x00007ff684890000 - 0x00007ff6848a0000 	C:\Program Files\Java\jdk-21\bin\java.exe
0x00007ffbbc300000 - 0x00007ffbbc567000 	C:\WINDOWS\SYSTEM32\ntdll.dll
0x00007ffbba6a0000 - 0x00007ffbba769000 	C:\WINDOWS\System32\KERNEL32.DLL
0x00007ffbb9730000 - 0x00007ffbb9b20000 	C:\WINDOWS\System32\KERNELBASE.dll
0x00007ffbb95e0000 - 0x00007ffbb972b000 	C:\WINDOWS\System32\ucrtbase.dll
0x00007ffb87bf0000 - 0x00007ffb87c0b000 	C:\Program Files\Java\jdk-21\bin\VCRUNTIME140.dll
0x00007ffb87bd0000 - 0x00007ffb87be9000 	C:\Program Files\Java\jdk-21\bin\jli.dll
0x00007ffbbc120000 - 0x00007ffbbc1d4000 	C:\WINDOWS\System32\ADVAPI32.dll
0x00007ffbbc1e0000 - 0x00007ffbbc289000 	C:\WINDOWS\System32\msvcrt.dll
0x00007ffbbba00000 - 0x00007ffbbbaa6000 	C:\WINDOWS\System32\sechost.dll
0x00007ffbbad40000 - 0x00007ffbbae58000 	C:\WINDOWS\System32\RPCRT4.dll
0x00007ffbbbe50000 - 0x00007ffbbc015000 	C:\WINDOWS\System32\USER32.dll
0x00007ffba1b40000 - 0x00007ffba1dda000 	C:\WINDOWS\WinSxS\amd64_microsoft.windows.common-controls_6595b64144ccf1df_6.0.26100.4768_none_3e0c112ce331287c\COMCTL32.dll
0x00007ffbb95b0000 - 0x00007ffbb95d7000 	C:\WINDOWS\System32\win32u.dll
0x00007ffbbc290000 - 0x00007ffbbc2bb000 	C:\WINDOWS\System32\GDI32.dll
0x00007ffbb9f50000 - 0x00007ffbba088000 	C:\WINDOWS\System32\gdi32full.dll
0x00007ffbb9b30000 - 0x00007ffbb9bd3000 	C:\WINDOWS\System32\msvcp_win.dll
0x00007ffbb0680000 - 0x00007ffbb068b000 	C:\WINDOWS\SYSTEM32\VERSION.dll
0x00007ffbbb990000 - 0x00007ffbbb9bf000 	C:\WINDOWS\System32\IMM32.DLL
0x00007ffb888d0000 - 0x00007ffb888dc000 	C:\Program Files\Java\jdk-21\bin\vcruntime140_1.dll
0x00007ffb50440000 - 0x00007ffb504ce000 	C:\Program Files\Java\jdk-21\bin\msvcp140.dll
0x00007ffac1070000 - 0x00007ffac1d8d000 	C:\Program Files\Java\jdk-21\bin\server\jvm.dll
0x00007ffbbac10000 - 0x00007ffbbac84000 	C:\WINDOWS\System32\WS2_32.dll
0x00007ffbb9290000 - 0x00007ffbb92ee000 	C:\WINDOWS\SYSTEM32\POWRPROF.dll
0x00007ffba1de0000 - 0x00007ffba1e15000 	C:\WINDOWS\SYSTEM32\WINMM.dll
0x00007ffbb9270000 - 0x00007ffbb9284000 	C:\WINDOWS\SYSTEM32\UMPDC.dll
0x00007ffbb8190000 - 0x00007ffbb81ab000 	C:\WINDOWS\SYSTEM32\kernel.appcore.dll
0x00007ffb87bc0000 - 0x00007ffb87bca000 	C:\Program Files\Java\jdk-21\bin\jimage.dll
0x00007ffbb6c90000 - 0x00007ffbb6ed1000 	C:\WINDOWS\SYSTEM32\DBGHELP.DLL
0x00007ffbbbab0000 - 0x00007ffbbbe35000 	C:\WINDOWS\System32\combase.dll
0x00007ffbbc030000 - 0x00007ffbbc110000 	C:\WINDOWS\System32\OLEAUT32.dll
0x00007ffb9df90000 - 0x00007ffb9dfd3000 	C:\WINDOWS\SYSTEM32\dbgcore.DLL
0x00007ffbb9be0000 - 0x00007ffbb9c79000 	C:\WINDOWS\System32\bcryptPrimitives.dll
0x00007ffb85490000 - 0x00007ffb854af000 	C:\Program Files\Java\jdk-21\bin\java.dll
0x00007ffbbb030000 - 0x00007ffbbb77d000 	C:\WINDOWS\System32\SHELL32.dll
0x00007ffbb9c80000 - 0x00007ffbb9df3000 	C:\WINDOWS\System32\wintypes.dll
0x00007ffbb6fe0000 - 0x00007ffbb7840000 	C:\WINDOWS\SYSTEM32\windows.storage.dll
0x00007ffbbaee0000 - 0x00007ffbbafd5000 	C:\WINDOWS\System32\SHCORE.dll
0x00007ffbba310000 - 0x00007ffbba37a000 	C:\WINDOWS\System32\shlwapi.dll
0x00007ffbb9350000 - 0x00007ffbb9379000 	C:\WINDOWS\SYSTEM32\profapi.dll
0x00007ffb3c190000 - 0x00007ffb3c267000 	C:\Program Files\Java\jdk-21\bin\jsvml.dll
0x00007ffb87b30000 - 0x00007ffb87b40000 	C:\Program Files\Java\jdk-21\bin\net.dll
0x00007ffbb32e0000 - 0x00007ffbb33fe000 	C:\WINDOWS\SYSTEM32\WINHTTP.dll
0x00007ffbb8740000 - 0x00007ffbb87ab000 	C:\WINDOWS\system32\mswsock.dll
0x00007ffb846b0000 - 0x00007ffb846c6000 	C:\Program Files\Java\jdk-21\bin\nio.dll
0x00007ffb84690000 - 0x00007ffb846a8000 	C:\Program Files\Java\jdk-21\bin\zip.dll
0x00007ffb7d9c0000 - 0x00007ffb7d9e4000 	C:\Users\tejas\.m2\wrapper\dists\apache-maven-3.9.10\a38810a491b03367137adfdfbe7d14c4\lib\jansi-native\Windows\x86_64\jansi.dll
0x00007ffb87a50000 - 0x00007ffb87a60000 	C:\Program Files\Java\jdk-21\bin\verify.dll
0x00007ffbb82e0000 - 0x00007ffbb8316000 	C:\WINDOWS\SYSTEM32\ntmarta.dll

dbghelp: loaded successfully - version: 4.0.5 - missing functions: none
symbol engine: initialized successfully - sym options: 0x614 - pdb path: .;C:\Program Files\Java\jdk-21\bin;C:\WINDOWS\SYSTEM32;C:\WINDOWS\WinSxS\amd64_microsoft.windows.common-controls_6595b64144ccf1df_6.0.26100.4768_none_3e0c112ce331287c;C:\Program Files\Java\jdk-21\bin\server;C:\Users\tejas\.m2\wrapper\dists\apache-maven-3.9.10\a38810a491b03367137adfdfbe7d14c4\lib\jansi-native\Windows\x86_64

VM Arguments:
jvm_args: --enable-native-access=ALL-UNNAMED -Dclassworlds.conf=C:\Users\tejas\.m2\wrapper\dists\apache-maven-3.9.10\a38810a491b03367137adfdfbe7d14c4\bin\m2.conf -Dmaven.home=C:\Users\tejas\.m2\wrapper\dists\apache-maven-3.9.10\a38810a491b03367137adfdfbe7d14c4 -Dlibrary.jansi.path=C:\Users\tejas\.m2\wrapper\dists\apache-maven-3.9.10\a38810a491b03367137adfdfbe7d14c4\lib\jansi-native -Dmaven.multiModuleProjectDirectory=C:\Users\tejas\OneDrive\Desktop\travelapp_project\travelapp\travel-app-backend 
java_command: org.codehaus.plexus.classworlds.launcher.Launcher -DskipTests clean package
java_class_path (initial): C:\Users\tejas\.m2\wrapper\dists\apache-maven-3.9.10\a38810a491b03367137adfdfbe7d14c4\boot\plexus-classworlds-2.9.0.jar
Launcher Type: SUN_STANDARD

[Global flags]
     intx CICompilerCount                          = 4                                         {product} {ergonomic}
     uint ConcGCThreads                            = 2                                         {product} {ergonomic}
     uint G1ConcRefinementThreads                  = 8                                         {product} {ergonomic}
   size_t G1HeapRegionSize                         = 1048576                                   {product} {ergonomic}
    uintx GCDrainStackTargetSize                   = 64                                        {product} {ergonomic}
   size_t InitialHeapSize                          = 132120576                                 {product} {ergonomic}
   size_t MarkStackSize                            = 4194304                                   {product} {ergonomic}
   size_t MaxHeapSize                              = 2095054848                                {product} {ergonomic}
   size_t MaxNewSize                               = 1256194048                                {product} {ergonomic}
   size_t MinHeapDeltaBytes                        = 1048576                                   {product} {ergonomic}
   size_t MinHeapSize                              = 8388608                                   {product} {ergonomic}
    uintx NonNMethodCodeHeapSize                   = 5839372                                {pd product} {ergonomic}
    uintx NonProfiledCodeHeapSize                  = 122909434                              {pd product} {ergonomic}
    uintx ProfiledCodeHeapSize                     = 122909434                              {pd product} {ergonomic}
    uintx ReservedCodeCacheSize                    = 251658240                              {pd product} {ergonomic}
     bool SegmentedCodeCache                       = true                                      {product} {ergonomic}
   size_t SoftMaxHeapSize                          = 2095054848                             {manageable} {ergonomic}
     bool UseCompressedOops                        = true                           {product lp64_product} {ergonomic}
     bool UseG1GC                                  = true                                      {product} {ergonomic}
     bool UseLargePagesIndividualAllocation        = false                                  {pd product} {ergonomic}

Logging:
Log output configuration:
 #0: stdout all=warning uptime,level,tags foldmultilines=false
 #1: stderr all=off uptime,level,tags foldmultilines=false

Environment Variables:
PATH=C:\Program Files\Common Files\Oracle\Java\javapath;C:\WINDOWS\system32;C:\WINDOWS;C:\WINDOWS\System32\Wbem;C:\WINDOWS\System32\WindowsPowerShell\v1.0\;C:\WINDOWS\System32\OpenSSH\;C:\MinGW\bin;C:\Program Files (x86)\Windows Kits\8.1\Windows Performance Toolkit\;C:\Program Files\Git\cmd;C:\Program Files\Cloudflare\Cloudflare WARP\;C:\Program Files\MySQL\MySQL Server 8.0\bin;C:\apache-maven-3.9.10\bin;C:\Program Files\nodejs\;C:\Program Files\Docker\Docker\resources\bin;C:\Program Files\MySQL\MySQL Shell 8.0\bin\;C:\Users\tejas\AppData\Local\Microsoft\WindowsApps;C:\Users\tejas\AppData\Local\Programs\Microsoft VS Code\bin;C:\Program Files\JetBrains\IntelliJ IDEA Community Edition 2022.2.3\bin;;;C:\Users\tejas\OneDrive\Desktop\Tejas\PyCharm 2025.1.1.1\bin;;C:\Users\tejas\AppData\Roaming\npm;C:\Users\tejas\AppData\Local\Programs\Windsurf\bin
USERNAME=tejas
LANG=en_US.UTF-8
OS=Windows_NT
PROCESSOR_IDENTIFIER=Intel64 Family 6 Model 140 Stepping 1, GenuineIntel
TMP=C:\Users\tejas\AppData\Local\Temp
TEMP=C:\Users\tejas\AppData\Local\Temp




Periodic native trim disabled

---------------  S Y S T E M  ---------------

OS:
 Windows 11 , 64 bit Build 26100 (10.0.26100.4768)
OS uptime: 3 days 19:44 hours
Hyper-V role detected

CPU: total 8 (initial active 8) (4 cores per cpu, 2 threads per core) family 6 model 140 stepping 1 microcode 0x78, cx8, cmov, fxsr, ht, mmx, 3dnowpref, sse, sse2, sse3, ssse3, sse4.1, sse4.2, popcnt, lzcnt, tsc, tscinvbit, avx, avx2, aes, erms, clmul, bmi1, bmi2, adx, avx512f, avx512dq, avx512cd, avx512bw, avx512vl, sha, fma, vzeroupper, avx512_vpopcntdq, avx512_vpclmulqdq, avx512_vaes, avx512_vnni, clflush, clflushopt, clwb, avx512_vbmi2, avx512_vbmi, hv, rdtscp, rdpid, fsrm, gfni, avx512_bitalg, f16c, cet_ibt, cet_ss, avx512_ifma
Processor Information for all 8 processors :
  Max Mhz: 2419, Current Mhz: 2419, Mhz Limit: 2419

Memory: 4k page, system-wide physical 7987M (587M free)
TotalPageFile size 32563M (AvailPageFile size 34M)
current process WorkingSet (physical memory assigned to process): 325M, peak: 327M
current process commit charge ("private bytes"): 359M, peak: 361M

vm_info: Java HotSpot(TM) 64-Bit Server VM (21.0.8+12-LTS-250) for windows-amd64 JRE (21.0.8+12-LTS-250), built on 2025-06-27T08:11:22Z by "mach5one" with MS VC++ 17.6 (VS2022)

END.
