#
# There is insufficient memory for the Java Runtime Environment to continue.
# Native memory allocation (malloc) failed to allocate 1314256 bytes for Chunk::new
# Possible reasons:
#   The system is out of physical RAM or swap space
#   The process is running with CompressedOops enabled, and the Java Heap may be blocking the growth of the native heap
# Possible solutions:
#   Reduce memory load on the system
#   Increase physical memory or swap space
#   Check if swap backing store is full
#   Decrease Java heap size (-Xmx/-Xms)
#   Decrease number of Java threads
#   Decrease Java thread stack sizes (-Xss)
#   Set larger code cache with -XX:ReservedCodeCacheSize=
#   JVM is running with Unscaled Compressed Oops mode in which the Java heap is
#     placed in the first 4GB address space. The Java Heap base address is the
#     maximum limit for the native heap growth. Please use -XX:HeapBaseMinAddress
#     to set the Java Heap base and to place the Java Heap above 4GB virtual address.
# This output file may be truncated or incomplete.
#
#  Out of Memory Error (arena.cpp:168), pid=9628, tid=7848
#
# JRE version: Java(TM) SE Runtime Environment (21.0.8+12) (build 21.0.8+12-LTS-250)
# Java VM: Java HotSpot(TM) 64-Bit Server VM (21.0.8+12-LTS-250, mixed mode, sharing, tiered, compressed oops, compressed class ptrs, g1 gc, windows-amd64)
# No core dump will be written. Minidumps are not enabled by default on client versions of Windows
#

---------------  S U M M A R Y ------------

Command Line: --enable-native-access=ALL-UNNAMED -Dclassworlds.conf=C:\Users\tejas\.m2\wrapper\dists\apache-maven-3.9.10\a38810a491b03367137adfdfbe7d14c4\bin\m2.conf -Dmaven.home=C:\Users\tejas\.m2\wrapper\dists\apache-maven-3.9.10\a38810a491b03367137adfdfbe7d14c4 -Dlibrary.jansi.path=C:\Users\tejas\.m2\wrapper\dists\apache-maven-3.9.10\a38810a491b03367137adfdfbe7d14c4\lib\jansi-native -Dmaven.multiModuleProjectDirectory=C:\Users\tejas\OneDrive\Desktop\travelapp_project\travelapp\travel-app-backend org.codehaus.plexus.classworlds.launcher.Launcher -DskipTests clean package

Host: 11th Gen Intel(R) Core(TM) i5-1135G7 @ 2.40GHz, 8 cores, 7G,  Windows 11 , 64 bit Build 26100 (10.0.26100.4768)
Time: Sun Aug 17 10:14:57 2025 India Standard Time elapsed time: 6.411902 seconds (0d 0h 0m 6s)

---------------  T H R E A D  ---------------

Current thread (0x0000015d7b3a43d0):  JavaThread "C2 CompilerThread1" daemon [_thread_in_native, id=7848, stack(0x0000000bb3900000,0x0000000bb3a00000) (1024K)]


Current CompileTask:
C2:   6412 4547       4       java.lang.invoke.MethodType::makeImpl (109 bytes)

Stack: [0x0000000bb3900000,0x0000000bb3a00000]
Native frames: (J=compiled Java code, j=interpreted, Vv=VM code, C=native code)
V  [jvm.dll+0x6cc179]
V  [jvm.dll+0x8584c1]
V  [jvm.dll+0x85a9ee]
V  [jvm.dll+0x85b0c3]
V  [jvm.dll+0x27ebf6]
V  [jvm.dll+0xc4f4d]
V  [jvm.dll+0xc5483]
V  [jvm.dll+0x3b6a82]
V  [jvm.dll+0x382a35]
V  [jvm.dll+0x381eaa]
V  [jvm.dll+0x247670]
V  [jvm.dll+0x246c4f]
V  [jvm.dll+0x1c7a3e]
V  [jvm.dll+0x256359]
V  [jvm.dll+0x2548ea]
V  [jvm.dll+0x3efef6]
V  [jvm.dll+0x80279b]
V  [jvm.dll+0x6ca85d]
C  [ucrtbase.dll+0x37b0]
C  [KERNEL32.DLL+0x2e8d7]
C  [ntdll.dll+0x3c34c]


---------------  P R O C E S S  ---------------

Threads class SMR info:
_java_thread_list=0x0000015d7a16a050, length=13, elements={
0x0000015d152b2330, 0x0000015d33ea56e0, 0x0000015d33ea6420, 0x0000015d33ea9500,
0x0000015d33eaf490, 0x0000015d33eb02f0, 0x0000015d33eb8e80, 0x0000015d79021230,
0x0000015d33ec2020, 0x0000015d791c19f0, 0x0000015d791c70a0, 0x0000015d7aa70900,
0x0000015d7b3a43d0
}

Java Threads: ( => current thread )
  0x0000015d152b2330 JavaThread "main"                              [_thread_in_vm, id=23300, stack(0x0000000bb2700000,0x0000000bb2800000) (1024K)]
  0x0000015d33ea56e0 JavaThread "Reference Handler"          daemon [_thread_blocked, id=30748, stack(0x0000000bb2f00000,0x0000000bb3000000) (1024K)]
  0x0000015d33ea6420 JavaThread "Finalizer"                  daemon [_thread_blocked, id=6116, stack(0x0000000bb3000000,0x0000000bb3100000) (1024K)]
  0x0000015d33ea9500 JavaThread "Signal Dispatcher"          daemon [_thread_blocked, id=31772, stack(0x0000000bb3100000,0x0000000bb3200000) (1024K)]
  0x0000015d33eaf490 JavaThread "Attach Listener"            daemon [_thread_blocked, id=34560, stack(0x0000000bb3200000,0x0000000bb3300000) (1024K)]
  0x0000015d33eb02f0 JavaThread "Service Thread"             daemon [_thread_blocked, id=4932, stack(0x0000000bb3300000,0x0000000bb3400000) (1024K)]
  0x0000015d33eb8e80 JavaThread "Monitor Deflation Thread"   daemon [_thread_blocked, id=28664, stack(0x0000000bb3400000,0x0000000bb3500000) (1024K)]
  0x0000015d79021230 JavaThread "C2 CompilerThread0"         daemon [_thread_in_native, id=30444, stack(0x0000000bb3500000,0x0000000bb3600000) (1024K)]
  0x0000015d33ec2020 JavaThread "C1 CompilerThread0"         daemon [_thread_blocked, id=6044, stack(0x0000000bb3600000,0x0000000bb3700000) (1024K)]
  0x0000015d791c19f0 JavaThread "Notification Thread"        daemon [_thread_blocked, id=14220, stack(0x0000000bb3700000,0x0000000bb3800000) (1024K)]
  0x0000015d791c70a0 JavaThread "Common-Cleaner"             daemon [_thread_blocked, id=29364, stack(0x0000000bb3800000,0x0000000bb3900000) (1024K)]
  0x0000015d7aa70900 JavaThread "Thread-1"                   daemon [_thread_blocked, id=12132, stack(0x0000000bb4200000,0x0000000bb4300000) (1024K)]
=>0x0000015d7b3a43d0 JavaThread "C2 CompilerThread1"         daemon [_thread_in_native, id=7848, stack(0x0000000bb3900000,0x0000000bb3a00000) (1024K)]
Total: 13

Other Threads:
  0x0000015d33e8a640 VMThread "VM Thread"                           [id=32872, stack(0x0000000bb2e00000,0x0000000bb2f00000) (1024K)]
  0x0000015d33e75210 WatcherThread "VM Periodic Task Thread"        [id=11388, stack(0x0000000bb2d00000,0x0000000bb2e00000) (1024K)]
  0x0000015d1537e340 WorkerThread "GC Thread#0"                     [id=27912, stack(0x0000000bb2800000,0x0000000bb2900000) (1024K)]
  0x0000015d79e253e0 WorkerThread "GC Thread#1"                     [id=28676, stack(0x0000000bb3b00000,0x0000000bb3c00000) (1024K)]
  0x0000015d79e25780 WorkerThread "GC Thread#2"                     [id=34628, stack(0x0000000bb3c00000,0x0000000bb3d00000) (1024K)]
  0x0000015d79d340c0 WorkerThread "GC Thread#3"                     [id=31644, stack(0x0000000bb3d00000,0x0000000bb3e00000) (1024K)]
  0x0000015d79ccfba0 WorkerThread "GC Thread#4"                     [id=34140, stack(0x0000000bb3e00000,0x0000000bb3f00000) (1024K)]
  0x0000015d7962dd40 WorkerThread "GC Thread#5"                     [id=17940, stack(0x0000000bb3f00000,0x0000000bb4000000) (1024K)]
  0x0000015d7962e0e0 WorkerThread "GC Thread#6"                     [id=5864, stack(0x0000000bb4000000,0x0000000bb4100000) (1024K)]
  0x0000015d7a39a360 WorkerThread "GC Thread#7"                     [id=20972, stack(0x0000000bb4100000,0x0000000bb4200000) (1024K)]
  0x0000015d175cfbb0 ConcurrentGCThread "G1 Main Marker"            [id=33112, stack(0x0000000bb2900000,0x0000000bb2a00000) (1024K)]
  0x0000015d175d0e50 WorkerThread "G1 Conc#0"                       [id=32088, stack(0x0000000bb2a00000,0x0000000bb2b00000) (1024K)]
  0x0000015d33d3f0f0 ConcurrentGCThread "G1 Refine#0"               [id=20204, stack(0x0000000bb2b00000,0x0000000bb2c00000) (1024K)]
  0x0000015d33d40920 ConcurrentGCThread "G1 Service"                [id=20144, stack(0x0000000bb2c00000,0x0000000bb2d00000) (1024K)]
Total: 14

Threads with active compile tasks:
C2 CompilerThread0     6442 4630       4       java.io.DataInputStream::readFully (59 bytes)
C2 CompilerThread1     6442 4547       4       java.lang.invoke.MethodType::makeImpl (109 bytes)
Total: 2

VM state: not at safepoint (normal execution)

VM Mutex/Monitor currently owned by a thread: None

Heap address: 0x0000000083200000, size: 1998 MB, Compressed Oops mode: 32-bit

CDS archive(s) mapped at: [0x0000015d34000000-0x0000015d34c90000-0x0000015d34c90000), size 13172736, SharedBaseAddress: 0x0000015d34000000, ArchiveRelocationMode: 1.
Compressed class space mapped at: 0x0000015d35000000-0x0000015d75000000, reserved size: 1073741824
Narrow klass base: 0x0000015d34000000, Narrow klass shift: 0, Narrow klass range: 0x100000000

GC Precious Log:
 CardTable entry size: 512
 Card Set container configuration: InlinePtr #cards 5 size 8 Array Of Cards #cards 12 size 40 Howl #buckets 4 coarsen threshold 1843 Howl Bitmap #cards 512 size 80 coarsen threshold 460 Card regions per heap region 1 cards per card region 2048
 CPUs: 8 total, 8 available
 Memory: 7987M
 Large Page Support: Disabled
 NUMA Support: Disabled
 Compressed Oops: Enabled (32-bit)
 Heap Region Size: 1M
 Heap Min Capacity: 8M
 Heap Initial Capacity: 126M
 Heap Max Capacity: 1998M
 Pre-touch: Disabled
 Parallel Workers: 8
 Concurrent Workers: 2
 Concurrent Refinement Workers: 8
 Periodic GC: Disabled

Heap:
 garbage-first heap   total 129024K, used 57793K [0x0000000083200000, 0x0000000100000000)
  region size 1024K, 54 young (55296K), 10 survivors (10240K)
 Metaspace       used 17021K, committed 17280K, reserved 1114112K
  class space    used 1937K, committed 2048K, reserved 1048576K

Heap Regions: E=young(eden), S=young(survivor), O=old, HS=humongous(starts), HC=humongous(continues), CS=collection set, F=free, TAMS=top-at-mark-start, PB=parsable bottom
|   0|0x0000000083200000, 0x0000000083300000, 0x0000000083300000|100%| O|  |TAMS 0x0000000083200000| PB 0x0000000083200000| Untracked 
|   1|0x0000000083300000, 0x0000000083400000, 0x0000000083400000|100%| O|  |TAMS 0x0000000083300000| PB 0x0000000083300000| Untracked 
|   2|0x0000000083400000, 0x0000000083500000, 0x0000000083500000|100%| O|  |TAMS 0x0000000083400000| PB 0x0000000083400000| Untracked 
|   3|0x0000000083500000, 0x00000000835810c0, 0x0000000083600000| 50%| O|  |TAMS 0x0000000083500000| PB 0x0000000083500000| Untracked 
|   4|0x0000000083600000, 0x0000000083600000, 0x0000000083700000|  0%| F|  |TAMS 0x0000000083600000| PB 0x0000000083600000| Untracked 
|   5|0x0000000083700000, 0x0000000083700000, 0x0000000083800000|  0%| F|  |TAMS 0x0000000083700000| PB 0x0000000083700000| Untracked 
|   6|0x0000000083800000, 0x0000000083800000, 0x0000000083900000|  0%| F|  |TAMS 0x0000000083800000| PB 0x0000000083800000| Untracked 
|   7|0x0000000083900000, 0x0000000083900000, 0x0000000083a00000|  0%| F|  |TAMS 0x0000000083900000| PB 0x0000000083900000| Untracked 
|   8|0x0000000083a00000, 0x0000000083a00000, 0x0000000083b00000|  0%| F|  |TAMS 0x0000000083a00000| PB 0x0000000083a00000| Untracked 
|   9|0x0000000083b00000, 0x0000000083b00000, 0x0000000083c00000|  0%| F|  |TAMS 0x0000000083b00000| PB 0x0000000083b00000| Untracked 
|  10|0x0000000083c00000, 0x0000000083c00000, 0x0000000083d00000|  0%| F|  |TAMS 0x0000000083c00000| PB 0x0000000083c00000| Untracked 
|  11|0x0000000083d00000, 0x0000000083d00000, 0x0000000083e00000|  0%| F|  |TAMS 0x0000000083d00000| PB 0x0000000083d00000| Untracked 
|  12|0x0000000083e00000, 0x0000000083e00000, 0x0000000083f00000|  0%| F|  |TAMS 0x0000000083e00000| PB 0x0000000083e00000| Untracked 
|  13|0x0000000083f00000, 0x0000000083f00000, 0x0000000084000000|  0%| F|  |TAMS 0x0000000083f00000| PB 0x0000000083f00000| Untracked 
|  14|0x0000000084000000, 0x0000000084000000, 0x0000000084100000|  0%| F|  |TAMS 0x0000000084000000| PB 0x0000000084000000| Untracked 
|  15|0x0000000084100000, 0x0000000084100000, 0x0000000084200000|  0%| F|  |TAMS 0x0000000084100000| PB 0x0000000084100000| Untracked 
|  16|0x0000000084200000, 0x0000000084200000, 0x0000000084300000|  0%| F|  |TAMS 0x0000000084200000| PB 0x0000000084200000| Untracked 
|  17|0x0000000084300000, 0x0000000084300000, 0x0000000084400000|  0%| F|  |TAMS 0x0000000084300000| PB 0x0000000084300000| Untracked 
|  18|0x0000000084400000, 0x0000000084400000, 0x0000000084500000|  0%| F|  |TAMS 0x0000000084400000| PB 0x0000000084400000| Untracked 
|  19|0x0000000084500000, 0x0000000084500000, 0x0000000084600000|  0%| F|  |TAMS 0x0000000084500000| PB 0x0000000084500000| Untracked 
|  20|0x0000000084600000, 0x0000000084600000, 0x0000000084700000|  0%| F|  |TAMS 0x0000000084600000| PB 0x0000000084600000| Untracked 
|  21|0x0000000084700000, 0x0000000084700000, 0x0000000084800000|  0%| F|  |TAMS 0x0000000084700000| PB 0x0000000084700000| Untracked 
|  22|0x0000000084800000, 0x0000000084800000, 0x0000000084900000|  0%| F|  |TAMS 0x0000000084800000| PB 0x0000000084800000| Untracked 
|  23|0x0000000084900000, 0x0000000084900000, 0x0000000084a00000|  0%| F|  |TAMS 0x0000000084900000| PB 0x0000000084900000| Untracked 
|  24|0x0000000084a00000, 0x0000000084a00000, 0x0000000084b00000|  0%| F|  |TAMS 0x0000000084a00000| PB 0x0000000084a00000| Untracked 
|  25|0x0000000084b00000, 0x0000000084b00000, 0x0000000084c00000|  0%| F|  |TAMS 0x0000000084b00000| PB 0x0000000084b00000| Untracked 
|  26|0x0000000084c00000, 0x0000000084c00000, 0x0000000084d00000|  0%| F|  |TAMS 0x0000000084c00000| PB 0x0000000084c00000| Untracked 
|  27|0x0000000084d00000, 0x0000000084d00000, 0x0000000084e00000|  0%| F|  |TAMS 0x0000000084d00000| PB 0x0000000084d00000| Untracked 
|  28|0x0000000084e00000, 0x0000000084e00000, 0x0000000084f00000|  0%| F|  |TAMS 0x0000000084e00000| PB 0x0000000084e00000| Untracked 
|  29|0x0000000084f00000, 0x0000000084f00000, 0x0000000085000000|  0%| F|  |TAMS 0x0000000084f00000| PB 0x0000000084f00000| Untracked 
|  30|0x0000000085000000, 0x0000000085000000, 0x0000000085100000|  0%| F|  |TAMS 0x0000000085000000| PB 0x0000000085000000| Untracked 
|  31|0x0000000085100000, 0x0000000085100000, 0x0000000085200000|  0%| F|  |TAMS 0x0000000085100000| PB 0x0000000085100000| Untracked 
|  32|0x0000000085200000, 0x0000000085200000, 0x0000000085300000|  0%| F|  |TAMS 0x0000000085200000| PB 0x0000000085200000| Untracked 
|  33|0x0000000085300000, 0x0000000085300000, 0x0000000085400000|  0%| F|  |TAMS 0x0000000085300000| PB 0x0000000085300000| Untracked 
|  34|0x0000000085400000, 0x0000000085400000, 0x0000000085500000|  0%| F|  |TAMS 0x0000000085400000| PB 0x0000000085400000| Untracked 
|  35|0x0000000085500000, 0x0000000085500000, 0x0000000085600000|  0%| F|  |TAMS 0x0000000085500000| PB 0x0000000085500000| Untracked 
|  36|0x0000000085600000, 0x0000000085600000, 0x0000000085700000|  0%| F|  |TAMS 0x0000000085600000| PB 0x0000000085600000| Untracked 
|  37|0x0000000085700000, 0x0000000085700000, 0x0000000085800000|  0%| F|  |TAMS 0x0000000085700000| PB 0x0000000085700000| Untracked 
|  38|0x0000000085800000, 0x0000000085800000, 0x0000000085900000|  0%| F|  |TAMS 0x0000000085800000| PB 0x0000000085800000| Untracked 
|  39|0x0000000085900000, 0x0000000085900000, 0x0000000085a00000|  0%| F|  |TAMS 0x0000000085900000| PB 0x0000000085900000| Untracked 
|  40|0x0000000085a00000, 0x0000000085a00000, 0x0000000085b00000|  0%| F|  |TAMS 0x0000000085a00000| PB 0x0000000085a00000| Untracked 
|  41|0x0000000085b00000, 0x0000000085bef480, 0x0000000085c00000| 93%| S|CS|TAMS 0x0000000085b00000| PB 0x0000000085b00000| Complete 
|  42|0x0000000085c00000, 0x0000000085d00000, 0x0000000085d00000|100%| S|CS|TAMS 0x0000000085c00000| PB 0x0000000085c00000| Complete 
|  43|0x0000000085d00000, 0x0000000085e00000, 0x0000000085e00000|100%| S|CS|TAMS 0x0000000085d00000| PB 0x0000000085d00000| Complete 
|  44|0x0000000085e00000, 0x0000000085f00000, 0x0000000085f00000|100%| S|CS|TAMS 0x0000000085e00000| PB 0x0000000085e00000| Complete 
|  45|0x0000000085f00000, 0x0000000086000000, 0x0000000086000000|100%| S|CS|TAMS 0x0000000085f00000| PB 0x0000000085f00000| Complete 
|  46|0x0000000086000000, 0x0000000086100000, 0x0000000086100000|100%| S|CS|TAMS 0x0000000086000000| PB 0x0000000086000000| Complete 
|  47|0x0000000086100000, 0x0000000086200000, 0x0000000086200000|100%| S|CS|TAMS 0x0000000086100000| PB 0x0000000086100000| Complete 
|  48|0x0000000086200000, 0x0000000086300000, 0x0000000086300000|100%| S|CS|TAMS 0x0000000086200000| PB 0x0000000086200000| Complete 
|  49|0x0000000086300000, 0x0000000086400000, 0x0000000086400000|100%| S|CS|TAMS 0x0000000086300000| PB 0x0000000086300000| Complete 
|  50|0x0000000086400000, 0x0000000086500000, 0x0000000086500000|100%| S|CS|TAMS 0x0000000086400000| PB 0x0000000086400000| Complete 
|  51|0x0000000086500000, 0x0000000086500000, 0x0000000086600000|  0%| F|  |TAMS 0x0000000086500000| PB 0x0000000086500000| Untracked 
|  52|0x0000000086600000, 0x0000000086600000, 0x0000000086700000|  0%| F|  |TAMS 0x0000000086600000| PB 0x0000000086600000| Untracked 
|  53|0x0000000086700000, 0x0000000086700000, 0x0000000086800000|  0%| F|  |TAMS 0x0000000086700000| PB 0x0000000086700000| Untracked 
|  54|0x0000000086800000, 0x0000000086800000, 0x0000000086900000|  0%| F|  |TAMS 0x0000000086800000| PB 0x0000000086800000| Untracked 
|  55|0x0000000086900000, 0x0000000086900000, 0x0000000086a00000|  0%| F|  |TAMS 0x0000000086900000| PB 0x0000000086900000| Untracked 
|  56|0x0000000086a00000, 0x0000000086a00000, 0x0000000086b00000|  0%| F|  |TAMS 0x0000000086a00000| PB 0x0000000086a00000| Untracked 
|  57|0x0000000086b00000, 0x0000000086b00000, 0x0000000086c00000|  0%| F|  |TAMS 0x0000000086b00000| PB 0x0000000086b00000| Untracked 
|  58|0x0000000086c00000, 0x0000000086c00000, 0x0000000086d00000|  0%| F|  |TAMS 0x0000000086c00000| PB 0x0000000086c00000| Untracked 
|  59|0x0000000086d00000, 0x0000000086d00000, 0x0000000086e00000|  0%| F|  |TAMS 0x0000000086d00000| PB 0x0000000086d00000| Untracked 
|  60|0x0000000086e00000, 0x0000000086e00000, 0x0000000086f00000|  0%| F|  |TAMS 0x0000000086e00000| PB 0x0000000086e00000| Untracked 
|  61|0x0000000086f00000, 0x0000000086f00000, 0x0000000087000000|  0%| F|  |TAMS 0x0000000086f00000| PB 0x0000000086f00000| Untracked 
|  62|0x0000000087000000, 0x0000000087000000, 0x0000000087100000|  0%| F|  |TAMS 0x0000000087000000| PB 0x0000000087000000| Untracked 
|  63|0x0000000087100000, 0x0000000087100000, 0x0000000087200000|  0%| F|  |TAMS 0x0000000087100000| PB 0x0000000087100000| Untracked 
|  64|0x0000000087200000, 0x0000000087200000, 0x0000000087300000|  0%| F|  |TAMS 0x0000000087200000| PB 0x0000000087200000| Untracked 
|  65|0x0000000087300000, 0x0000000087300000, 0x0000000087400000|  0%| F|  |TAMS 0x0000000087300000| PB 0x0000000087300000| Untracked 
|  66|0x0000000087400000, 0x0000000087400000, 0x0000000087500000|  0%| F|  |TAMS 0x0000000087400000| PB 0x0000000087400000| Untracked 
|  67|0x0000000087500000, 0x0000000087500000, 0x0000000087600000|  0%| F|  |TAMS 0x0000000087500000| PB 0x0000000087500000| Untracked 
|  68|0x0000000087600000, 0x0000000087600000, 0x0000000087700000|  0%| F|  |TAMS 0x0000000087600000| PB 0x0000000087600000| Untracked 
|  69|0x0000000087700000, 0x0000000087700000, 0x0000000087800000|  0%| F|  |TAMS 0x0000000087700000| PB 0x0000000087700000| Untracked 
|  70|0x0000000087800000, 0x0000000087800000, 0x0000000087900000|  0%| F|  |TAMS 0x0000000087800000| PB 0x0000000087800000| Untracked 
|  71|0x0000000087900000, 0x0000000087900000, 0x0000000087a00000|  0%| F|  |TAMS 0x0000000087900000| PB 0x0000000087900000| Untracked 
|  72|0x0000000087a00000, 0x0000000087a00000, 0x0000000087b00000|  0%| F|  |TAMS 0x0000000087a00000| PB 0x0000000087a00000| Untracked 
|  73|0x0000000087b00000, 0x0000000087b00000, 0x0000000087c00000|  0%| F|  |TAMS 0x0000000087b00000| PB 0x0000000087b00000| Untracked 
|  74|0x0000000087c00000, 0x0000000087c00000, 0x0000000087d00000|  0%| F|  |TAMS 0x0000000087c00000| PB 0x0000000087c00000| Untracked 
|  75|0x0000000087d00000, 0x0000000087d00000, 0x0000000087e00000|  0%| F|  |TAMS 0x0000000087d00000| PB 0x0000000087d00000| Untracked 
|  76|0x0000000087e00000, 0x0000000087e00000, 0x0000000087f00000|  0%| F|  |TAMS 0x0000000087e00000| PB 0x0000000087e00000| Untracked 
|  77|0x0000000087f00000, 0x0000000087f00000, 0x0000000088000000|  0%| F|  |TAMS 0x0000000087f00000| PB 0x0000000087f00000| Untracked 
|  78|0x0000000088000000, 0x0000000088000000, 0x0000000088100000|  0%| F|  |TAMS 0x0000000088000000| PB 0x0000000088000000| Untracked 
|  79|0x0000000088100000, 0x0000000088100000, 0x0000000088200000|  0%| F|  |TAMS 0x0000000088100000| PB 0x0000000088100000| Untracked 
|  80|0x0000000088200000, 0x0000000088200000, 0x0000000088300000|  0%| F|  |TAMS 0x0000000088200000| PB 0x0000000088200000| Untracked 
|  81|0x0000000088300000, 0x0000000088300000, 0x0000000088400000|  0%| F|  |TAMS 0x0000000088300000| PB 0x0000000088300000| Untracked 
|  82|0x0000000088400000, 0x0000000088500000, 0x0000000088500000|100%| E|  |TAMS 0x0000000088400000| PB 0x0000000088400000| Complete 
|  83|0x0000000088500000, 0x0000000088600000, 0x0000000088600000|100%| E|CS|TAMS 0x0000000088500000| PB 0x0000000088500000| Complete 
|  84|0x0000000088600000, 0x0000000088700000, 0x0000000088700000|100%| E|CS|TAMS 0x0000000088600000| PB 0x0000000088600000| Complete 
|  85|0x0000000088700000, 0x0000000088800000, 0x0000000088800000|100%| E|CS|TAMS 0x0000000088700000| PB 0x0000000088700000| Complete 
|  86|0x0000000088800000, 0x0000000088900000, 0x0000000088900000|100%| E|CS|TAMS 0x0000000088800000| PB 0x0000000088800000| Complete 
|  87|0x0000000088900000, 0x0000000088a00000, 0x0000000088a00000|100%| E|CS|TAMS 0x0000000088900000| PB 0x0000000088900000| Complete 
|  88|0x0000000088a00000, 0x0000000088b00000, 0x0000000088b00000|100%| E|CS|TAMS 0x0000000088a00000| PB 0x0000000088a00000| Complete 
|  89|0x0000000088b00000, 0x0000000088c00000, 0x0000000088c00000|100%| E|CS|TAMS 0x0000000088b00000| PB 0x0000000088b00000| Complete 
|  90|0x0000000088c00000, 0x0000000088d00000, 0x0000000088d00000|100%| E|CS|TAMS 0x0000000088c00000| PB 0x0000000088c00000| Complete 
|  91|0x0000000088d00000, 0x0000000088e00000, 0x0000000088e00000|100%| E|CS|TAMS 0x0000000088d00000| PB 0x0000000088d00000| Complete 
|  92|0x0000000088e00000, 0x0000000088f00000, 0x0000000088f00000|100%| E|CS|TAMS 0x0000000088e00000| PB 0x0000000088e00000| Complete 
|  93|0x0000000088f00000, 0x0000000089000000, 0x0000000089000000|100%| E|CS|TAMS 0x0000000088f00000| PB 0x0000000088f00000| Complete 
|  94|0x0000000089000000, 0x0000000089100000, 0x0000000089100000|100%| E|CS|TAMS 0x0000000089000000| PB 0x0000000089000000| Complete 
|  95|0x0000000089100000, 0x0000000089200000, 0x0000000089200000|100%| E|CS|TAMS 0x0000000089100000| PB 0x0000000089100000| Complete 
|  96|0x0000000089200000, 0x0000000089300000, 0x0000000089300000|100%| E|CS|TAMS 0x0000000089200000| PB 0x0000000089200000| Complete 
|  97|0x0000000089300000, 0x0000000089400000, 0x0000000089400000|100%| E|CS|TAMS 0x0000000089300000| PB 0x0000000089300000| Complete 
|  98|0x0000000089400000, 0x0000000089500000, 0x0000000089500000|100%| E|CS|TAMS 0x0000000089400000| PB 0x0000000089400000| Complete 
|  99|0x0000000089500000, 0x0000000089600000, 0x0000000089600000|100%| E|CS|TAMS 0x0000000089500000| PB 0x0000000089500000| Complete 
| 100|0x0000000089600000, 0x0000000089700000, 0x0000000089700000|100%| E|CS|TAMS 0x0000000089600000| PB 0x0000000089600000| Complete 
| 101|0x0000000089700000, 0x0000000089800000, 0x0000000089800000|100%| E|CS|TAMS 0x0000000089700000| PB 0x0000000089700000| Complete 
| 102|0x0000000089800000, 0x0000000089900000, 0x0000000089900000|100%| E|CS|TAMS 0x0000000089800000| PB 0x0000000089800000| Complete 
| 103|0x0000000089900000, 0x0000000089a00000, 0x0000000089a00000|100%| E|CS|TAMS 0x0000000089900000| PB 0x0000000089900000| Complete 
| 104|0x0000000089a00000, 0x0000000089b00000, 0x0000000089b00000|100%| E|CS|TAMS 0x0000000089a00000| PB 0x0000000089a00000| Complete 
| 105|0x0000000089b00000, 0x0000000089c00000, 0x0000000089c00000|100%| E|CS|TAMS 0x0000000089b00000| PB 0x0000000089b00000| Complete 
| 106|0x0000000089c00000, 0x0000000089d00000, 0x0000000089d00000|100%| E|CS|TAMS 0x0000000089c00000| PB 0x0000000089c00000| Complete 
| 107|0x0000000089d00000, 0x0000000089e00000, 0x0000000089e00000|100%| E|CS|TAMS 0x0000000089d00000| PB 0x0000000089d00000| Complete 
| 108|0x0000000089e00000, 0x0000000089f00000, 0x0000000089f00000|100%| E|CS|TAMS 0x0000000089e00000| PB 0x0000000089e00000| Complete 
| 109|0x0000000089f00000, 0x000000008a000000, 0x000000008a000000|100%| E|CS|TAMS 0x0000000089f00000| PB 0x0000000089f00000| Complete 
| 110|0x000000008a000000, 0x000000008a100000, 0x000000008a100000|100%| E|CS|TAMS 0x000000008a000000| PB 0x000000008a000000| Complete 
| 111|0x000000008a100000, 0x000000008a200000, 0x000000008a200000|100%| E|CS|TAMS 0x000000008a100000| PB 0x000000008a100000| Complete 
| 112|0x000000008a200000, 0x000000008a300000, 0x000000008a300000|100%| E|CS|TAMS 0x000000008a200000| PB 0x000000008a200000| Complete 
| 113|0x000000008a300000, 0x000000008a400000, 0x000000008a400000|100%| E|CS|TAMS 0x000000008a300000| PB 0x000000008a300000| Complete 
| 114|0x000000008a400000, 0x000000008a500000, 0x000000008a500000|100%| E|CS|TAMS 0x000000008a400000| PB 0x000000008a400000| Complete 
| 115|0x000000008a500000, 0x000000008a600000, 0x000000008a600000|100%| E|CS|TAMS 0x000000008a500000| PB 0x000000008a500000| Complete 
| 116|0x000000008a600000, 0x000000008a700000, 0x000000008a700000|100%| E|CS|TAMS 0x000000008a600000| PB 0x000000008a600000| Complete 
| 117|0x000000008a700000, 0x000000008a800000, 0x000000008a800000|100%| E|CS|TAMS 0x000000008a700000| PB 0x000000008a700000| Complete 
| 118|0x000000008a800000, 0x000000008a900000, 0x000000008a900000|100%| E|CS|TAMS 0x000000008a800000| PB 0x000000008a800000| Complete 
| 119|0x000000008a900000, 0x000000008aa00000, 0x000000008aa00000|100%| E|CS|TAMS 0x000000008a900000| PB 0x000000008a900000| Complete 
| 120|0x000000008aa00000, 0x000000008ab00000, 0x000000008ab00000|100%| E|CS|TAMS 0x000000008aa00000| PB 0x000000008aa00000| Complete 
| 121|0x000000008ab00000, 0x000000008ac00000, 0x000000008ac00000|100%| E|CS|TAMS 0x000000008ab00000| PB 0x000000008ab00000| Complete 
| 122|0x000000008ac00000, 0x000000008ad00000, 0x000000008ad00000|100%| E|CS|TAMS 0x000000008ac00000| PB 0x000000008ac00000| Complete 
| 123|0x000000008ad00000, 0x000000008ae00000, 0x000000008ae00000|100%| E|CS|TAMS 0x000000008ad00000| PB 0x000000008ad00000| Complete 
| 124|0x000000008ae00000, 0x000000008af00000, 0x000000008af00000|100%| E|CS|TAMS 0x000000008ae00000| PB 0x000000008ae00000| Complete 
| 125|0x000000008af00000, 0x000000008b000000, 0x000000008b000000|100%| E|CS|TAMS 0x000000008af00000| PB 0x000000008af00000| Complete 

Card table byte_map: [0x0000015d2f120000,0x0000015d2f510000] _byte_map_base: 0x0000015d2ed07000

Marking Bits: (CMBitMap*) 0x0000015d175befe0
 Bits: [0x0000015d2f510000, 0x0000015d31448000)

Polling page: 0x0000015d158c0000

Metaspace:

Usage:
  Non-class:     14.75 MB used.
      Class:      1.90 MB used.
       Both:     16.64 MB used.

Virtual space:
  Non-class space:       64.00 MB reserved,      14.88 MB ( 23%) committed,  1 nodes.
      Class space:        1.00 GB reserved,       2.00 MB ( <1%) committed,  1 nodes.
             Both:        1.06 GB reserved,      16.88 MB (  2%) committed. 

Chunk freelists:
   Non-Class:  1.04 MB
       Class:  13.85 MB
        Both:  14.90 MB

MaxMetaspaceSize: unlimited
CompressedClassSpaceSize: 1.00 GB
Initial GC threshold: 21.00 MB
Current GC threshold: 21.00 MB
CDS: on
 - commit_granule_bytes: 65536.
 - commit_granule_words: 8192.
 - virtual_space_node_default_size: 8388608.
 - enlarge_chunks_in_place: 1.
 - use_allocation_guard: 0.


Internal statistics:

num_allocs_failed_limit: 0.
num_arena_births: 192.
num_arena_deaths: 0.
num_vsnodes_births: 2.
num_vsnodes_deaths: 0.
num_space_committed: 271.
num_space_uncommitted: 0.
num_chunks_returned_to_freelist: 0.
num_chunks_taken_from_freelist: 760.
num_chunk_merges: 0.
num_chunk_splits: 528.
num_chunks_enlarged: 433.
num_inconsistent_stats: 0.

CodeHeap 'non-profiled nmethods': size=120000Kb used=2453Kb max_used=2453Kb free=117546Kb
 bounds [0x0000015d274d0000, 0x0000015d27740000, 0x0000015d2ea00000]
CodeHeap 'profiled nmethods': size=120000Kb used=9660Kb max_used=9660Kb free=110339Kb
 bounds [0x0000015d1fa00000, 0x0000015d20370000, 0x0000015d26f30000]
CodeHeap 'non-nmethods': size=5760Kb used=1561Kb max_used=1593Kb free=4198Kb
 bounds [0x0000015d26f30000, 0x0000015d271a0000, 0x0000015d274d0000]
 total_blobs=5141 nmethods=4635 adapters=410
 compilation: enabled
              stopped_count=0, restarted_count=0
 full_count=0

Compilation events (20 events):
Event: 5.390 Thread 0x0000015d33ec2020 nmethod 4604 0x0000015d27730990 code [0x0000015d27730b20, 0x0000015d27730be8]
Event: 5.390 Thread 0x0000015d33ec2020 4603       3       com.google.inject.spi.Dependency::get (15 bytes)
Event: 5.391 Thread 0x0000015d33ec2020 nmethod 4603 0x0000015d2035d890 code [0x0000015d2035dae0, 0x0000015d2035e500]
Event: 5.392 Thread 0x0000015d79021230 nmethod 4607 0x0000015d27730c90 code [0x0000015d27730e40, 0x0000015d27731118]
Event: 5.396 Thread 0x0000015d33ec2020 4610       3       jdk.internal.org.objectweb.asm.MethodWriter::visitAnnotation (40 bytes)
Event: 5.396 Thread 0x0000015d33ec2020 nmethod 4610 0x0000015d2035e890 code [0x0000015d2035ea60, 0x0000015d2035ed08]
Event: 5.396 Thread 0x0000015d33ec2020 4611       3       java.lang.invoke.LambdaForm::returnType (26 bytes)
Event: 5.396 Thread 0x0000015d33ec2020 nmethod 4611 0x0000015d2035ee10 code [0x0000015d2035efc0, 0x0000015d2035f168]
Event: 5.398 Thread 0x0000015d33ec2020 4612       1       java.lang.invoke.MethodHandle::internalForm (5 bytes)
Event: 5.398 Thread 0x0000015d33ec2020 nmethod 4612 0x0000015d27731d90 code [0x0000015d27731f20, 0x0000015d27731fe8]
Event: 5.398 Thread 0x0000015d33ec2020 4613       3       java.lang.invoke.MethodHandles$Lookup$ClassFile::<init> (20 bytes)
Event: 5.398 Thread 0x0000015d33ec2020 nmethod 4613 0x0000015d2035f290 code [0x0000015d2035f440, 0x0000015d2035f668]
Event: 5.398 Thread 0x0000015d33ec2020 4614       3       java.lang.invoke.MethodHandles$Lookup$ClassDefiner::<init> (64 bytes)
Event: 5.399 Thread 0x0000015d33ec2020 nmethod 4614 0x0000015d2035f710 code [0x0000015d2035f8c0, 0x0000015d2035fbb8]
Event: 5.399 Thread 0x0000015d33ec2020 4615   !   3       java.lang.invoke.MethodHandles$Lookup$ClassDefiner::defineClass (213 bytes)
Event: 5.400 Thread 0x0000015d33ec2020 nmethod 4615 0x0000015d2035fc90 code [0x0000015d2035ff00, 0x0000015d203608c0]
Event: 5.404 Thread 0x0000015d33ec2020 4616       3       java.lang.Package::<init> (47 bytes)
Event: 5.405 Thread 0x0000015d33ec2020 nmethod 4616 0x0000015d20360d90 code [0x0000015d20360f80, 0x0000015d203613e8]
Event: 5.405 Thread 0x0000015d33ec2020 4617       3       java.lang.Package$VersionInfo::getInstance (53 bytes)
Event: 5.405 Thread 0x0000015d33ec2020 nmethod 4617 0x0000015d20361610 code [0x0000015d203617e0, 0x0000015d20361b90]

GC Heap History (6 events):
Event: 1.169 GC heap before
{Heap before GC invocations=0 (full 0):
 garbage-first heap   total 129024K, used 22528K [0x0000000083200000, 0x0000000100000000)
  region size 1024K, 23 young (23552K), 0 survivors (0K)
 Metaspace       used 5632K, committed 5824K, reserved 1114112K
  class space    used 653K, committed 768K, reserved 1048576K
}
Event: 1.177 GC heap after
{Heap after GC invocations=1 (full 0):
 garbage-first heap   total 129024K, used 3818K [0x0000000083200000, 0x0000000100000000)
  region size 1024K, 3 young (3072K), 3 survivors (3072K)
 Metaspace       used 5632K, committed 5824K, reserved 1114112K
  class space    used 653K, committed 768K, reserved 1048576K
}
Event: 1.745 GC heap before
{Heap before GC invocations=1 (full 0):
 garbage-first heap   total 129024K, used 35562K [0x0000000083200000, 0x0000000100000000)
  region size 1024K, 34 young (34816K), 3 survivors (3072K)
 Metaspace       used 9893K, committed 10112K, reserved 1114112K
  class space    used 1163K, committed 1280K, reserved 1048576K
}
Event: 1.750 GC heap after
{Heap after GC invocations=2 (full 0):
 garbage-first heap   total 129024K, used 5424K [0x0000000083200000, 0x0000000100000000)
  region size 1024K, 2 young (2048K), 2 survivors (2048K)
 Metaspace       used 9893K, committed 10112K, reserved 1114112K
  class space    used 1163K, committed 1280K, reserved 1048576K
}
Event: 3.408 GC heap before
{Heap before GC invocations=2 (full 0):
 garbage-first heap   total 129024K, used 80176K [0x0000000083200000, 0x0000000100000000)
  region size 1024K, 75 young (76800K), 2 survivors (2048K)
 Metaspace       used 15911K, committed 16192K, reserved 1114112K
  class space    used 1839K, committed 1920K, reserved 1048576K
}
Event: 3.429 GC heap after
{Heap after GC invocations=3 (full 0):
 garbage-first heap   total 129024K, used 13761K [0x0000000083200000, 0x0000000100000000)
  region size 1024K, 10 young (10240K), 10 survivors (10240K)
 Metaspace       used 15911K, committed 16192K, reserved 1114112K
  class space    used 1839K, committed 1920K, reserved 1048576K
}

Dll operation events (8 events):
Event: 0.007 Loaded shared library C:\Program Files\Java\jdk-21\bin\java.dll
Event: 0.035 Loaded shared library C:\Program Files\Java\jdk-21\bin\jsvml.dll
Event: 0.054 Loaded shared library C:\Program Files\Java\jdk-21\bin\net.dll
Event: 0.056 Loaded shared library C:\Program Files\Java\jdk-21\bin\nio.dll
Event: 0.062 Loaded shared library C:\Program Files\Java\jdk-21\bin\zip.dll
Event: 0.509 Loaded shared library C:\Program Files\Java\jdk-21\bin\jimage.dll
Event: 0.519 Loaded shared library C:\Users\tejas\.m2\wrapper\dists\apache-maven-3.9.10\a38810a491b03367137adfdfbe7d14c4\lib\jansi-native\Windows\x86_64\jansi.dll
Event: 0.538 Loaded shared library C:\Program Files\Java\jdk-21\bin\verify.dll

Deoptimization events (20 events):
Event: 5.363 Thread 0x0000015d152b2330 Uncommon trap: trap_request=0xffffff45 fr.pc=0x0000015d275f7e1c relative=0x0000000000003bfc
Event: 5.363 Thread 0x0000015d152b2330 Uncommon trap: reason=unstable_if action=reinterpret pc=0x0000015d275f7e1c method=sun.net.www.protocol.jar.Handler.parseURL(Ljava/net/URL;Ljava/lang/String;II)V @ 116 c2
Event: 5.363 Thread 0x0000015d152b2330 DEOPT PACKING pc=0x0000015d275f7e1c sp=0x0000000bb27fd6f0
Event: 5.363 Thread 0x0000015d152b2330 DEOPT UNPACKING pc=0x0000015d26f87da2 sp=0x0000000bb27fd5e8 mode 2
Event: 5.367 Thread 0x0000015d152b2330 Uncommon trap: trap_request=0xffffffc6 fr.pc=0x0000015d275df550 relative=0x0000000000000090
Event: 5.367 Thread 0x0000015d152b2330 Uncommon trap: reason=bimorphic_or_optimized_type_check action=maybe_recompile pc=0x0000015d275df550 method=com.google.inject.internal.LinkedBindingImpl.acceptTargetVisitor(Lcom/google/inject/spi/BindingTargetVisitor;)Ljava/lang/Object; @ 2 c2
Event: 5.367 Thread 0x0000015d152b2330 DEOPT PACKING pc=0x0000015d275df550 sp=0x0000000bb27fdbc0
Event: 5.367 Thread 0x0000015d152b2330 DEOPT UNPACKING pc=0x0000015d26f87da2 sp=0x0000000bb27fdb48 mode 2
Event: 5.367 Thread 0x0000015d152b2330 Uncommon trap: trap_request=0xffffffc6 fr.pc=0x0000015d275df550 relative=0x0000000000000090
Event: 5.367 Thread 0x0000015d152b2330 Uncommon trap: reason=bimorphic_or_optimized_type_check action=maybe_recompile pc=0x0000015d275df550 method=com.google.inject.internal.LinkedBindingImpl.acceptTargetVisitor(Lcom/google/inject/spi/BindingTargetVisitor;)Ljava/lang/Object; @ 2 c2
Event: 5.367 Thread 0x0000015d152b2330 DEOPT PACKING pc=0x0000015d275df550 sp=0x0000000bb27fdbc0
Event: 5.367 Thread 0x0000015d152b2330 DEOPT UNPACKING pc=0x0000015d26f87da2 sp=0x0000000bb27fdb48 mode 2
Event: 5.382 Thread 0x0000015d152b2330 Uncommon trap: trap_request=0xffffffc6 fr.pc=0x0000015d275df550 relative=0x0000000000000090
Event: 5.382 Thread 0x0000015d152b2330 Uncommon trap: reason=bimorphic_or_optimized_type_check action=maybe_recompile pc=0x0000015d275df550 method=com.google.inject.internal.LinkedBindingImpl.acceptTargetVisitor(Lcom/google/inject/spi/BindingTargetVisitor;)Ljava/lang/Object; @ 2 c2
Event: 5.382 Thread 0x0000015d152b2330 DEOPT PACKING pc=0x0000015d275df550 sp=0x0000000bb27fdbc0
Event: 5.382 Thread 0x0000015d152b2330 DEOPT UNPACKING pc=0x0000015d26f87da2 sp=0x0000000bb27fdb48 mode 2
Event: 5.382 Thread 0x0000015d152b2330 Uncommon trap: trap_request=0xffffffc6 fr.pc=0x0000015d275df550 relative=0x0000000000000090
Event: 5.382 Thread 0x0000015d152b2330 Uncommon trap: reason=bimorphic_or_optimized_type_check action=maybe_recompile pc=0x0000015d275df550 method=com.google.inject.internal.LinkedBindingImpl.acceptTargetVisitor(Lcom/google/inject/spi/BindingTargetVisitor;)Ljava/lang/Object; @ 2 c2
Event: 5.382 Thread 0x0000015d152b2330 DEOPT PACKING pc=0x0000015d275df550 sp=0x0000000bb27fdbc0
Event: 5.382 Thread 0x0000015d152b2330 DEOPT UNPACKING pc=0x0000015d26f87da2 sp=0x0000000bb27fdb48 mode 2

Classes loaded (20 events):
Event: 2.759 Loading class java/util/stream/MatchOps
Event: 2.759 Loading class java/util/stream/MatchOps done
Event: 2.759 Loading class java/util/stream/MatchOps$MatchOp
Event: 2.759 Loading class java/util/stream/MatchOps$MatchOp done
Event: 2.759 Loading class java/util/stream/MatchOps$BooleanTerminalSink
Event: 2.759 Loading class java/util/stream/MatchOps$BooleanTerminalSink done
Event: 2.760 Loading class java/util/stream/MatchOps$1MatchSink
Event: 2.760 Loading class java/util/stream/MatchOps$1MatchSink done
Event: 4.721 Loading class sun/nio/cs/ISO_8859_1$Decoder
Event: 4.722 Loading class sun/nio/cs/ISO_8859_1$Decoder done
Event: 5.368 Loading class org/w3c/dom/Node
Event: 5.369 Loading class org/w3c/dom/Node done
Event: 5.369 Loading class javax/xml/parsers/ParserConfigurationException
Event: 5.369 Loading class javax/xml/parsers/ParserConfigurationException done
Event: 5.369 Loading class org/xml/sax/SAXException
Event: 5.369 Loading class org/xml/sax/SAXException done
Event: 5.370 Loading class org/w3c/dom/Document
Event: 5.371 Loading class org/w3c/dom/Document done
Event: 5.371 Loading class org/w3c/dom/Element
Event: 5.371 Loading class org/w3c/dom/Element done

Classes unloaded (0 events):
No events

Classes redefined (0 events):
No events

Internal exceptions (20 events):
Event: 1.842 Thread 0x0000015d152b2330 Exception <a 'java/lang/NoSuchMethodError'{0x000000008aba5280}: 'java.lang.Object java.lang.invoke.Invokers$Holder.invokeExact_MT(java.lang.Object, int, java.lang.Object)'> (0x000000008aba5280) 
thrown [s\open\src\hotspot\share\interpreter\linkResolver.cpp, line 773]
Event: 2.033 Thread 0x0000015d152b2330 Exception <a 'java/lang/NoSuchMethodError'{0x000000008a3a8688}: 'void java.lang.invoke.Invokers$Holder.invokeExact_MT(java.lang.Object, java.lang.Object, java.lang.Object, java.lang.Object)'> (0x000000008a3a8688) 
thrown [s\open\src\hotspot\share\interpreter\linkResolver.cpp, line 773]
Event: 2.050 Thread 0x0000015d152b2330 Exception <a 'java/lang/NoClassDefFoundError'{0x000000008a238758}: com/google/inject/servlet/ServletModuleTargetVisitor> (0x000000008a238758) 
thrown [s\open\src\hotspot\share\classfile\systemDictionary.cpp, line 301]
Event: 2.118 Thread 0x0000015d152b2330 Exception <a 'java/lang/NoSuchMethodError'{0x000000008a1fded0}: 'void java.lang.invoke.DirectMethodHandle$Holder.invokeVirtual(java.lang.Object, java.lang.Object)'> (0x000000008a1fded0) 
thrown [s\open\src\hotspot\share\interpreter\linkResolver.cpp, line 773]
Event: 2.158 Thread 0x0000015d152b2330 Exception <a 'java/lang/NoSuchMethodError'{0x000000008a07d890}: 'java.lang.Object java.lang.invoke.DirectMethodHandle$Holder.invokeStaticInit(java.lang.Object, int, int, int, int)'> (0x000000008a07d890) 
thrown [s\open\src\hotspot\share\interpreter\linkResolver.cpp, line 773]
Event: 2.279 Thread 0x0000015d152b2330 Implicit null exception at 0x0000015d27511da4 to 0x0000015d27512474
Event: 2.279 Thread 0x0000015d152b2330 Implicit null exception at 0x0000015d274fdf20 to 0x0000015d274fe5e0
Event: 2.321 Thread 0x0000015d152b2330 Exception <a 'java/lang/NoSuchMethodError'{0x0000000089a09578}: 'void java.lang.invoke.DirectMethodHandle$Holder.invokeSpecial(java.lang.Object, java.lang.Object, java.lang.Object, java.lang.Object, java.lang.Object)'> (0x0000000089a09578) 
thrown [s\open\src\hotspot\share\interpreter\linkResolver.cpp, line 773]
Event: 2.323 Thread 0x0000015d152b2330 Exception <a 'java/lang/NoSuchMethodError'{0x0000000089a1f4c8}: 'void java.lang.invoke.DirectMethodHandle$Holder.invokeSpecial(java.lang.Object, java.lang.Object, java.lang.Object, java.lang.Object, java.lang.Object, java.lang.Object)'> (0x0000000089a1f4c8) 
thrown [s\open\src\hotspot\share\interpreter\linkResolver.cpp, line 773]
Event: 2.339 Thread 0x0000015d152b2330 Exception <a 'java/lang/NoSuchMethodError'{0x0000000089914c78}: 'java.lang.Object java.lang.invoke.DirectMethodHandle$Holder.invokeVirtual(java.lang.Object, java.lang.Object, java.lang.Object)'> (0x0000000089914c78) 
thrown [s\open\src\hotspot\share\interpreter\linkResolver.cpp, line 773]
Event: 2.386 Thread 0x0000015d152b2330 Exception <a 'java/lang/NoSuchMethodError'{0x00000000898818c0}: 'void java.lang.invoke.DirectMethodHandle$Holder.invokeVirtual(java.lang.Object, java.lang.Object, int)'> (0x00000000898818c0) 
thrown [s\open\src\hotspot\share\interpreter\linkResolver.cpp, line 773]
Event: 2.387 Thread 0x0000015d152b2330 Exception <a 'java/lang/NoSuchMethodError'{0x0000000089885670}: 'void java.lang.invoke.DirectMethodHandle$Holder.invokeSpecial(java.lang.Object, java.lang.Object, java.lang.Object, int)'> (0x0000000089885670) 
thrown [s\open\src\hotspot\share\interpreter\linkResolver.cpp, line 773]
Event: 2.387 Thread 0x0000015d152b2330 Exception <a 'java/lang/NoSuchMethodError'{0x0000000089888d40}: 'void java.lang.invoke.DelegatingMethodHandle$Holder.reinvoke_L(java.lang.Object, java.lang.Object, int)'> (0x0000000089888d40) 
thrown [s\open\src\hotspot\share\interpreter\linkResolver.cpp, line 773]
Event: 2.964 Thread 0x0000015d152b2330 Exception <a 'java/lang/NoSuchMethodError'{0x00000000878074b0}: 'int java.lang.invoke.DirectMethodHandle$Holder.invokeSpecialIFC(java.lang.Object, java.lang.Object, java.lang.Object, java.lang.Object)'> (0x00000000878074b0) 
thrown [s\open\src\hotspot\share\interpreter\linkResolver.cpp, line 773]
Event: 5.074 Thread 0x0000015d152b2330 Implicit null exception at 0x0000015d276de098 to 0x0000015d276de260
Event: 5.074 Thread 0x0000015d152b2330 Implicit null exception at 0x0000015d276d1798 to 0x0000015d276d1964
Event: 5.075 Thread 0x0000015d152b2330 Implicit null exception at 0x0000015d27576f3d to 0x0000015d27576fc1
Event: 5.308 Thread 0x0000015d152b2330 Implicit null exception at 0x0000015d276fdebd to 0x0000015d276fdf32
Event: 5.309 Thread 0x0000015d152b2330 Exception <a 'java/lang/NoSuchMethodError'{0x0000000088826130}: 'java.lang.Object java.lang.invoke.DirectMethodHandle$Holder.newInvokeSpecial(java.lang.Object, java.lang.Object, java.lang.Object, java.lang.Object, java.lang.Object, java.lang.Object, java.lang.Object)'> (0x0000000088826130) 
thrown [s\open\src\hotspot\share\interpreter\linkResolver.cpp, line 773]
Event: 5.396 Thread 0x0000015d152b2330 Exception <a 'java/lang/NoSuchMethodError'{0x0000000088530fb0}: 'int java.lang.invoke.DirectMethodHandle$Holder.invokeVirtual(java.lang.Object, java.lang.Object)'> (0x0000000088530fb0) 
thrown [s\open\src\hotspot\share\interpreter\linkResolver.cpp, line 773]

ZGC Phase Switch (0 events):
No events

VM Operations (20 events):
Event: 2.171 Executing VM operation: HandshakeAllThreads (Deoptimize)
Event: 2.171 Executing VM operation: HandshakeAllThreads (Deoptimize) done
Event: 2.201 Executing VM operation: HandshakeAllThreads (Deoptimize)
Event: 2.201 Executing VM operation: HandshakeAllThreads (Deoptimize) done
Event: 2.246 Executing VM operation: HandshakeAllThreads (Deoptimize)
Event: 2.246 Executing VM operation: HandshakeAllThreads (Deoptimize) done
Event: 2.373 Executing VM operation: ICBufferFull
Event: 2.373 Executing VM operation: ICBufferFull done
Event: 2.721 Executing VM operation: ICBufferFull
Event: 2.722 Executing VM operation: ICBufferFull done
Event: 3.191 Executing VM operation: ICBufferFull
Event: 3.191 Executing VM operation: ICBufferFull done
Event: 3.408 Executing VM operation: G1CollectForAllocation (G1 Evacuation Pause)
Event: 3.429 Executing VM operation: G1CollectForAllocation (G1 Evacuation Pause) done
Event: 3.889 Executing VM operation: ICBufferFull
Event: 3.889 Executing VM operation: ICBufferFull done
Event: 4.899 Executing VM operation: Cleanup
Event: 4.899 Executing VM operation: Cleanup done
Event: 5.908 Executing VM operation: Cleanup
Event: 5.909 Executing VM operation: Cleanup done

Events (20 events):
Event: 0.020 Thread 0x0000015d152b2330 Thread added: 0x0000015d152b2330
Event: 0.033 Thread 0x0000015d33ea56e0 Thread added: 0x0000015d33ea56e0
Event: 0.033 Thread 0x0000015d33ea6420 Thread added: 0x0000015d33ea6420
Event: 0.033 Thread 0x0000015d33ea9500 Thread added: 0x0000015d33ea9500
Event: 0.033 Thread 0x0000015d33eaf490 Thread added: 0x0000015d33eaf490
Event: 0.033 Thread 0x0000015d33eb02f0 Thread added: 0x0000015d33eb02f0
Event: 0.033 Thread 0x0000015d33eb8e80 Thread added: 0x0000015d33eb8e80
Event: 0.033 Thread 0x0000015d79021230 Thread added: 0x0000015d79021230
Event: 0.033 Thread 0x0000015d33ec2020 Thread added: 0x0000015d33ec2020
Event: 0.047 Thread 0x0000015d791c19f0 Thread added: 0x0000015d791c19f0
Event: 0.050 Thread 0x0000015d791c70a0 Thread added: 0x0000015d791c70a0
Event: 0.508 Thread 0x0000015d793e9760 Thread added: 0x0000015d793e9760
Event: 1.110 Thread 0x0000015d793e9760 Thread exited: 0x0000015d793e9760
Event: 1.115 Thread 0x0000015d793e9760 Thread added: 0x0000015d793e9760
Event: 1.134 Thread 0x0000015d79ba90e0 Thread added: 0x0000015d79ba90e0
Event: 2.216 Thread 0x0000015d7aa70900 Thread added: 0x0000015d7aa70900
Event: 4.367 Thread 0x0000015d79ba90e0 Thread exited: 0x0000015d79ba90e0
Event: 4.415 Thread 0x0000015d793e9760 Thread exited: 0x0000015d793e9760
Event: 5.078 Thread 0x0000015d7b3a43d0 Thread added: 0x0000015d7b3a43d0
Event: 5.078 Thread 0x0000015d7a34aec0 Thread added: 0x0000015d7a34aec0


Dynamic libraries:
0x00007ff7ceaf0000 - 0x00007ff7ceb00000 	C:\Program Files\Java\jdk-21\bin\java.exe
0x00007ffbbc300000 - 0x00007ffbbc567000 	C:\WINDOWS\SYSTEM32\ntdll.dll
0x00007ffbba6a0000 - 0x00007ffbba769000 	C:\WINDOWS\System32\KERNEL32.DLL
0x00007ffbb9730000 - 0x00007ffbb9b20000 	C:\WINDOWS\System32\KERNELBASE.dll
0x00007ffbb95e0000 - 0x00007ffbb972b000 	C:\WINDOWS\System32\ucrtbase.dll
0x00007ffb87bf0000 - 0x00007ffb87c09000 	C:\Program Files\Java\jdk-21\bin\jli.dll
0x00007ffbbc120000 - 0x00007ffbbc1d4000 	C:\WINDOWS\System32\ADVAPI32.dll
0x00007ffb87bd0000 - 0x00007ffb87beb000 	C:\Program Files\Java\jdk-21\bin\VCRUNTIME140.dll
0x00007ffbbc1e0000 - 0x00007ffbbc289000 	C:\WINDOWS\System32\msvcrt.dll
0x00007ffbbba00000 - 0x00007ffbbbaa6000 	C:\WINDOWS\System32\sechost.dll
0x00007ffbbad40000 - 0x00007ffbbae58000 	C:\WINDOWS\System32\RPCRT4.dll
0x00007ffbbbe50000 - 0x00007ffbbc015000 	C:\WINDOWS\System32\USER32.dll
0x00007ffba1b40000 - 0x00007ffba1dda000 	C:\WINDOWS\WinSxS\amd64_microsoft.windows.common-controls_6595b64144ccf1df_6.0.26100.4768_none_3e0c112ce331287c\COMCTL32.dll
0x00007ffbb95b0000 - 0x00007ffbb95d7000 	C:\WINDOWS\System32\win32u.dll
0x00007ffbbc290000 - 0x00007ffbbc2bb000 	C:\WINDOWS\System32\GDI32.dll
0x00007ffbb9f50000 - 0x00007ffbba088000 	C:\WINDOWS\System32\gdi32full.dll
0x00007ffbb9b30000 - 0x00007ffbb9bd3000 	C:\WINDOWS\System32\msvcp_win.dll
0x00007ffbb0680000 - 0x00007ffbb068b000 	C:\WINDOWS\SYSTEM32\VERSION.dll
0x00007ffbbb990000 - 0x00007ffbbb9bf000 	C:\WINDOWS\System32\IMM32.DLL
0x00007ffb888d0000 - 0x00007ffb888dc000 	C:\Program Files\Java\jdk-21\bin\vcruntime140_1.dll
0x00007ffb50440000 - 0x00007ffb504ce000 	C:\Program Files\Java\jdk-21\bin\msvcp140.dll
0x00007ffac1070000 - 0x00007ffac1d8d000 	C:\Program Files\Java\jdk-21\bin\server\jvm.dll
0x00007ffbbac10000 - 0x00007ffbbac84000 	C:\WINDOWS\System32\WS2_32.dll
0x00007ffbb9290000 - 0x00007ffbb92ee000 	C:\WINDOWS\SYSTEM32\POWRPROF.dll
0x00007ffba1de0000 - 0x00007ffba1e15000 	C:\WINDOWS\SYSTEM32\WINMM.dll
0x00007ffbb9270000 - 0x00007ffbb9284000 	C:\WINDOWS\SYSTEM32\UMPDC.dll
0x00007ffbb8190000 - 0x00007ffbb81ab000 	C:\WINDOWS\SYSTEM32\kernel.appcore.dll
0x00007ffb87bc0000 - 0x00007ffb87bca000 	C:\Program Files\Java\jdk-21\bin\jimage.dll
0x00007ffbb6c90000 - 0x00007ffbb6ed1000 	C:\WINDOWS\SYSTEM32\DBGHELP.DLL
0x00007ffbbbab0000 - 0x00007ffbbbe35000 	C:\WINDOWS\System32\combase.dll
0x00007ffbbc030000 - 0x00007ffbbc110000 	C:\WINDOWS\System32\OLEAUT32.dll
0x00007ffb9df90000 - 0x00007ffb9dfd3000 	C:\WINDOWS\SYSTEM32\dbgcore.DLL
0x00007ffbb9be0000 - 0x00007ffbb9c79000 	C:\WINDOWS\System32\bcryptPrimitives.dll
0x00007ffb85490000 - 0x00007ffb854af000 	C:\Program Files\Java\jdk-21\bin\java.dll
0x00007ffbbb030000 - 0x00007ffbbb77d000 	C:\WINDOWS\System32\SHELL32.dll
0x00007ffbb9c80000 - 0x00007ffbb9df3000 	C:\WINDOWS\System32\wintypes.dll
0x00007ffbb6fe0000 - 0x00007ffbb7840000 	C:\WINDOWS\SYSTEM32\windows.storage.dll
0x00007ffbbaee0000 - 0x00007ffbbafd5000 	C:\WINDOWS\System32\SHCORE.dll
0x00007ffbba310000 - 0x00007ffbba37a000 	C:\WINDOWS\System32\shlwapi.dll
0x00007ffbb9350000 - 0x00007ffbb9379000 	C:\WINDOWS\SYSTEM32\profapi.dll
0x00007ffb3c190000 - 0x00007ffb3c267000 	C:\Program Files\Java\jdk-21\bin\jsvml.dll
0x00007ffb87b30000 - 0x00007ffb87b40000 	C:\Program Files\Java\jdk-21\bin\net.dll
0x00007ffbb32e0000 - 0x00007ffbb33fe000 	C:\WINDOWS\SYSTEM32\WINHTTP.dll
0x00007ffbb8740000 - 0x00007ffbb87ab000 	C:\WINDOWS\system32\mswsock.dll
0x00007ffb846b0000 - 0x00007ffb846c6000 	C:\Program Files\Java\jdk-21\bin\nio.dll
0x00007ffb84690000 - 0x00007ffb846a8000 	C:\Program Files\Java\jdk-21\bin\zip.dll
0x00007ffb7d9c0000 - 0x00007ffb7d9e4000 	C:\Users\tejas\.m2\wrapper\dists\apache-maven-3.9.10\a38810a491b03367137adfdfbe7d14c4\lib\jansi-native\Windows\x86_64\jansi.dll
0x00007ffb87a50000 - 0x00007ffb87a60000 	C:\Program Files\Java\jdk-21\bin\verify.dll

dbghelp: loaded successfully - version: 4.0.5 - missing functions: none
symbol engine: initialized successfully - sym options: 0x614 - pdb path: .;C:\Program Files\Java\jdk-21\bin;C:\WINDOWS\SYSTEM32;C:\WINDOWS\WinSxS\amd64_microsoft.windows.common-controls_6595b64144ccf1df_6.0.26100.4768_none_3e0c112ce331287c;C:\Program Files\Java\jdk-21\bin\server;C:\Users\tejas\.m2\wrapper\dists\apache-maven-3.9.10\a38810a491b03367137adfdfbe7d14c4\lib\jansi-native\Windows\x86_64

VM Arguments:
jvm_args: --enable-native-access=ALL-UNNAMED -Dclassworlds.conf=C:\Users\tejas\.m2\wrapper\dists\apache-maven-3.9.10\a38810a491b03367137adfdfbe7d14c4\bin\m2.conf -Dmaven.home=C:\Users\tejas\.m2\wrapper\dists\apache-maven-3.9.10\a38810a491b03367137adfdfbe7d14c4 -Dlibrary.jansi.path=C:\Users\tejas\.m2\wrapper\dists\apache-maven-3.9.10\a38810a491b03367137adfdfbe7d14c4\lib\jansi-native -Dmaven.multiModuleProjectDirectory=C:\Users\tejas\OneDrive\Desktop\travelapp_project\travelapp\travel-app-backend 
java_command: org.codehaus.plexus.classworlds.launcher.Launcher -DskipTests clean package
java_class_path (initial): C:\Users\tejas\.m2\wrapper\dists\apache-maven-3.9.10\a38810a491b03367137adfdfbe7d14c4\boot\plexus-classworlds-2.9.0.jar
Launcher Type: SUN_STANDARD

[Global flags]
     intx CICompilerCount                          = 4                                         {product} {ergonomic}
     uint ConcGCThreads                            = 2                                         {product} {ergonomic}
     uint G1ConcRefinementThreads                  = 8                                         {product} {ergonomic}
   size_t G1HeapRegionSize                         = 1048576                                   {product} {ergonomic}
    uintx GCDrainStackTargetSize                   = 64                                        {product} {ergonomic}
   size_t InitialHeapSize                          = 132120576                                 {product} {ergonomic}
   size_t MarkStackSize                            = 4194304                                   {product} {ergonomic}
   size_t MaxHeapSize                              = 2095054848                                {product} {ergonomic}
   size_t MaxNewSize                               = 1256194048                                {product} {ergonomic}
   size_t MinHeapDeltaBytes                        = 1048576                                   {product} {ergonomic}
   size_t MinHeapSize                              = 8388608                                   {product} {ergonomic}
    uintx NonNMethodCodeHeapSize                   = 5839372                                {pd product} {ergonomic}
    uintx NonProfiledCodeHeapSize                  = 122909434                              {pd product} {ergonomic}
    uintx ProfiledCodeHeapSize                     = 122909434                              {pd product} {ergonomic}
    uintx ReservedCodeCacheSize                    = 251658240                              {pd product} {ergonomic}
     bool SegmentedCodeCache                       = true                                      {product} {ergonomic}
   size_t SoftMaxHeapSize                          = 2095054848                             {manageable} {ergonomic}
     bool UseCompressedOops                        = true                           {product lp64_product} {ergonomic}
     bool UseG1GC                                  = true                                      {product} {ergonomic}
     bool UseLargePagesIndividualAllocation        = false                                  {pd product} {ergonomic}

Logging:
Log output configuration:
 #0: stdout all=warning uptime,level,tags foldmultilines=false
 #1: stderr all=off uptime,level,tags foldmultilines=false

Environment Variables:
PATH=C:\Program Files\Common Files\Oracle\Java\javapath;C:\WINDOWS\system32;C:\WINDOWS;C:\WINDOWS\System32\Wbem;C:\WINDOWS\System32\WindowsPowerShell\v1.0\;C:\WINDOWS\System32\OpenSSH\;C:\MinGW\bin;C:\Program Files (x86)\Windows Kits\8.1\Windows Performance Toolkit\;C:\Program Files\Git\cmd;C:\Program Files\Cloudflare\Cloudflare WARP\;C:\Program Files\MySQL\MySQL Server 8.0\bin;C:\apache-maven-3.9.10\bin;C:\Program Files\nodejs\;C:\Program Files\Docker\Docker\resources\bin;C:\Program Files\MySQL\MySQL Shell 8.0\bin\;C:\Users\tejas\AppData\Local\Microsoft\WindowsApps;C:\Users\tejas\AppData\Local\Programs\Microsoft VS Code\bin;C:\Program Files\JetBrains\IntelliJ IDEA Community Edition 2022.2.3\bin;;;C:\Users\tejas\OneDrive\Desktop\Tejas\PyCharm 2025.1.1.1\bin;;C:\Users\tejas\AppData\Roaming\npm;C:\Users\tejas\AppData\Local\Programs\Windsurf\bin
USERNAME=tejas
LANG=en_US.UTF-8
OS=Windows_NT
PROCESSOR_IDENTIFIER=Intel64 Family 6 Model 140 Stepping 1, GenuineIntel
TMP=C:\Users\tejas\AppData\Local\Temp
TEMP=C:\Users\tejas\AppData\Local\Temp




Periodic native trim disabled

---------------  S Y S T E M  ---------------

OS:
 Windows 11 , 64 bit Build 26100 (10.0.26100.4768)
OS uptime: 3 days 19:43 hours
Hyper-V role detected

CPU: total 8 (initial active 8) (4 cores per cpu, 2 threads per core) family 6 model 140 stepping 1 microcode 0x78, cx8, cmov, fxsr, ht, mmx, 3dnowpref, sse, sse2, sse3, ssse3, sse4.1, sse4.2, popcnt, lzcnt, tsc, tscinvbit, avx, avx2, aes, erms, clmul, bmi1, bmi2, adx, avx512f, avx512dq, avx512cd, avx512bw, avx512vl, sha, fma, vzeroupper, avx512_vpopcntdq, avx512_vpclmulqdq, avx512_vaes, avx512_vnni, clflush, clflushopt, clwb, avx512_vbmi2, avx512_vbmi, hv, rdtscp, rdpid, fsrm, gfni, avx512_bitalg, f16c, cet_ibt, cet_ss, avx512_ifma
Processor Information for all 8 processors :
  Max Mhz: 2419, Current Mhz: 2419, Mhz Limit: 2419

Memory: 4k page, system-wide physical 7987M (737M free)
TotalPageFile size 32563M (AvailPageFile size 22M)
current process WorkingSet (physical memory assigned to process): 184M, peak: 191M
current process commit charge ("private bytes"): 262M, peak: 269M

vm_info: Java HotSpot(TM) 64-Bit Server VM (21.0.8+12-LTS-250) for windows-amd64 JRE (21.0.8+12-LTS-250), built on 2025-06-27T08:11:22Z by "mach5one" with MS VC++ 17.6 (VS2022)

END.
