#
# There is insufficient memory for the Java Runtime Environment to continue.
# Native memory allocation (malloc) failed to allocate 1081696 bytes for Chunk::new
# Possible reasons:
#   The system is out of physical RAM or swap space
#   The process is running with CompressedOops enabled, and the Java Heap may be blocking the growth of the native heap
# Possible solutions:
#   Reduce memory load on the system
#   Increase physical memory or swap space
#   Check if swap backing store is full
#   Decrease Java heap size (-Xmx/-Xms)
#   Decrease number of Java threads
#   Decrease Java thread stack sizes (-Xss)
#   Set larger code cache with -XX:ReservedCodeCacheSize=
#   JVM is running with Unscaled Compressed Oops mode in which the Java heap is
#     placed in the first 4GB address space. The Java Heap base address is the
#     maximum limit for the native heap growth. Please use -XX:HeapBaseMinAddress
#     to set the Java Heap base and to place the Java Heap above 4GB virtual address.
# This output file may be truncated or incomplete.
#
#  Out of Memory Error (arena.cpp:168), pid=19184, tid=31372
#
# JRE version: Java(TM) SE Runtime Environment (21.0.8+12) (build 21.0.8+12-LTS-250)
# Java VM: Java HotSpot(TM) 64-Bit Server VM (21.0.8+12-LTS-250, mixed mode, sharing, tiered, compressed oops, compressed class ptrs, g1 gc, windows-amd64)
# No core dump will be written. Minidumps are not enabled by default on client versions of Windows
#

---------------  S U M M A R Y ------------

Command Line: --enable-native-access=ALL-UNNAMED -Dclassworlds.conf=C:\Users\tejas\.m2\wrapper\dists\apache-maven-3.9.10\a38810a491b03367137adfdfbe7d14c4\bin\m2.conf -Dmaven.home=C:\Users\tejas\.m2\wrapper\dists\apache-maven-3.9.10\a38810a491b03367137adfdfbe7d14c4 -Dlibrary.jansi.path=C:\Users\tejas\.m2\wrapper\dists\apache-maven-3.9.10\a38810a491b03367137adfdfbe7d14c4\lib\jansi-native -Dmaven.multiModuleProjectDirectory=C:\Users\tejas\OneDrive\Desktop\travelapp_project\travelapp\travel-app-backend org.codehaus.plexus.classworlds.launcher.Launcher clean package

Host: 11th Gen Intel(R) Core(TM) i5-1135G7 @ 2.40GHz, 8 cores, 7G,  Windows 11 , 64 bit Build 26100 (10.0.26100.4768)
Time: Sun Aug 17 10:12:58 2025 India Standard Time elapsed time: 18.046202 seconds (0d 0h 0m 18s)

---------------  T H R E A D  ---------------

Current thread (0x0000017767551680):  JavaThread "C2 CompilerThread2" daemon [_thread_in_native, id=31372, stack(0x000000222ef00000,0x000000222f000000) (1024K)]


Current CompileTask:
C2:  18046 10615       4       org.apache.maven.model.inheritance.DefaultInheritanceAssembler$InheritanceModelMerger::mergePluginContainer_Plugins (433 bytes)

Stack: [0x000000222ef00000,0x000000222f000000]
Native frames: (J=compiled Java code, j=interpreted, Vv=VM code, C=native code)
V  [jvm.dll+0x6cc179]
V  [jvm.dll+0x8584c1]
V  [jvm.dll+0x85a9ee]
V  [jvm.dll+0x85b0c3]
V  [jvm.dll+0x27ebf6]
V  [jvm.dll+0xc4f4d]
V  [jvm.dll+0xc5483]
V  [jvm.dll+0x2f209d]
V  [jvm.dll+0x5f6daa]
V  [jvm.dll+0x250702]
V  [jvm.dll+0x24906f]
V  [jvm.dll+0x246b44]
V  [jvm.dll+0x1c7a3e]
V  [jvm.dll+0x256359]
V  [jvm.dll+0x2548ea]
V  [jvm.dll+0x3efef6]
V  [jvm.dll+0x80279b]
V  [jvm.dll+0x6ca85d]
C  [ucrtbase.dll+0x37b0]
C  [KERNEL32.DLL+0x2e8d7]
C  [ntdll.dll+0x3c34c]


---------------  P R O C E S S  ---------------

Threads class SMR info:
_java_thread_list=0x0000017765853260, length=20, elements={
0x0000017742444270, 0x0000017760f0b8d0, 0x0000017760f0e340, 0x0000017760f10080,
0x0000017760f10810, 0x0000017760f16b30, 0x0000017760f21430, 0x0000017760f29dd0,
0x0000017760f2a470, 0x0000017765288010, 0x0000017765286c60, 0x0000017765285f40,
0x0000017767894830, 0x0000017767551680, 0x00000177652872f0, 0x0000017765486f30,
0x00000177654854f0, 0x0000017765487c50, 0x00000177654875c0, 0x00000177654847d0
}

Java Threads: ( => current thread )
  0x0000017742444270 JavaThread "main"                              [_thread_in_native, id=20712, stack(0x000000222d200000,0x000000222d300000) (1024K)]
  0x0000017760f0b8d0 JavaThread "Reference Handler"          daemon [_thread_blocked, id=22748, stack(0x000000222da00000,0x000000222db00000) (1024K)]
  0x0000017760f0e340 JavaThread "Finalizer"                  daemon [_thread_blocked, id=28408, stack(0x000000222db00000,0x000000222dc00000) (1024K)]
  0x0000017760f10080 JavaThread "Signal Dispatcher"          daemon [_thread_blocked, id=4668, stack(0x000000222dc00000,0x000000222dd00000) (1024K)]
  0x0000017760f10810 JavaThread "Attach Listener"            daemon [_thread_blocked, id=34640, stack(0x000000222dd00000,0x000000222de00000) (1024K)]
  0x0000017760f16b30 JavaThread "Service Thread"             daemon [_thread_blocked, id=23300, stack(0x000000222de00000,0x000000222df00000) (1024K)]
  0x0000017760f21430 JavaThread "Monitor Deflation Thread"   daemon [_thread_blocked, id=27912, stack(0x000000222df00000,0x000000222e000000) (1024K)]
  0x0000017760f29dd0 JavaThread "C2 CompilerThread0"         daemon [_thread_blocked, id=33112, stack(0x000000222e000000,0x000000222e100000) (1024K)]
  0x0000017760f2a470 JavaThread "C1 CompilerThread0"         daemon [_thread_blocked, id=32088, stack(0x000000222e100000,0x000000222e200000) (1024K)]
  0x0000017765288010 JavaThread "Notification Thread"        daemon [_thread_blocked, id=20204, stack(0x000000222e200000,0x000000222e300000) (1024K)]
  0x0000017765286c60 JavaThread "Common-Cleaner"             daemon [_thread_blocked, id=20144, stack(0x000000222e300000,0x000000222e400000) (1024K)]
  0x0000017765285f40 JavaThread "Thread-1"                   daemon [_thread_blocked, id=28664, stack(0x000000222ed00000,0x000000222ee00000) (1024K)]
  0x0000017767894830 JavaThread "C2 CompilerThread1"         daemon [_thread_blocked, id=22800, stack(0x000000222e400000,0x000000222e500000) (1024K)]
=>0x0000017767551680 JavaThread "C2 CompilerThread2"         daemon [_thread_in_native, id=31372, stack(0x000000222ef00000,0x000000222f000000) (1024K)]
  0x00000177652872f0 JavaThread "timeout-check-timer"        daemon [_thread_blocked, id=25500, stack(0x000000222f000000,0x000000222f100000) (1024K)]
  0x0000017765486f30 JavaThread "ping-timer-10s"             daemon [_thread_blocked, id=29364, stack(0x000000222f100000,0x000000222f200000) (1024K)]
  0x00000177654854f0 JavaThread "ThreadedStreamConsumer"     daemon [_thread_blocked, id=21312, stack(0x000000222f200000,0x000000222f300000) (1024K)]
  0x0000017765487c50 JavaThread "fork-1-err-thread"          daemon [_thread_in_native, id=31376, stack(0x000000222f300000,0x000000222f400000) (1024K)]
  0x00000177654875c0 JavaThread "commands-fork-1"            daemon [_thread_blocked, id=6044, stack(0x000000222f400000,0x000000222f500000) (1024K)]
  0x00000177654847d0 JavaThread "fork-1-event-thread"        daemon [_thread_in_native, id=15752, stack(0x000000222f500000,0x000000222f600000) (1024K)]
Total: 20

Other Threads:
  0x0000017760eec1f0 VMThread "VM Thread"                           [id=9628, stack(0x000000222d900000,0x000000222da00000) (1024K)]
  0x0000017760ed9b90 WatcherThread "VM Periodic Task Thread"        [id=33816, stack(0x000000222d800000,0x000000222d900000) (1024K)]
  0x000001774263ced0 WorkerThread "GC Thread#0"                     [id=24012, stack(0x000000222d300000,0x000000222d400000) (1024K)]
  0x00000177661b8890 WorkerThread "GC Thread#1"                     [id=11388, stack(0x000000222e600000,0x000000222e700000) (1024K)]
  0x0000017765e245d0 WorkerThread "GC Thread#2"                     [id=32872, stack(0x000000222e700000,0x000000222e800000) (1024K)]
  0x0000017765d0d130 WorkerThread "GC Thread#3"                     [id=30748, stack(0x000000222e800000,0x000000222e900000) (1024K)]
  0x000001776574c020 WorkerThread "GC Thread#4"                     [id=6116, stack(0x000000222e900000,0x000000222ea00000) (1024K)]
  0x0000017765d158f0 WorkerThread "GC Thread#5"                     [id=31772, stack(0x000000222ea00000,0x000000222eb00000) (1024K)]
  0x00000177664e6110 WorkerThread "GC Thread#6"                     [id=34560, stack(0x000000222eb00000,0x000000222ec00000) (1024K)]
  0x0000017765f1ff70 WorkerThread "GC Thread#7"                     [id=4932, stack(0x000000222ec00000,0x000000222ed00000) (1024K)]
  0x000001774264d870 ConcurrentGCThread "G1 Main Marker"            [id=31364, stack(0x000000222d400000,0x000000222d500000) (1024K)]
  0x000001774264f1f0 WorkerThread "G1 Conc#0"                       [id=34100, stack(0x000000222d500000,0x000000222d600000) (1024K)]
  0x0000017766a3b1c0 WorkerThread "G1 Conc#1"                       [id=30444, stack(0x000000222e500000,0x000000222e600000) (1024K)]
  0x0000017760da8c60 ConcurrentGCThread "G1 Refine#0"               [id=34420, stack(0x000000222d600000,0x000000222d700000) (1024K)]
  0x0000017760da9090 ConcurrentGCThread "G1 Service"                [id=19104, stack(0x000000222d700000,0x000000222d800000) (1024K)]
Total: 15

Threads with active compile tasks:
C2 CompilerThread2    18070 10615       4       org.apache.maven.model.inheritance.DefaultInheritanceAssembler$InheritanceModelMerger::mergePluginContainer_Plugins (433 bytes)
Total: 1

VM state: not at safepoint (normal execution)

VM Mutex/Monitor currently owned by a thread: None

Heap address: 0x0000000083200000, size: 1998 MB, Compressed Oops mode: 32-bit

CDS archive(s) mapped at: [0x0000017700000000-0x0000017700c90000-0x0000017700c90000), size 13172736, SharedBaseAddress: 0x0000017700000000, ArchiveRelocationMode: 1.
Compressed class space mapped at: 0x0000017701000000-0x0000017741000000, reserved size: 1073741824
Narrow klass base: 0x0000017700000000, Narrow klass shift: 0, Narrow klass range: 0x100000000

GC Precious Log:
 CardTable entry size: 512
 Card Set container configuration: InlinePtr #cards 5 size 8 Array Of Cards #cards 12 size 40 Howl #buckets 4 coarsen threshold 1843 Howl Bitmap #cards 512 size 80 coarsen threshold 460 Card regions per heap region 1 cards per card region 2048
 CPUs: 8 total, 8 available
 Memory: 7987M
 Large Page Support: Disabled
 NUMA Support: Disabled
 Compressed Oops: Enabled (32-bit)
 Heap Region Size: 1M
 Heap Min Capacity: 8M
 Heap Initial Capacity: 126M
 Heap Max Capacity: 1998M
 Pre-touch: Disabled
 Parallel Workers: 8
 Concurrent Workers: 2
 Concurrent Refinement Workers: 8
 Periodic GC: Disabled

Heap:
 garbage-first heap   total 160768K, used 112128K [0x0000000083200000, 0x0000000100000000)
  region size 1024K, 39 young (39936K), 2 survivors (2048K)
 Metaspace       used 45402K, committed 46016K, reserved 1114112K
  class space    used 4990K, committed 5248K, reserved 1048576K

Heap Regions: E=young(eden), S=young(survivor), O=old, HS=humongous(starts), HC=humongous(continues), CS=collection set, F=free, TAMS=top-at-mark-start, PB=parsable bottom
|   0|0x0000000083200000, 0x0000000083300000, 0x0000000083300000|100%| O|  |TAMS 0x0000000083200000| PB 0x0000000083200000| Untracked 
|   1|0x0000000083300000, 0x0000000083400000, 0x0000000083400000|100%| O|  |TAMS 0x0000000083300000| PB 0x0000000083300000| Untracked 
|   2|0x0000000083400000, 0x0000000083500000, 0x0000000083500000|100%| O|  |TAMS 0x0000000083400000| PB 0x0000000083400000| Untracked 
|   3|0x0000000083500000, 0x0000000083600000, 0x0000000083600000|100%| O|  |TAMS 0x0000000083500000| PB 0x0000000083500000| Untracked 
|   4|0x0000000083600000, 0x0000000083700000, 0x0000000083700000|100%| O|  |TAMS 0x0000000083600000| PB 0x0000000083600000| Untracked 
|   5|0x0000000083700000, 0x0000000083800000, 0x0000000083800000|100%| O|  |TAMS 0x0000000083700000| PB 0x0000000083700000| Untracked 
|   6|0x0000000083800000, 0x0000000083900000, 0x0000000083900000|100%| O|  |TAMS 0x0000000083800000| PB 0x0000000083800000| Untracked 
|   7|0x0000000083900000, 0x0000000083a00000, 0x0000000083a00000|100%| O|  |TAMS 0x0000000083900000| PB 0x0000000083900000| Untracked 
|   8|0x0000000083a00000, 0x0000000083b00000, 0x0000000083b00000|100%| O|  |TAMS 0x0000000083a00000| PB 0x0000000083a00000| Untracked 
|   9|0x0000000083b00000, 0x0000000083c00000, 0x0000000083c00000|100%| O|  |TAMS 0x0000000083b00000| PB 0x0000000083b00000| Untracked 
|  10|0x0000000083c00000, 0x0000000083d00000, 0x0000000083d00000|100%| O|  |TAMS 0x0000000083c00000| PB 0x0000000083c00000| Untracked 
|  11|0x0000000083d00000, 0x0000000083e00000, 0x0000000083e00000|100%| O|  |TAMS 0x0000000083d00000| PB 0x0000000083d00000| Untracked 
|  12|0x0000000083e00000, 0x0000000083f00000, 0x0000000083f00000|100%| O|  |TAMS 0x0000000083e00000| PB 0x0000000083e00000| Untracked 
|  13|0x0000000083f00000, 0x0000000084000000, 0x0000000084000000|100%|HS|  |TAMS 0x0000000083f00000| PB 0x0000000083f00000| Complete 
|  14|0x0000000084000000, 0x0000000084100000, 0x0000000084100000|100%| O|  |TAMS 0x0000000084000000| PB 0x0000000084000000| Untracked 
|  15|0x0000000084100000, 0x0000000084200000, 0x0000000084200000|100%| O|  |TAMS 0x0000000084100000| PB 0x0000000084100000| Untracked 
|  16|0x0000000084200000, 0x0000000084300000, 0x0000000084300000|100%| O|  |TAMS 0x0000000084200000| PB 0x0000000084200000| Untracked 
|  17|0x0000000084300000, 0x0000000084400000, 0x0000000084400000|100%|HS|  |TAMS 0x0000000084300000| PB 0x0000000084300000| Complete 
|  18|0x0000000084400000, 0x0000000084500000, 0x0000000084500000|100%|HC|  |TAMS 0x0000000084400000| PB 0x0000000084400000| Complete 
|  19|0x0000000084500000, 0x0000000084600000, 0x0000000084600000|100%|HC|  |TAMS 0x0000000084500000| PB 0x0000000084500000| Complete 
|  20|0x0000000084600000, 0x0000000084700000, 0x0000000084700000|100%| O|  |TAMS 0x0000000084600000| PB 0x0000000084600000| Untracked 
|  21|0x0000000084700000, 0x0000000084800000, 0x0000000084800000|100%| O|  |TAMS 0x0000000084700000| PB 0x0000000084700000| Untracked 
|  22|0x0000000084800000, 0x0000000084900000, 0x0000000084900000|100%| O|  |TAMS 0x0000000084800000| PB 0x0000000084800000| Untracked 
|  23|0x0000000084900000, 0x0000000084a00000, 0x0000000084a00000|100%| O|Cm|TAMS 0x0000000084900000| PB 0x0000000084900000| Complete 
|  24|0x0000000084a00000, 0x0000000084b00000, 0x0000000084b00000|100%| O|Cm|TAMS 0x0000000084a00000| PB 0x0000000084a00000| Complete 
|  25|0x0000000084b00000, 0x0000000084c00000, 0x0000000084c00000|100%| O|Cm|TAMS 0x0000000084b00000| PB 0x0000000084b00000| Complete 
|  26|0x0000000084c00000, 0x0000000084d00000, 0x0000000084d00000|100%| O|Cm|TAMS 0x0000000084c00000| PB 0x0000000084c00000| Complete 
|  27|0x0000000084d00000, 0x0000000084e00000, 0x0000000084e00000|100%| O|Cm|TAMS 0x0000000084d00000| PB 0x0000000084d00000| Complete 
|  28|0x0000000084e00000, 0x0000000084f00000, 0x0000000084f00000|100%| O|  |TAMS 0x0000000084e00000| PB 0x0000000084e00000| Untracked 
|  29|0x0000000084f00000, 0x0000000085000000, 0x0000000085000000|100%| O|  |TAMS 0x0000000084f00000| PB 0x0000000084f00000| Untracked 
|  30|0x0000000085000000, 0x0000000085100000, 0x0000000085100000|100%| O|  |TAMS 0x0000000085000000| PB 0x0000000085000000| Untracked 
|  31|0x0000000085100000, 0x0000000085200000, 0x0000000085200000|100%| O|  |TAMS 0x0000000085100000| PB 0x0000000085100000| Untracked 
|  32|0x0000000085200000, 0x0000000085300000, 0x0000000085300000|100%| O|  |TAMS 0x0000000085200000| PB 0x0000000085200000| Untracked 
|  33|0x0000000085300000, 0x0000000085400000, 0x0000000085400000|100%| O|  |TAMS 0x0000000085300000| PB 0x0000000085300000| Untracked 
|  34|0x0000000085400000, 0x0000000085500000, 0x0000000085500000|100%|HS|  |TAMS 0x0000000085400000| PB 0x0000000085400000| Complete 
|  35|0x0000000085500000, 0x0000000085600000, 0x0000000085600000|100%|HC|  |TAMS 0x0000000085500000| PB 0x0000000085500000| Complete 
|  36|0x0000000085600000, 0x0000000085700000, 0x0000000085700000|100%|HC|  |TAMS 0x0000000085600000| PB 0x0000000085600000| Complete 
|  37|0x0000000085700000, 0x0000000085800000, 0x0000000085800000|100%|HS|  |TAMS 0x0000000085700000| PB 0x0000000085700000| Complete 
|  38|0x0000000085800000, 0x0000000085900000, 0x0000000085900000|100%|HS|  |TAMS 0x0000000085800000| PB 0x0000000085800000| Complete 
|  39|0x0000000085900000, 0x0000000085a00000, 0x0000000085a00000|100%| O|  |TAMS 0x0000000085900000| PB 0x0000000085900000| Untracked 
|  40|0x0000000085a00000, 0x0000000085b00000, 0x0000000085b00000|100%| O|  |TAMS 0x0000000085a00000| PB 0x0000000085a00000| Untracked 
|  41|0x0000000085b00000, 0x0000000085b00000, 0x0000000085c00000|  0%| F|  |TAMS 0x0000000085b00000| PB 0x0000000085b00000| Untracked 
|  42|0x0000000085c00000, 0x0000000085c00000, 0x0000000085d00000|  0%| F|  |TAMS 0x0000000085c00000| PB 0x0000000085c00000| Untracked 
|  43|0x0000000085d00000, 0x0000000085d00000, 0x0000000085e00000|  0%| F|  |TAMS 0x0000000085d00000| PB 0x0000000085d00000| Untracked 
|  44|0x0000000085e00000, 0x0000000085e00000, 0x0000000085f00000|  0%| F|  |TAMS 0x0000000085e00000| PB 0x0000000085e00000| Untracked 
|  45|0x0000000085f00000, 0x0000000085f00000, 0x0000000086000000|  0%| F|  |TAMS 0x0000000085f00000| PB 0x0000000085f00000| Untracked 
|  46|0x0000000086000000, 0x0000000086100000, 0x0000000086100000|100%| O|  |TAMS 0x0000000086000000| PB 0x0000000086000000| Untracked 
|  47|0x0000000086100000, 0x0000000086200000, 0x0000000086200000|100%| O|  |TAMS 0x0000000086100000| PB 0x0000000086100000| Untracked 
|  48|0x0000000086200000, 0x0000000086300000, 0x0000000086300000|100%| O|  |TAMS 0x0000000086200000| PB 0x0000000086200000| Untracked 
|  49|0x0000000086300000, 0x0000000086400000, 0x0000000086400000|100%| O|  |TAMS 0x0000000086300000| PB 0x0000000086300000| Untracked 
|  50|0x0000000086400000, 0x0000000086500000, 0x0000000086500000|100%| O|  |TAMS 0x0000000086400000| PB 0x0000000086400000| Untracked 
|  51|0x0000000086500000, 0x0000000086580000, 0x0000000086600000| 50%| O|  |TAMS 0x0000000086500000| PB 0x0000000086500000| Untracked 
|  52|0x0000000086600000, 0x0000000086600000, 0x0000000086700000|  0%| F|  |TAMS 0x0000000086600000| PB 0x0000000086600000| Untracked 
|  53|0x0000000086700000, 0x0000000086700000, 0x0000000086800000|  0%| F|  |TAMS 0x0000000086700000| PB 0x0000000086700000| Untracked 
|  54|0x0000000086800000, 0x0000000086800000, 0x0000000086900000|  0%| F|  |TAMS 0x0000000086800000| PB 0x0000000086800000| Untracked 
|  55|0x0000000086900000, 0x0000000086900000, 0x0000000086a00000|  0%| F|  |TAMS 0x0000000086900000| PB 0x0000000086900000| Untracked 
|  56|0x0000000086a00000, 0x0000000086a00000, 0x0000000086b00000|  0%| F|  |TAMS 0x0000000086a00000| PB 0x0000000086a00000| Untracked 
|  57|0x0000000086b00000, 0x0000000086b00000, 0x0000000086c00000|  0%| F|  |TAMS 0x0000000086b00000| PB 0x0000000086b00000| Untracked 
|  58|0x0000000086c00000, 0x0000000086c00000, 0x0000000086d00000|  0%| F|  |TAMS 0x0000000086c00000| PB 0x0000000086c00000| Untracked 
|  59|0x0000000086d00000, 0x0000000086d00000, 0x0000000086e00000|  0%| F|  |TAMS 0x0000000086d00000| PB 0x0000000086d00000| Untracked 
|  60|0x0000000086e00000, 0x0000000086e00000, 0x0000000086f00000|  0%| F|  |TAMS 0x0000000086e00000| PB 0x0000000086e00000| Untracked 
|  61|0x0000000086f00000, 0x0000000086f00000, 0x0000000087000000|  0%| F|  |TAMS 0x0000000086f00000| PB 0x0000000086f00000| Untracked 
|  62|0x0000000087000000, 0x0000000087000000, 0x0000000087100000|  0%| F|  |TAMS 0x0000000087000000| PB 0x0000000087000000| Untracked 
|  63|0x0000000087100000, 0x0000000087100000, 0x0000000087200000|  0%| F|  |TAMS 0x0000000087100000| PB 0x0000000087100000| Untracked 
|  64|0x0000000087200000, 0x0000000087200000, 0x0000000087300000|  0%| F|  |TAMS 0x0000000087200000| PB 0x0000000087200000| Untracked 
|  65|0x0000000087300000, 0x0000000087300000, 0x0000000087400000|  0%| F|  |TAMS 0x0000000087300000| PB 0x0000000087300000| Untracked 
|  66|0x0000000087400000, 0x0000000087400000, 0x0000000087500000|  0%| F|  |TAMS 0x0000000087400000| PB 0x0000000087400000| Untracked 
|  67|0x0000000087500000, 0x0000000087500000, 0x0000000087600000|  0%| F|  |TAMS 0x0000000087500000| PB 0x0000000087500000| Untracked 
|  68|0x0000000087600000, 0x0000000087600000, 0x0000000087700000|  0%| F|  |TAMS 0x0000000087600000| PB 0x0000000087600000| Untracked 
|  69|0x0000000087700000, 0x0000000087700000, 0x0000000087800000|  0%| F|  |TAMS 0x0000000087700000| PB 0x0000000087700000| Untracked 
|  70|0x0000000087800000, 0x0000000087800000, 0x0000000087900000|  0%| F|  |TAMS 0x0000000087800000| PB 0x0000000087800000| Untracked 
|  71|0x0000000087900000, 0x0000000087900000, 0x0000000087a00000|  0%| F|  |TAMS 0x0000000087900000| PB 0x0000000087900000| Untracked 
|  72|0x0000000087a00000, 0x0000000087a00000, 0x0000000087b00000|  0%| F|  |TAMS 0x0000000087a00000| PB 0x0000000087a00000| Untracked 
|  73|0x0000000087b00000, 0x0000000087b00000, 0x0000000087c00000|  0%| F|  |TAMS 0x0000000087b00000| PB 0x0000000087b00000| Untracked 
|  74|0x0000000087c00000, 0x0000000087c00000, 0x0000000087d00000|  0%| F|  |TAMS 0x0000000087c00000| PB 0x0000000087c00000| Untracked 
|  75|0x0000000087d00000, 0x0000000087d00000, 0x0000000087e00000|  0%| F|  |TAMS 0x0000000087d00000| PB 0x0000000087d00000| Untracked 
|  76|0x0000000087e00000, 0x0000000087e00000, 0x0000000087f00000|  0%| F|  |TAMS 0x0000000087e00000| PB 0x0000000087e00000| Untracked 
|  77|0x0000000087f00000, 0x0000000087f00000, 0x0000000088000000|  0%| F|  |TAMS 0x0000000087f00000| PB 0x0000000087f00000| Untracked 
|  78|0x0000000088000000, 0x0000000088000000, 0x0000000088100000|  0%| F|  |TAMS 0x0000000088000000| PB 0x0000000088000000| Untracked 
|  79|0x0000000088100000, 0x0000000088100000, 0x0000000088200000|  0%| F|  |TAMS 0x0000000088100000| PB 0x0000000088100000| Untracked 
|  80|0x0000000088200000, 0x0000000088200000, 0x0000000088300000|  0%| F|  |TAMS 0x0000000088200000| PB 0x0000000088200000| Untracked 
|  81|0x0000000088300000, 0x0000000088300000, 0x0000000088400000|  0%| F|  |TAMS 0x0000000088300000| PB 0x0000000088300000| Untracked 
|  82|0x0000000088400000, 0x0000000088400000, 0x0000000088500000|  0%| F|  |TAMS 0x0000000088400000| PB 0x0000000088400000| Untracked 
|  83|0x0000000088500000, 0x0000000088500000, 0x0000000088600000|  0%| F|  |TAMS 0x0000000088500000| PB 0x0000000088500000| Untracked 
|  84|0x0000000088600000, 0x0000000088600000, 0x0000000088700000|  0%| F|  |TAMS 0x0000000088600000| PB 0x0000000088600000| Untracked 
|  85|0x0000000088700000, 0x0000000088700000, 0x0000000088800000|  0%| F|  |TAMS 0x0000000088700000| PB 0x0000000088700000| Untracked 
|  86|0x0000000088800000, 0x0000000088800000, 0x0000000088900000|  0%| F|  |TAMS 0x0000000088800000| PB 0x0000000088800000| Untracked 
|  87|0x0000000088900000, 0x0000000088900000, 0x0000000088a00000|  0%| F|  |TAMS 0x0000000088900000| PB 0x0000000088900000| Untracked 
|  88|0x0000000088a00000, 0x0000000088a00000, 0x0000000088b00000|  0%| F|  |TAMS 0x0000000088a00000| PB 0x0000000088a00000| Untracked 
|  89|0x0000000088b00000, 0x0000000088b00000, 0x0000000088c00000|  0%| F|  |TAMS 0x0000000088b00000| PB 0x0000000088b00000| Untracked 
|  90|0x0000000088c00000, 0x0000000088c00000, 0x0000000088d00000|  0%| F|  |TAMS 0x0000000088c00000| PB 0x0000000088c00000| Untracked 
|  91|0x0000000088d00000, 0x0000000088e00000, 0x0000000088e00000|100%| S|CS|TAMS 0x0000000088d00000| PB 0x0000000088d00000| Complete 
|  92|0x0000000088e00000, 0x0000000088f00000, 0x0000000088f00000|100%| S|CS|TAMS 0x0000000088e00000| PB 0x0000000088e00000| Complete 
|  93|0x0000000088f00000, 0x0000000088f00000, 0x0000000089000000|  0%| F|  |TAMS 0x0000000088f00000| PB 0x0000000088f00000| Untracked 
|  94|0x0000000089000000, 0x0000000089000000, 0x0000000089100000|  0%| F|  |TAMS 0x0000000089000000| PB 0x0000000089000000| Untracked 
|  95|0x0000000089100000, 0x00000000891e6678, 0x0000000089200000| 90%| E|  |TAMS 0x0000000089100000| PB 0x0000000089100000| Complete 
|  96|0x0000000089200000, 0x0000000089300000, 0x0000000089300000|100%| E|CS|TAMS 0x0000000089200000| PB 0x0000000089200000| Complete 
|  97|0x0000000089300000, 0x0000000089400000, 0x0000000089400000|100%| E|CS|TAMS 0x0000000089300000| PB 0x0000000089300000| Complete 
|  98|0x0000000089400000, 0x0000000089500000, 0x0000000089500000|100%| E|CS|TAMS 0x0000000089400000| PB 0x0000000089400000| Complete 
|  99|0x0000000089500000, 0x0000000089600000, 0x0000000089600000|100%| E|CS|TAMS 0x0000000089500000| PB 0x0000000089500000| Complete 
| 100|0x0000000089600000, 0x0000000089700000, 0x0000000089700000|100%| E|CS|TAMS 0x0000000089600000| PB 0x0000000089600000| Complete 
| 101|0x0000000089700000, 0x0000000089800000, 0x0000000089800000|100%| E|CS|TAMS 0x0000000089700000| PB 0x0000000089700000| Complete 
| 102|0x0000000089800000, 0x0000000089900000, 0x0000000089900000|100%| E|CS|TAMS 0x0000000089800000| PB 0x0000000089800000| Complete 
| 103|0x0000000089900000, 0x0000000089a00000, 0x0000000089a00000|100%| E|CS|TAMS 0x0000000089900000| PB 0x0000000089900000| Complete 
| 104|0x0000000089a00000, 0x0000000089b00000, 0x0000000089b00000|100%| E|CS|TAMS 0x0000000089a00000| PB 0x0000000089a00000| Complete 
| 105|0x0000000089b00000, 0x0000000089c00000, 0x0000000089c00000|100%| E|CS|TAMS 0x0000000089b00000| PB 0x0000000089b00000| Complete 
| 106|0x0000000089c00000, 0x0000000089d00000, 0x0000000089d00000|100%| E|CS|TAMS 0x0000000089c00000| PB 0x0000000089c00000| Complete 
| 107|0x0000000089d00000, 0x0000000089e00000, 0x0000000089e00000|100%| E|CS|TAMS 0x0000000089d00000| PB 0x0000000089d00000| Complete 
| 108|0x0000000089e00000, 0x0000000089f00000, 0x0000000089f00000|100%| E|CS|TAMS 0x0000000089e00000| PB 0x0000000089e00000| Complete 
| 109|0x0000000089f00000, 0x000000008a000000, 0x000000008a000000|100%| E|CS|TAMS 0x0000000089f00000| PB 0x0000000089f00000| Complete 
| 110|0x000000008a000000, 0x000000008a100000, 0x000000008a100000|100%| E|CS|TAMS 0x000000008a000000| PB 0x000000008a000000| Complete 
| 111|0x000000008a100000, 0x000000008a200000, 0x000000008a200000|100%| E|CS|TAMS 0x000000008a100000| PB 0x000000008a100000| Complete 
| 112|0x000000008a200000, 0x000000008a300000, 0x000000008a300000|100%| E|CS|TAMS 0x000000008a200000| PB 0x000000008a200000| Complete 
| 113|0x000000008a300000, 0x000000008a400000, 0x000000008a400000|100%| E|CS|TAMS 0x000000008a300000| PB 0x000000008a300000| Complete 
| 114|0x000000008a400000, 0x000000008a500000, 0x000000008a500000|100%| E|CS|TAMS 0x000000008a400000| PB 0x000000008a400000| Complete 
| 115|0x000000008a500000, 0x000000008a600000, 0x000000008a600000|100%| E|CS|TAMS 0x000000008a500000| PB 0x000000008a500000| Complete 
| 116|0x000000008a600000, 0x000000008a700000, 0x000000008a700000|100%| E|CS|TAMS 0x000000008a600000| PB 0x000000008a600000| Complete 
| 117|0x000000008a700000, 0x000000008a800000, 0x000000008a800000|100%| E|CS|TAMS 0x000000008a700000| PB 0x000000008a700000| Complete 
| 118|0x000000008a800000, 0x000000008a900000, 0x000000008a900000|100%| E|CS|TAMS 0x000000008a800000| PB 0x000000008a800000| Complete 
| 119|0x000000008a900000, 0x000000008aa00000, 0x000000008aa00000|100%| E|CS|TAMS 0x000000008a900000| PB 0x000000008a900000| Complete 
| 120|0x000000008aa00000, 0x000000008ab00000, 0x000000008ab00000|100%| E|CS|TAMS 0x000000008aa00000| PB 0x000000008aa00000| Complete 
| 121|0x000000008ab00000, 0x000000008ac00000, 0x000000008ac00000|100%| E|CS|TAMS 0x000000008ab00000| PB 0x000000008ab00000| Complete 
| 122|0x000000008ac00000, 0x000000008ad00000, 0x000000008ad00000|100%| E|CS|TAMS 0x000000008ac00000| PB 0x000000008ac00000| Complete 
| 123|0x000000008ad00000, 0x000000008ae00000, 0x000000008ae00000|100%| E|CS|TAMS 0x000000008ad00000| PB 0x000000008ad00000| Complete 
| 124|0x000000008ae00000, 0x000000008af00000, 0x000000008af00000|100%| E|CS|TAMS 0x000000008ae00000| PB 0x000000008ae00000| Complete 
| 125|0x000000008af00000, 0x000000008b000000, 0x000000008b000000|100%| E|CS|TAMS 0x000000008af00000| PB 0x000000008af00000| Complete 
| 126|0x000000008b000000, 0x000000008b100000, 0x000000008b100000|100%| E|CS|TAMS 0x000000008b000000| PB 0x000000008b000000| Complete 
| 127|0x000000008b100000, 0x000000008b200000, 0x000000008b200000|100%| E|CS|TAMS 0x000000008b100000| PB 0x000000008b100000| Complete 
| 128|0x000000008b200000, 0x000000008b300000, 0x000000008b300000|100%| E|CS|TAMS 0x000000008b200000| PB 0x000000008b200000| Complete 
| 129|0x000000008b300000, 0x000000008b400000, 0x000000008b400000|100%| E|CS|TAMS 0x000000008b300000| PB 0x000000008b300000| Complete 
| 130|0x000000008b400000, 0x000000008b500000, 0x000000008b500000|100%| E|CS|TAMS 0x000000008b400000| PB 0x000000008b400000| Complete 
|1972|0x00000000fe600000, 0x00000000fe700000, 0x00000000fe700000|100%| O|Cm|TAMS 0x00000000fe600000| PB 0x00000000fe600000| Complete 
|1973|0x00000000fe700000, 0x00000000fe800000, 0x00000000fe800000|100%| O|Cm|TAMS 0x00000000fe700000| PB 0x00000000fe700000| Complete 
|1974|0x00000000fe800000, 0x00000000fe900000, 0x00000000fe900000|100%| O|Cm|TAMS 0x00000000fe800000| PB 0x00000000fe800000| Complete 
|1975|0x00000000fe900000, 0x00000000fea00000, 0x00000000fea00000|100%| O|  |TAMS 0x00000000fe900000| PB 0x00000000fe900000| Untracked 
|1976|0x00000000fea00000, 0x00000000feb00000, 0x00000000feb00000|100%| O|Cm|TAMS 0x00000000fea00000| PB 0x00000000fea00000| Complete 
|1977|0x00000000feb00000, 0x00000000fec00000, 0x00000000fec00000|100%| O|Cm|TAMS 0x00000000feb00000| PB 0x00000000feb00000| Complete 
|1978|0x00000000fec00000, 0x00000000fed00000, 0x00000000fed00000|100%| O|  |TAMS 0x00000000fec00000| PB 0x00000000fec00000| Untracked 
|1979|0x00000000fed00000, 0x00000000fee00000, 0x00000000fee00000|100%| O|Cm|TAMS 0x00000000fed00000| PB 0x00000000fed00000| Complete 
|1980|0x00000000fee00000, 0x00000000fef00000, 0x00000000fef00000|100%| O|Cm|TAMS 0x00000000fee00000| PB 0x00000000fee00000| Complete 
|1981|0x00000000fef00000, 0x00000000ff000000, 0x00000000ff000000|100%| O|Cm|TAMS 0x00000000fef00000| PB 0x00000000fef00000| Complete 
|1982|0x00000000ff000000, 0x00000000ff100000, 0x00000000ff100000|100%| O|Cm|TAMS 0x00000000ff000000| PB 0x00000000ff000000| Complete 
|1983|0x00000000ff100000, 0x00000000ff200000, 0x00000000ff200000|100%| O|Cm|TAMS 0x00000000ff100000| PB 0x00000000ff100000| Complete 
|1984|0x00000000ff200000, 0x00000000ff300000, 0x00000000ff300000|100%| O|  |TAMS 0x00000000ff200000| PB 0x00000000ff200000| Untracked 
|1985|0x00000000ff300000, 0x00000000ff400000, 0x00000000ff400000|100%| O|  |TAMS 0x00000000ff300000| PB 0x00000000ff300000| Untracked 
|1986|0x00000000ff400000, 0x00000000ff500000, 0x00000000ff500000|100%| O|Cm|TAMS 0x00000000ff400000| PB 0x00000000ff400000| Complete 
|1987|0x00000000ff500000, 0x00000000ff600000, 0x00000000ff600000|100%| O|Cm|TAMS 0x00000000ff500000| PB 0x00000000ff500000| Complete 
|1988|0x00000000ff600000, 0x00000000ff700000, 0x00000000ff700000|100%| E|CS|TAMS 0x00000000ff600000| PB 0x00000000ff600000| Complete 
|1989|0x00000000ff700000, 0x00000000ff800000, 0x00000000ff800000|100%| O|  |TAMS 0x00000000ff700000| PB 0x00000000ff700000| Untracked 
|1990|0x00000000ff800000, 0x00000000ff900000, 0x00000000ff900000|100%| O|  |TAMS 0x00000000ff800000| PB 0x00000000ff800000| Untracked 
|1991|0x00000000ff900000, 0x00000000ffa00000, 0x00000000ffa00000|100%| O|  |TAMS 0x00000000ff900000| PB 0x00000000ff900000| Untracked 
|1992|0x00000000ffa00000, 0x00000000ffb00000, 0x00000000ffb00000|100%| O|  |TAMS 0x00000000ffa00000| PB 0x00000000ffa00000| Untracked 
|1993|0x00000000ffb00000, 0x00000000ffc00000, 0x00000000ffc00000|100%| O|  |TAMS 0x00000000ffb00000| PB 0x00000000ffb00000| Untracked 
|1994|0x00000000ffc00000, 0x00000000ffd00000, 0x00000000ffd00000|100%| O|  |TAMS 0x00000000ffc00000| PB 0x00000000ffc00000| Untracked 
|1995|0x00000000ffd00000, 0x00000000ffe00000, 0x00000000ffe00000|100%| O|  |TAMS 0x00000000ffd00000| PB 0x00000000ffd00000| Untracked 
|1996|0x00000000ffe00000, 0x00000000fff00000, 0x00000000fff00000|100%| O|  |TAMS 0x00000000ffe00000| PB 0x00000000ffe00000| Untracked 
|1997|0x00000000fff00000, 0x0000000100000000, 0x0000000100000000|100%| O|  |TAMS 0x00000000fff00000| PB 0x00000000fff00000| Untracked 

Card table byte_map: [0x000001775c100000,0x000001775c4f0000] _byte_map_base: 0x000001775bce7000

Marking Bits: (CMBitMap*) 0x000001774263d5d0
 Bits: [0x000001775c4f0000, 0x000001775e428000)

Polling page: 0x00000177426b0000

Metaspace:

Usage:
  Non-class:     39.47 MB used.
      Class:      4.87 MB used.
       Both:     44.34 MB used.

Virtual space:
  Non-class space:       64.00 MB reserved,      39.81 MB ( 62%) committed,  1 nodes.
      Class space:        1.00 GB reserved,       5.12 MB ( <1%) committed,  1 nodes.
             Both:        1.06 GB reserved,      44.94 MB (  4%) committed. 

Chunk freelists:
   Non-Class:  7.98 MB
       Class:  10.88 MB
        Both:  18.86 MB

MaxMetaspaceSize: unlimited
CompressedClassSpaceSize: 1.00 GB
Initial GC threshold: 21.00 MB
Current GC threshold: 60.44 MB
CDS: on
 - commit_granule_bytes: 65536.
 - commit_granule_words: 8192.
 - virtual_space_node_default_size: 8388608.
 - enlarge_chunks_in_place: 1.
 - use_allocation_guard: 0.


Internal statistics:

num_allocs_failed_limit: 9.
num_arena_births: 648.
num_arena_deaths: 0.
num_vsnodes_births: 2.
num_vsnodes_deaths: 0.
num_space_committed: 719.
num_space_uncommitted: 0.
num_chunks_returned_to_freelist: 9.
num_chunks_taken_from_freelist: 2193.
num_chunk_merges: 6.
num_chunk_splits: 1509.
num_chunks_enlarged: 1115.
num_inconsistent_stats: 0.

CodeHeap 'non-profiled nmethods': size=120000Kb used=6216Kb max_used=6226Kb free=113783Kb
 bounds [0x0000017753e60000, 0x0000017754480000, 0x000001775b390000]
CodeHeap 'profiled nmethods': size=120000Kb used=23294Kb max_used=23429Kb free=96705Kb
 bounds [0x000001774c390000, 0x000001774da80000, 0x00000177538c0000]
CodeHeap 'non-nmethods': size=5760Kb used=1796Kb max_used=1819Kb free=3963Kb
 bounds [0x00000177538c0000, 0x0000017753b30000, 0x0000017753e60000]
 total_blobs=10931 nmethods=10276 adapters=559
 compilation: enabled
              stopped_count=0, restarted_count=0
 full_count=0

Compilation events (20 events):
Event: 16.657 Thread 0x0000017760f2a470 11073       3       java.lang.ProcessEnvironment$CheckedEntry::getValue (5 bytes)
Event: 16.657 Thread 0x0000017760f2a470 nmethod 11073 0x000001774c59bf10 code [0x000001774c59c0e0, 0x000001774c59c418]
Event: 16.670 Thread 0x0000017760f29dd0 11075       4       java.lang.invoke.MemberName::initResolved (53 bytes)
Event: 16.672 Thread 0x0000017760f29dd0 nmethod 11075 0x0000017753f8d310 code [0x0000017753f8d4a0, 0x0000017753f8d580]
Event: 16.680 Thread 0x0000017760f2a470 11076       3       java.util.zip.CRC32::update (38 bytes)
Event: 16.680 Thread 0x0000017760f2a470 nmethod 11076 0x000001774c59b710 code [0x000001774c59b900, 0x000001774c59bd38]
Event: 16.691 Thread 0x0000017760f2a470 11077       3       java.lang.ThreadLocal$ThreadLocalMap$Entry::<init> (11 bytes)
Event: 16.692 Thread 0x0000017760f2a470 nmethod 11077 0x000001774c59b010 code [0x000001774c59b1e0, 0x000001774c59b5b0]
Event: 16.697 Thread 0x0000017760f2a470 11078       3       java.lang.AbstractStringBuilder::append (45 bytes)
Event: 16.698 Thread 0x0000017760f2a470 nmethod 11078 0x000001774c59a690 code [0x000001774c59a8a0, 0x000001774c59add0]
Event: 16.701 Thread 0x0000017760f2a470 11079       3       java.lang.String::getBytes (44 bytes)
Event: 16.701 Thread 0x0000017760f2a470 nmethod 11079 0x000001774c59a090 code [0x000001774c59a260, 0x000001774c59a568]
Event: 17.095 Thread 0x0000017760f2a470 11080       3       java.util.concurrent.locks.ReentrantLock::lockInterruptibly (8 bytes)
Event: 17.095 Thread 0x0000017760f2a470 nmethod 11080 0x000001774c599710 code [0x000001774c599920, 0x000001774c599eb8]
Event: 17.095 Thread 0x0000017760f2a470 11081       3       java.util.concurrent.locks.ReentrantLock$Sync::lockInterruptibly (27 bytes)
Event: 17.096 Thread 0x0000017760f2a470 nmethod 11081 0x000001774cc47990 code [0x000001774cc47b80, 0x000001774cc480b0]
Event: 17.532 Thread 0x0000017760f2a470 11082       3       java.util.concurrent.locks.AbstractQueuedSynchronizer$ConditionObject::signal (34 bytes)
Event: 17.532 Thread 0x0000017760f2a470 nmethod 11082 0x000001774cc47310 code [0x000001774cc474e0, 0x000001774cc47838]
Event: 17.751 Thread 0x0000017760f2a470 11083       3       java.util.concurrent.ConcurrentLinkedQueue::updateHead (26 bytes)
Event: 17.752 Thread 0x0000017760f2a470 nmethod 11083 0x000001774cc45290 code [0x000001774cc45600, 0x000001774cc46c90]

GC Heap History (20 events):
Event: 3.191 GC heap before
{Heap before GC invocations=2 (full 0):
 garbage-first heap   total 129024K, used 80385K [0x0000000083200000, 0x0000000100000000)
  region size 1024K, 75 young (76800K), 2 survivors (2048K)
 Metaspace       used 15868K, committed 16064K, reserved 1114112K
  class space    used 1837K, committed 1920K, reserved 1048576K
}
Event: 3.208 GC heap after
{Heap after GC invocations=3 (full 0):
 garbage-first heap   total 129024K, used 13927K [0x0000000083200000, 0x0000000100000000)
  region size 1024K, 10 young (10240K), 10 survivors (10240K)
 Metaspace       used 15868K, committed 16064K, reserved 1114112K
  class space    used 1837K, committed 1920K, reserved 1048576K
}
Event: 5.197 GC heap before
{Heap before GC invocations=3 (full 0):
 garbage-first heap   total 129024K, used 80487K [0x0000000083200000, 0x0000000100000000)
  region size 1024K, 75 young (76800K), 10 survivors (10240K)
 Metaspace       used 18201K, committed 18496K, reserved 1114112K
  class space    used 2036K, committed 2176K, reserved 1048576K
}
Event: 5.217 GC heap after
{Heap after GC invocations=4 (full 0):
 garbage-first heap   total 129024K, used 17148K [0x0000000083200000, 0x0000000100000000)
  region size 1024K, 4 young (4096K), 4 survivors (4096K)
 Metaspace       used 18201K, committed 18496K, reserved 1114112K
  class space    used 2036K, committed 2176K, reserved 1048576K
}
Event: 5.993 GC heap before
{Heap before GC invocations=4 (full 0):
 garbage-first heap   total 129024K, used 45820K [0x0000000083200000, 0x0000000100000000)
  region size 1024K, 26 young (26624K), 4 survivors (4096K)
 Metaspace       used 21206K, committed 21504K, reserved 1114112K
  class space    used 2395K, committed 2560K, reserved 1048576K
}
Event: 6.003 GC heap after
{Heap after GC invocations=5 (full 0):
 garbage-first heap   total 129024K, used 27909K [0x0000000083200000, 0x0000000100000000)
  region size 1024K, 9 young (9216K), 9 survivors (9216K)
 Metaspace       used 21206K, committed 21504K, reserved 1114112K
  class space    used 2395K, committed 2560K, reserved 1048576K
}
Event: 8.001 GC heap before
{Heap before GC invocations=6 (full 0):
 garbage-first heap   total 99328K, used 96517K [0x0000000083200000, 0x0000000100000000)
  region size 1024K, 75 young (76800K), 9 survivors (9216K)
 Metaspace       used 27118K, committed 27520K, reserved 1114112K
  class space    used 3033K, committed 3200K, reserved 1048576K
}
Event: 8.054 GC heap after
{Heap after GC invocations=7 (full 0):
 garbage-first heap   total 121856K, used 41221K [0x0000000083200000, 0x0000000100000000)
  region size 1024K, 10 young (10240K), 10 survivors (10240K)
 Metaspace       used 27118K, committed 27520K, reserved 1114112K
  class space    used 3033K, committed 3200K, reserved 1048576K
}
Event: 9.694 GC heap before
{Heap before GC invocations=7 (full 0):
 garbage-first heap   total 121856K, used 95493K [0x0000000083200000, 0x0000000100000000)
  region size 1024K, 64 young (65536K), 10 survivors (10240K)
 Metaspace       used 29525K, committed 29888K, reserved 1114112K
  class space    used 3262K, committed 3456K, reserved 1048576K
}
Event: 9.722 GC heap after
{Heap after GC invocations=8 (full 0):
 garbage-first heap   total 121856K, used 45568K [0x0000000083200000, 0x0000000100000000)
  region size 1024K, 4 young (4096K), 4 survivors (4096K)
 Metaspace       used 29525K, committed 29888K, reserved 1114112K
  class space    used 3262K, committed 3456K, reserved 1048576K
}
Event: 10.431 GC heap before
{Heap before GC invocations=8 (full 0):
 garbage-first heap   total 121856K, used 99840K [0x0000000083200000, 0x0000000100000000)
  region size 1024K, 57 young (58368K), 4 survivors (4096K)
 Metaspace       used 30421K, committed 30912K, reserved 1114112K
  class space    used 3364K, committed 3584K, reserved 1048576K
}
Event: 10.448 GC heap after
{Heap after GC invocations=9 (full 0):
 garbage-first heap   total 146432K, used 47616K [0x0000000083200000, 0x0000000100000000)
  region size 1024K, 6 young (6144K), 6 survivors (6144K)
 Metaspace       used 30421K, committed 30912K, reserved 1114112K
  class space    used 3364K, committed 3584K, reserved 1048576K
}
Event: 10.955 GC heap before
{Heap before GC invocations=9 (full 0):
 garbage-first heap   total 146432K, used 120320K [0x0000000083200000, 0x0000000100000000)
  region size 1024K, 77 young (78848K), 6 survivors (6144K)
 Metaspace       used 30630K, committed 31104K, reserved 1114112K
  class space    used 3371K, committed 3584K, reserved 1048576K
}
Event: 10.967 GC heap after
{Heap after GC invocations=10 (full 0):
 garbage-first heap   total 146432K, used 49017K [0x0000000083200000, 0x0000000100000000)
  region size 1024K, 4 young (4096K), 4 survivors (4096K)
 Metaspace       used 30630K, committed 31104K, reserved 1114112K
  class space    used 3371K, committed 3584K, reserved 1048576K
}
Event: 12.653 GC heap before
{Heap before GC invocations=10 (full 0):
 garbage-first heap   total 146432K, used 123769K [0x0000000083200000, 0x0000000100000000)
  region size 1024K, 77 young (78848K), 4 survivors (4096K)
 Metaspace       used 33183K, committed 33728K, reserved 1114112K
  class space    used 3637K, committed 3840K, reserved 1048576K
}
Event: 12.669 GC heap after
{Heap after GC invocations=11 (full 0):
 garbage-first heap   total 146432K, used 51957K [0x0000000083200000, 0x0000000100000000)
  region size 1024K, 7 young (7168K), 7 survivors (7168K)
 Metaspace       used 33183K, committed 33728K, reserved 1114112K
  class space    used 3637K, committed 3840K, reserved 1048576K
}
Event: 13.816 GC heap before
{Heap before GC invocations=11 (full 0):
 garbage-first heap   total 146432K, used 132853K [0x0000000083200000, 0x0000000100000000)
  region size 1024K, 80 young (81920K), 7 survivors (7168K)
 Metaspace       used 33901K, committed 34432K, reserved 1114112K
  class space    used 3721K, committed 3968K, reserved 1048576K
}
Event: 13.846 GC heap after
{Heap after GC invocations=12 (full 0):
 garbage-first heap   total 160768K, used 76636K [0x0000000083200000, 0x0000000100000000)
  region size 1024K, 10 young (10240K), 10 survivors (10240K)
 Metaspace       used 33901K, committed 34432K, reserved 1114112K
  class space    used 3721K, committed 3968K, reserved 1048576K
}
Event: 15.090 GC heap before
{Heap before GC invocations=12 (full 0):
 garbage-first heap   total 160768K, used 113500K [0x0000000083200000, 0x0000000100000000)
  region size 1024K, 47 young (48128K), 10 survivors (10240K)
 Metaspace       used 36242K, committed 36800K, reserved 1114112K
  class space    used 3936K, committed 4224K, reserved 1048576K
}
Event: 15.104 GC heap after
{Heap after GC invocations=13 (full 0):
 garbage-first heap   total 160768K, used 76288K [0x0000000083200000, 0x0000000100000000)
  region size 1024K, 2 young (2048K), 2 survivors (2048K)
 Metaspace       used 36242K, committed 36800K, reserved 1114112K
  class space    used 3936K, committed 4224K, reserved 1048576K
}

Dll operation events (10 events):
Event: 0.009 Loaded shared library C:\Program Files\Java\jdk-21\bin\java.dll
Event: 0.034 Loaded shared library C:\Program Files\Java\jdk-21\bin\jsvml.dll
Event: 0.050 Loaded shared library C:\Program Files\Java\jdk-21\bin\net.dll
Event: 0.053 Loaded shared library C:\Program Files\Java\jdk-21\bin\nio.dll
Event: 0.057 Loaded shared library C:\Program Files\Java\jdk-21\bin\zip.dll
Event: 0.203 Loaded shared library C:\Program Files\Java\jdk-21\bin\jimage.dll
Event: 0.206 Loaded shared library C:\Users\tejas\.m2\wrapper\dists\apache-maven-3.9.10\a38810a491b03367137adfdfbe7d14c4\lib\jansi-native\Windows\x86_64\jansi.dll
Event: 0.219 Loaded shared library C:\Program Files\Java\jdk-21\bin\verify.dll
Event: 15.173 Loaded shared library C:\Program Files\Java\jdk-21\bin\sunmscapi.dll
Event: 15.545 Loaded shared library C:\Program Files\Java\jdk-21\bin\extnet.dll

Deoptimization events (20 events):
Event: 16.697 Thread 0x0000017765487c50 Uncommon trap: trap_request=0xffffff45 fr.pc=0x0000017753e8b7b4 relative=0x0000000000000114
Event: 16.697 Thread 0x0000017765487c50 Uncommon trap: reason=unstable_if action=reinterpret pc=0x0000017753e8b7b4 method=java.lang.String.getBytes([BIB)V @ 5 c2
Event: 16.697 Thread 0x0000017765487c50 DEOPT PACKING pc=0x0000017753e8b7b4 sp=0x000000222f3feda0
Event: 16.697 Thread 0x0000017765487c50 DEOPT UNPACKING pc=0x0000017753917da2 sp=0x000000222f3fed68 mode 2
Event: 16.697 Thread 0x0000017765487c50 Uncommon trap: trap_request=0xffffff45 fr.pc=0x0000017753eaf2a0 relative=0x0000000000000560
Event: 16.697 Thread 0x0000017765487c50 Uncommon trap: reason=unstable_if action=reinterpret pc=0x0000017753eaf2a0 method=java.lang.String.<init>(Ljava/lang/AbstractStringBuilder;Ljava/lang/Void;)V @ 19 c2
Event: 16.697 Thread 0x0000017765487c50 DEOPT PACKING pc=0x0000017753eaf2a0 sp=0x000000222f3feee0
Event: 16.697 Thread 0x0000017765487c50 DEOPT UNPACKING pc=0x0000017753917da2 sp=0x000000222f3fedd8 mode 2
Event: 16.697 Thread 0x0000017765487c50 Uncommon trap: trap_request=0xffffff76 fr.pc=0x000001775444bc88 relative=0x0000000000001f48
Event: 16.697 Thread 0x0000017765487c50 Uncommon trap: reason=predicate action=maybe_recompile pc=0x000001775444bc88 method=java.util.regex.Pattern.compile()V @ 78 c2
Event: 16.697 Thread 0x0000017765487c50 DEOPT PACKING pc=0x000001775444bc88 sp=0x000000222f3feed0
Event: 16.697 Thread 0x0000017765487c50 DEOPT UNPACKING pc=0x0000017753917da2 sp=0x000000222f3feeb0 mode 2
Event: 16.697 Thread 0x0000017765487c50 Uncommon trap: trap_request=0xffffff45 fr.pc=0x0000017753ffcee4 relative=0x00000000000000c4
Event: 16.697 Thread 0x0000017765487c50 Uncommon trap: reason=unstable_if action=reinterpret pc=0x0000017753ffcee4 method=java.lang.String.codePointAt(I)I @ 4 c2
Event: 16.697 Thread 0x0000017765487c50 DEOPT PACKING pc=0x0000017753ffcee4 sp=0x000000222f3feeb0
Event: 16.697 Thread 0x0000017765487c50 DEOPT UNPACKING pc=0x0000017753917da2 sp=0x000000222f3fee48 mode 2
Event: 16.697 Thread 0x0000017765487c50 Uncommon trap: trap_request=0xffffffc6 fr.pc=0x0000017753eddb58 relative=0x00000000000001f8
Event: 16.697 Thread 0x0000017765487c50 Uncommon trap: reason=bimorphic_or_optimized_type_check action=maybe_recompile pc=0x0000017753eddb58 method=java.util.regex.Matcher.getTextLength()I @ 4 c2
Event: 16.697 Thread 0x0000017765487c50 DEOPT PACKING pc=0x0000017753eddb58 sp=0x000000222f3fef30
Event: 16.697 Thread 0x0000017765487c50 DEOPT UNPACKING pc=0x0000017753917da2 sp=0x000000222f3fee80 mode 2

Classes loaded (20 events):
Event: 16.655 Loading class java/lang/ProcessImpl
Event: 16.656 Loading class java/lang/Process
Event: 16.656 Loading class java/lang/Process done
Event: 16.656 Loading class java/lang/ProcessImpl done
Event: 16.671 Loading class java/lang/ProcessImpl$2
Event: 16.671 Loading class java/lang/ProcessImpl$2 done
Event: 16.671 Loading class java/lang/Process$PipeInputStream
Event: 16.672 Loading class java/lang/Process$PipeInputStream done
Event: 16.674 Loading class jdk/internal/event/ProcessStartEvent
Event: 16.674 Loading class jdk/internal/event/ProcessStartEvent done
Event: 16.675 Loading class java/nio/channels/ClosedChannelException
Event: 16.675 Loading class java/nio/channels/ClosedChannelException done
Event: 16.677 Loading class java/nio/channels/NonReadableChannelException
Event: 16.677 Loading class java/nio/channels/NonReadableChannelException done
Event: 16.678 Loading class java/nio/channels/NonWritableChannelException
Event: 16.678 Loading class java/nio/channels/NonWritableChannelException done
Event: 16.693 Loading class java/util/Scanner
Event: 16.694 Loading class java/util/Scanner done
Event: 16.695 Loading class java/util/Scanner$PatternLRUCache
Event: 16.696 Loading class java/util/Scanner$PatternLRUCache done

Classes unloaded (0 events):
No events

Classes redefined (0 events):
No events

Internal exceptions (20 events):
Event: 16.405 Thread 0x0000017742444270 Exception <a 'sun/nio/fs/WindowsException'{0x0000000089e54788}> (0x0000000089e54788) 
thrown [s\open\src\hotspot\share\prims\jni.cpp, line 520]
Event: 16.407 Thread 0x0000017742444270 Exception <a 'sun/nio/fs/WindowsException'{0x0000000089e5e918}> (0x0000000089e5e918) 
thrown [s\open\src\hotspot\share\prims\jni.cpp, line 520]
Event: 16.410 Thread 0x0000017742444270 Exception <a 'sun/nio/fs/WindowsException'{0x0000000089e65838}> (0x0000000089e65838) 
thrown [s\open\src\hotspot\share\prims\jni.cpp, line 520]
Event: 16.413 Thread 0x0000017742444270 Exception <a 'sun/nio/fs/WindowsException'{0x0000000089e6fa10}> (0x0000000089e6fa10) 
thrown [s\open\src\hotspot\share\prims\jni.cpp, line 520]
Event: 16.415 Thread 0x0000017742444270 Exception <a 'sun/nio/fs/WindowsException'{0x0000000089e76940}> (0x0000000089e76940) 
thrown [s\open\src\hotspot\share\prims\jni.cpp, line 520]
Event: 16.417 Thread 0x0000017742444270 Exception <a 'sun/nio/fs/WindowsException'{0x0000000089a2aa00}> (0x0000000089a2aa00) 
thrown [s\open\src\hotspot\share\prims\jni.cpp, line 520]
Event: 16.422 Thread 0x0000017742444270 Exception <a 'sun/nio/fs/WindowsException'{0x0000000089a4a258}> (0x0000000089a4a258) 
thrown [s\open\src\hotspot\share\prims\jni.cpp, line 520]
Event: 16.422 Thread 0x0000017742444270 Exception <a 'sun/nio/fs/WindowsException'{0x0000000089a4a678}> (0x0000000089a4a678) 
thrown [s\open\src\hotspot\share\prims\jni.cpp, line 520]
Event: 16.447 Thread 0x0000017742444270 Exception <a 'sun/nio/fs/WindowsException'{0x0000000089a5c6a0}> (0x0000000089a5c6a0) 
thrown [s\open\src\hotspot\share\prims\jni.cpp, line 520]
Event: 16.451 Thread 0x0000017742444270 Exception <a 'sun/nio/fs/WindowsException'{0x0000000089a72530}> (0x0000000089a72530) 
thrown [s\open\src\hotspot\share\prims\jni.cpp, line 520]
Event: 16.456 Thread 0x0000017742444270 Exception <a 'sun/nio/fs/WindowsException'{0x0000000089a855b8}> (0x0000000089a855b8) 
thrown [s\open\src\hotspot\share\prims\jni.cpp, line 520]
Event: 16.458 Thread 0x0000017742444270 Exception <a 'sun/nio/fs/WindowsException'{0x0000000089a8cac8}> (0x0000000089a8cac8) 
thrown [s\open\src\hotspot\share\prims\jni.cpp, line 520]
Event: 16.471 Thread 0x0000017742444270 Exception <a 'sun/nio/fs/WindowsException'{0x0000000089af4938}> (0x0000000089af4938) 
thrown [s\open\src\hotspot\share\prims\jni.cpp, line 520]
Event: 16.471 Thread 0x0000017742444270 Exception <a 'sun/nio/fs/WindowsException'{0x0000000089af4d58}> (0x0000000089af4d58) 
thrown [s\open\src\hotspot\share\prims\jni.cpp, line 520]
Event: 16.472 Thread 0x0000017742444270 Exception <a 'sun/nio/fs/WindowsException'{0x0000000089aff2c8}> (0x0000000089aff2c8) 
thrown [s\open\src\hotspot\share\prims\jni.cpp, line 520]
Event: 16.488 Thread 0x0000017742444270 Exception <a 'sun/nio/fs/WindowsException'{0x00000000899076c8}> (0x00000000899076c8) 
thrown [s\open\src\hotspot\share\prims\jni.cpp, line 520]
Event: 16.522 Thread 0x0000017742444270 Exception <a 'sun/nio/fs/WindowsException'{0x0000000089929418}> (0x0000000089929418) 
thrown [s\open\src\hotspot\share\prims\jni.cpp, line 520]
Event: 16.529 Thread 0x0000017742444270 Exception <a 'sun/nio/fs/WindowsException'{0x000000008993c2a0}> (0x000000008993c2a0) 
thrown [s\open\src\hotspot\share\prims\jni.cpp, line 520]
Event: 16.532 Thread 0x0000017742444270 Exception <a 'sun/nio/fs/WindowsException'{0x0000000089946490}> (0x0000000089946490) 
thrown [s\open\src\hotspot\share\prims\jni.cpp, line 520]
Event: 16.671 Thread 0x0000017742444270 Exception <a 'java/lang/NoSuchMethodError'{0x00000000894f1438}: 'void java.lang.invoke.DirectMethodHandle$Holder.invokeStatic(java.lang.Object, long)'> (0x00000000894f1438) 
thrown [s\open\src\hotspot\share\interpreter\linkResolver.cpp, line 773]

ZGC Phase Switch (0 events):
No events

VM Operations (20 events):
Event: 15.306 Executing VM operation: HandshakeAllThreads (Deoptimize)
Event: 15.306 Executing VM operation: HandshakeAllThreads (Deoptimize) done
Event: 15.475 Executing VM operation: HandshakeAllThreads (Deoptimize)
Event: 15.475 Executing VM operation: HandshakeAllThreads (Deoptimize) done
Event: 15.477 Executing VM operation: HandshakeAllThreads (Deoptimize)
Event: 15.477 Executing VM operation: HandshakeAllThreads (Deoptimize) done
Event: 15.630 Executing VM operation: HandshakeAllThreads (Deoptimize)
Event: 15.630 Executing VM operation: HandshakeAllThreads (Deoptimize) done
Event: 15.842 Executing VM operation: HandshakeAllThreads (Deoptimize)
Event: 15.842 Executing VM operation: HandshakeAllThreads (Deoptimize) done
Event: 16.115 Executing VM operation: ICBufferFull
Event: 16.115 Executing VM operation: ICBufferFull done
Event: 16.598 Executing VM operation: HandshakeAllThreads (Deoptimize)
Event: 16.598 Executing VM operation: HandshakeAllThreads (Deoptimize) done
Event: 16.606 Executing VM operation: HandshakeAllThreads (Deoptimize)
Event: 16.606 Executing VM operation: HandshakeAllThreads (Deoptimize) done
Event: 16.674 Executing VM operation: HandshakeAllThreads (Deoptimize)
Event: 16.674 Executing VM operation: HandshakeAllThreads (Deoptimize) done
Event: 17.687 Executing VM operation: Cleanup
Event: 17.688 Executing VM operation: Cleanup done

Events (20 events):
Event: 15.163 Thread 0x0000017760eec1f0 flushing nmethod 0x000001774ca8d010
Event: 15.163 Thread 0x0000017760eec1f0 flushing nmethod 0x000001774ca8e990
Event: 15.163 Thread 0x0000017760eec1f0 flushing nmethod 0x000001774cb2df90
Event: 15.163 Thread 0x0000017760eec1f0 flushing nmethod 0x000001774cd11810
Event: 15.163 Thread 0x0000017760eec1f0 flushing nmethod 0x000001774cde3910
Event: 15.623 Thread 0x0000017767551680 Thread added: 0x0000017767551680
Event: 16.225 Thread 0x00000177652872f0 Thread added: 0x00000177652872f0
Event: 16.225 Thread 0x00000177673c71c0 Thread added: 0x00000177673c71c0
Event: 16.225 Thread 0x00000177673c5780 Thread added: 0x00000177673c5780
Event: 16.225 Thread 0x00000177673c8c00 Thread added: 0x00000177673c8c00
Event: 16.394 Thread 0x00000177673c8c00 Thread exited: 0x00000177673c8c00
Event: 16.395 Thread 0x00000177673c71c0 Thread exited: 0x00000177673c71c0
Event: 16.395 Thread 0x00000177673c5780 Thread exited: 0x00000177673c5780
Event: 16.395 Thread 0x00000177652872f0 Thread exited: 0x00000177652872f0
Event: 16.551 Thread 0x00000177652872f0 Thread added: 0x00000177652872f0
Event: 16.555 Thread 0x0000017765486f30 Thread added: 0x0000017765486f30
Event: 16.651 Thread 0x00000177654854f0 Thread added: 0x00000177654854f0
Event: 16.691 Thread 0x0000017765487c50 Thread added: 0x0000017765487c50
Event: 16.692 Thread 0x00000177654875c0 Thread added: 0x00000177654875c0
Event: 16.700 Thread 0x00000177654847d0 Thread added: 0x00000177654847d0


Dynamic libraries:
0x00007ff7b82b0000 - 0x00007ff7b82c0000 	C:\Program Files\Java\jdk-21\bin\java.exe
0x00007ffbbc300000 - 0x00007ffbbc567000 	C:\WINDOWS\SYSTEM32\ntdll.dll
0x00007ffbba6a0000 - 0x00007ffbba769000 	C:\WINDOWS\System32\KERNEL32.DLL
0x00007ffbb9730000 - 0x00007ffbb9b20000 	C:\WINDOWS\System32\KERNELBASE.dll
0x00007ffbb95e0000 - 0x00007ffbb972b000 	C:\WINDOWS\System32\ucrtbase.dll
0x00007ffb87ff0000 - 0x00007ffb8800b000 	C:\Program Files\Java\jdk-21\bin\VCRUNTIME140.dll
0x00007ffb87c10000 - 0x00007ffb87c29000 	C:\Program Files\Java\jdk-21\bin\jli.dll
0x00007ffbbc120000 - 0x00007ffbbc1d4000 	C:\WINDOWS\System32\ADVAPI32.dll
0x00007ffbbc1e0000 - 0x00007ffbbc289000 	C:\WINDOWS\System32\msvcrt.dll
0x00007ffbbba00000 - 0x00007ffbbbaa6000 	C:\WINDOWS\System32\sechost.dll
0x00007ffbbad40000 - 0x00007ffbbae58000 	C:\WINDOWS\System32\RPCRT4.dll
0x00007ffbbbe50000 - 0x00007ffbbc015000 	C:\WINDOWS\System32\USER32.dll
0x00007ffba1b40000 - 0x00007ffba1dda000 	C:\WINDOWS\WinSxS\amd64_microsoft.windows.common-controls_6595b64144ccf1df_6.0.26100.4768_none_3e0c112ce331287c\COMCTL32.dll
0x00007ffbb95b0000 - 0x00007ffbb95d7000 	C:\WINDOWS\System32\win32u.dll
0x00007ffbbc290000 - 0x00007ffbbc2bb000 	C:\WINDOWS\System32\GDI32.dll
0x00007ffbb9f50000 - 0x00007ffbba088000 	C:\WINDOWS\System32\gdi32full.dll
0x00007ffbb9b30000 - 0x00007ffbb9bd3000 	C:\WINDOWS\System32\msvcp_win.dll
0x00007ffbb0680000 - 0x00007ffbb068b000 	C:\WINDOWS\SYSTEM32\VERSION.dll
0x00007ffbbb990000 - 0x00007ffbbb9bf000 	C:\WINDOWS\System32\IMM32.DLL
0x00007ffb888d0000 - 0x00007ffb888dc000 	C:\Program Files\Java\jdk-21\bin\vcruntime140_1.dll
0x00007ffb717b0000 - 0x00007ffb7183e000 	C:\Program Files\Java\jdk-21\bin\msvcp140.dll
0x00007ffac1070000 - 0x00007ffac1d8d000 	C:\Program Files\Java\jdk-21\bin\server\jvm.dll
0x00007ffbbac10000 - 0x00007ffbbac84000 	C:\WINDOWS\System32\WS2_32.dll
0x00007ffbb9290000 - 0x00007ffbb92ee000 	C:\WINDOWS\SYSTEM32\POWRPROF.dll
0x00007ffba1de0000 - 0x00007ffba1e15000 	C:\WINDOWS\SYSTEM32\WINMM.dll
0x00007ffbb9270000 - 0x00007ffbb9284000 	C:\WINDOWS\SYSTEM32\UMPDC.dll
0x00007ffbb8190000 - 0x00007ffbb81ab000 	C:\WINDOWS\SYSTEM32\kernel.appcore.dll
0x00007ffb87c00000 - 0x00007ffb87c0a000 	C:\Program Files\Java\jdk-21\bin\jimage.dll
0x00007ffbb6c90000 - 0x00007ffbb6ed1000 	C:\WINDOWS\SYSTEM32\DBGHELP.DLL
0x00007ffbbbab0000 - 0x00007ffbbbe35000 	C:\WINDOWS\System32\combase.dll
0x00007ffbbc030000 - 0x00007ffbbc110000 	C:\WINDOWS\System32\OLEAUT32.dll
0x00007ffb9df90000 - 0x00007ffb9dfd3000 	C:\WINDOWS\SYSTEM32\dbgcore.DLL
0x00007ffbb9be0000 - 0x00007ffbb9c79000 	C:\WINDOWS\System32\bcryptPrimitives.dll
0x00007ffb87be0000 - 0x00007ffb87bff000 	C:\Program Files\Java\jdk-21\bin\java.dll
0x00007ffbbb030000 - 0x00007ffbbb77d000 	C:\WINDOWS\System32\SHELL32.dll
0x00007ffbb9c80000 - 0x00007ffbb9df3000 	C:\WINDOWS\System32\wintypes.dll
0x00007ffbb6fe0000 - 0x00007ffbb7840000 	C:\WINDOWS\SYSTEM32\windows.storage.dll
0x00007ffbbaee0000 - 0x00007ffbbafd5000 	C:\WINDOWS\System32\SHCORE.dll
0x00007ffbba310000 - 0x00007ffbba37a000 	C:\WINDOWS\System32\shlwapi.dll
0x00007ffbb9350000 - 0x00007ffbb9379000 	C:\WINDOWS\SYSTEM32\profapi.dll
0x00007ffb3c190000 - 0x00007ffb3c267000 	C:\Program Files\Java\jdk-21\bin\jsvml.dll
0x00007ffb87bd0000 - 0x00007ffb87be0000 	C:\Program Files\Java\jdk-21\bin\net.dll
0x00007ffbb32e0000 - 0x00007ffbb33fe000 	C:\WINDOWS\SYSTEM32\WINHTTP.dll
0x00007ffbb8740000 - 0x00007ffbb87ab000 	C:\WINDOWS\system32\mswsock.dll
0x00007ffb87b50000 - 0x00007ffb87b66000 	C:\Program Files\Java\jdk-21\bin\nio.dll
0x00007ffb87b30000 - 0x00007ffb87b48000 	C:\Program Files\Java\jdk-21\bin\zip.dll
0x00007ffb870f0000 - 0x00007ffb87114000 	C:\Users\tejas\.m2\wrapper\dists\apache-maven-3.9.10\a38810a491b03367137adfdfbe7d14c4\lib\jansi-native\Windows\x86_64\jansi.dll
0x00007ffb87bc0000 - 0x00007ffb87bd0000 	C:\Program Files\Java\jdk-21\bin\verify.dll
0x00007ffbb82e0000 - 0x00007ffbb8316000 	C:\WINDOWS\SYSTEM32\ntmarta.dll
0x00007ffbb8a00000 - 0x00007ffbb8a1b000 	C:\WINDOWS\SYSTEM32\CRYPTSP.dll
0x00007ffbb80f0000 - 0x00007ffbb812b000 	C:\WINDOWS\system32\rsaenh.dll
0x00007ffbb87e0000 - 0x00007ffbb880b000 	C:\WINDOWS\SYSTEM32\USERENV.dll
0x00007ffbb9320000 - 0x00007ffbb9346000 	C:\WINDOWS\SYSTEM32\bcrypt.dll
0x00007ffbb8a20000 - 0x00007ffbb8a2c000 	C:\WINDOWS\SYSTEM32\CRYPTBASE.dll
0x00007ffbb7bb0000 - 0x00007ffbb7be3000 	C:\WINDOWS\SYSTEM32\IPHLPAPI.DLL
0x00007ffbbc020000 - 0x00007ffbbc02a000 	C:\WINDOWS\System32\NSI.dll
0x00007ffb87a50000 - 0x00007ffb87a5e000 	C:\Program Files\Java\jdk-21\bin\sunmscapi.dll
0x00007ffbb9430000 - 0x00007ffbb95a7000 	C:\WINDOWS\System32\CRYPT32.dll
0x00007ffbb8c20000 - 0x00007ffbb8c50000 	C:\WINDOWS\SYSTEM32\ncrypt.dll
0x00007ffbb8bd0000 - 0x00007ffbb8c0f000 	C:\WINDOWS\SYSTEM32\NTASN1.dll
0x00007ffbb7c50000 - 0x00007ffbb7d76000 	C:\WINDOWS\SYSTEM32\DNSAPI.dll
0x00007ffbb1f80000 - 0x00007ffbb1f8b000 	C:\Windows\System32\rasadhlp.dll
0x00007ffbb3a40000 - 0x00007ffbb3ac6000 	C:\WINDOWS\System32\fwpuclnt.dll
0x00007ffb877f0000 - 0x00007ffb877f9000 	C:\Program Files\Java\jdk-21\bin\extnet.dll

dbghelp: loaded successfully - version: 4.0.5 - missing functions: none
symbol engine: initialized successfully - sym options: 0x614 - pdb path: .;C:\Program Files\Java\jdk-21\bin;C:\WINDOWS\SYSTEM32;C:\WINDOWS\WinSxS\amd64_microsoft.windows.common-controls_6595b64144ccf1df_6.0.26100.4768_none_3e0c112ce331287c;C:\Program Files\Java\jdk-21\bin\server;C:\Users\tejas\.m2\wrapper\dists\apache-maven-3.9.10\a38810a491b03367137adfdfbe7d14c4\lib\jansi-native\Windows\x86_64

VM Arguments:
jvm_args: --enable-native-access=ALL-UNNAMED -Dclassworlds.conf=C:\Users\tejas\.m2\wrapper\dists\apache-maven-3.9.10\a38810a491b03367137adfdfbe7d14c4\bin\m2.conf -Dmaven.home=C:\Users\tejas\.m2\wrapper\dists\apache-maven-3.9.10\a38810a491b03367137adfdfbe7d14c4 -Dlibrary.jansi.path=C:\Users\tejas\.m2\wrapper\dists\apache-maven-3.9.10\a38810a491b03367137adfdfbe7d14c4\lib\jansi-native -Dmaven.multiModuleProjectDirectory=C:\Users\tejas\OneDrive\Desktop\travelapp_project\travelapp\travel-app-backend 
java_command: org.codehaus.plexus.classworlds.launcher.Launcher clean package
java_class_path (initial): C:\Users\tejas\.m2\wrapper\dists\apache-maven-3.9.10\a38810a491b03367137adfdfbe7d14c4\boot\plexus-classworlds-2.9.0.jar
Launcher Type: SUN_STANDARD

[Global flags]
     intx CICompilerCount                          = 4                                         {product} {ergonomic}
     uint ConcGCThreads                            = 2                                         {product} {ergonomic}
     uint G1ConcRefinementThreads                  = 8                                         {product} {ergonomic}
   size_t G1HeapRegionSize                         = 1048576                                   {product} {ergonomic}
    uintx GCDrainStackTargetSize                   = 64                                        {product} {ergonomic}
   size_t InitialHeapSize                          = 132120576                                 {product} {ergonomic}
   size_t MarkStackSize                            = 4194304                                   {product} {ergonomic}
   size_t MaxHeapSize                              = 2095054848                                {product} {ergonomic}
   size_t MaxNewSize                               = 1256194048                                {product} {ergonomic}
   size_t MinHeapDeltaBytes                        = 1048576                                   {product} {ergonomic}
   size_t MinHeapSize                              = 8388608                                   {product} {ergonomic}
    uintx NonNMethodCodeHeapSize                   = 5839372                                {pd product} {ergonomic}
    uintx NonProfiledCodeHeapSize                  = 122909434                              {pd product} {ergonomic}
    uintx ProfiledCodeHeapSize                     = 122909434                              {pd product} {ergonomic}
    uintx ReservedCodeCacheSize                    = 251658240                              {pd product} {ergonomic}
     bool SegmentedCodeCache                       = true                                      {product} {ergonomic}
   size_t SoftMaxHeapSize                          = 2095054848                             {manageable} {ergonomic}
     bool UseCompressedOops                        = true                           {product lp64_product} {ergonomic}
     bool UseG1GC                                  = true                                      {product} {ergonomic}
     bool UseLargePagesIndividualAllocation        = false                                  {pd product} {ergonomic}

Logging:
Log output configuration:
 #0: stdout all=warning uptime,level,tags foldmultilines=false
 #1: stderr all=off uptime,level,tags foldmultilines=false

Environment Variables:
PATH=C:\Program Files\Common Files\Oracle\Java\javapath;C:\WINDOWS\system32;C:\WINDOWS;C:\WINDOWS\System32\Wbem;C:\WINDOWS\System32\WindowsPowerShell\v1.0\;C:\WINDOWS\System32\OpenSSH\;C:\MinGW\bin;C:\Program Files (x86)\Windows Kits\8.1\Windows Performance Toolkit\;C:\Program Files\Git\cmd;C:\Program Files\Cloudflare\Cloudflare WARP\;C:\Program Files\MySQL\MySQL Server 8.0\bin;C:\apache-maven-3.9.10\bin;C:\Program Files\nodejs\;C:\Program Files\Docker\Docker\resources\bin;C:\Program Files\MySQL\MySQL Shell 8.0\bin\;C:\Users\tejas\AppData\Local\Microsoft\WindowsApps;C:\Users\tejas\AppData\Local\Programs\Microsoft VS Code\bin;C:\Program Files\JetBrains\IntelliJ IDEA Community Edition 2022.2.3\bin;;;C:\Users\tejas\OneDrive\Desktop\Tejas\PyCharm 2025.1.1.1\bin;;C:\Users\tejas\AppData\Roaming\npm;C:\Users\tejas\AppData\Local\Programs\Windsurf\bin
USERNAME=tejas
LANG=en_US.UTF-8
OS=Windows_NT
PROCESSOR_IDENTIFIER=Intel64 Family 6 Model 140 Stepping 1, GenuineIntel
TMP=C:\Users\tejas\AppData\Local\Temp
TEMP=C:\Users\tejas\AppData\Local\Temp




Periodic native trim disabled

---------------  S Y S T E M  ---------------

OS:
 Windows 11 , 64 bit Build 26100 (10.0.26100.4768)
OS uptime: 3 days 19:41 hours
Hyper-V role detected

CPU: total 8 (initial active 8) (4 cores per cpu, 2 threads per core) family 6 model 140 stepping 1 microcode 0x78, cx8, cmov, fxsr, ht, mmx, 3dnowpref, sse, sse2, sse3, ssse3, sse4.1, sse4.2, popcnt, lzcnt, tsc, tscinvbit, avx, avx2, aes, erms, clmul, bmi1, bmi2, adx, avx512f, avx512dq, avx512cd, avx512bw, avx512vl, sha, fma, vzeroupper, avx512_vpopcntdq, avx512_vpclmulqdq, avx512_vaes, avx512_vnni, clflush, clflushopt, clwb, avx512_vbmi2, avx512_vbmi, hv, rdtscp, rdpid, fsrm, gfni, avx512_bitalg, f16c, cet_ibt, cet_ss, avx512_ifma
Processor Information for processor 0
  Max Mhz: 2419, Current Mhz: 2419, Mhz Limit: 2419
Processor Information for processor 1
  Max Mhz: 2419, Current Mhz: 2419, Mhz Limit: 2419
Processor Information for processor 2
  Max Mhz: 2419, Current Mhz: 2419, Mhz Limit: 2419
Processor Information for processor 3
  Max Mhz: 2419, Current Mhz: 2419, Mhz Limit: 2419
Processor Information for processor 4
  Max Mhz: 2419, Current Mhz: 2419, Mhz Limit: 2419
Processor Information for processor 5
  Max Mhz: 2419, Current Mhz: 1209, Mhz Limit: 2419
Processor Information for processor 6
  Max Mhz: 2419, Current Mhz: 2419, Mhz Limit: 2419
Processor Information for processor 7
  Max Mhz: 2419, Current Mhz: 2419, Mhz Limit: 2419

Memory: 4k page, system-wide physical 7987M (649M free)
TotalPageFile size 32563M (AvailPageFile size 20M)
current process WorkingSet (physical memory assigned to process): 332M, peak: 334M
current process commit charge ("private bytes"): 359M, peak: 365M

vm_info: Java HotSpot(TM) 64-Bit Server VM (21.0.8+12-LTS-250) for windows-amd64 JRE (21.0.8+12-LTS-250), built on 2025-06-27T08:11:22Z by "mach5one" with MS VC++ 17.6 (VS2022)

END.
